2026-02-19 13:51:46,926 [toolkit.py] => config: configs/sdlora/domain.json
2026-02-19 13:51:46,926 [toolkit.py] => device: [device(type='cuda', index=3)]
2026-02-19 13:51:46,926 [toolkit.py] => debug: False
2026-02-19 13:51:46,926 [toolkit.py] => save_ckp: False
2026-02-19 13:51:46,926 [toolkit.py] => seed: 0
2026-02-19 13:51:46,926 [toolkit.py] => dataset: domainnet
2026-02-19 13:51:46,926 [toolkit.py] => data_path: data/domainnet
2026-02-19 13:51:46,926 [toolkit.py] => load: vit_base_patch16_224_in21k
2026-02-19 13:51:46,926 [toolkit.py] => init_cls: 69
2026-02-19 13:51:46,926 [toolkit.py] => increment: 69
2026-02-19 13:51:46,926 [toolkit.py] => sessions: 5
2026-02-19 13:51:46,926 [toolkit.py] => shuffle: False
2026-02-19 13:51:46,926 [toolkit.py] => method: sdlora
2026-02-19 13:51:46,926 [toolkit.py] => optimizer: adam
2026-02-19 13:51:46,926 [toolkit.py] => scheduler: cosine
2026-02-19 13:51:46,927 [toolkit.py] => epochs: 5
2026-02-19 13:51:46,927 [toolkit.py] => lrate: 0.0005
2026-02-19 13:51:46,927 [toolkit.py] => fc_lrate: 0.005
2026-02-19 13:51:46,927 [toolkit.py] => weight_decay: 0.0
2026-02-19 13:51:46,927 [toolkit.py] => batch_size: 128
2026-02-19 13:51:46,927 [toolkit.py] => rank: 30
2026-02-19 13:51:46,927 [toolkit.py] => num_workers: 16
2026-02-19 13:51:46,927 [toolkit.py] => logdir: logs/sdlora/domainnet/t5
2026-02-19 13:51:46,927 [toolkit.py] => logfilename: logs/sdlora/domainnet/t5/seed0
2026-02-19 13:51:47,245 [data_manager.py] => Class index order: 0, 1, 2, 3, 4, ..., 340, 341, 342, 343, 344
2026-02-19 13:51:53,391 [trainer.py] => ================================================================================
2026-02-19 13:51:53,461 [base.py] => Task 0 learning on class 0-69
2026-02-19 13:52:06,431 [toolkit.py] => Total params:     108,390,849
2026-02-19 13:52:06,432 [toolkit.py] => Trainable params: 1,159,002
2026-02-19 13:52:06,432 [toolkit.py] => Trainable ratio:  1.0693%
2026-02-19 14:21:19,044 [sdlora.py] => Task 0, Epoch 5/5 => Loss 0.500, Train_accy 87.04
2026-02-19 14:21:19,045 [trainer.py] => Training time: 0h 29m 25s
2026-02-19 14:21:58,709 [trainer.py] => Evaluation time: 0h 0m 39s
2026-02-19 14:21:58,709 [trainer.py] => Accuracy: {'total': 87.71, '00-68': 87.71, 'old': 0, 'new': 87.71}
2026-02-19 14:21:58,709 [trainer.py] => (curve) top1 Acc: [87.71]
2026-02-19 14:21:58,709 [trainer.py] => (curve) top1 Acc with task: [87.71]
2026-02-19 14:21:58,709 [trainer.py] => (curve) top1 Acc task: [1.0]
2026-02-19 14:21:58,709 [trainer.py] => ================================================================================
2026-02-19 14:21:58,709 [trainer.py] => ================================================================================
2026-02-19 14:21:58,761 [base.py] => Task 1 learning on class 69-138
2026-02-19 14:21:58,771 [toolkit.py] => Total params:     108,390,849
2026-02-19 14:21:58,771 [toolkit.py] => Trainable params: 1,159,002
2026-02-19 14:21:58,771 [toolkit.py] => Trainable ratio:  1.0693%
2026-02-19 14:53:19,402 [sdlora.py] => Task 1, Epoch 5/5 => Loss 0.521, Train_accy 86.51
2026-02-19 14:53:19,403 [trainer.py] => Training time: 0h 31m 20s
2026-02-19 14:54:43,637 [trainer.py] => Evaluation time: 0h 1m 24s
2026-02-19 14:54:43,637 [trainer.py] => Accuracy: {'total': 81.19, '00-68': 77.74, '69-137': 84.79, 'old': 77.74, 'new': 84.79}
2026-02-19 14:54:43,637 [trainer.py] => (curve) top1 Acc: [87.71, 81.19]
2026-02-19 14:54:43,637 [trainer.py] => (curve) top1 Acc with task: [87.71, 87.0]
2026-02-19 14:54:43,638 [trainer.py] => (curve) top1 Acc task: [1.0, 0.8852409909235239]
2026-02-19 14:54:43,638 [trainer.py] => ================================================================================
2026-02-19 14:54:43,638 [trainer.py] => ================================================================================
2026-02-19 14:54:43,699 [base.py] => Task 2 learning on class 138-207
2026-02-19 14:54:43,710 [toolkit.py] => Total params:     108,390,849
2026-02-19 14:54:43,710 [toolkit.py] => Trainable params: 1,159,002
2026-02-19 14:54:43,710 [toolkit.py] => Trainable ratio:  1.0693%
2026-02-19 15:31:51,720 [sdlora.py] => Task 2, Epoch 5/5 => Loss 0.561, Train_accy 85.19
2026-02-19 15:31:51,721 [trainer.py] => Training time: 0h 37m 8s
2026-02-19 15:34:12,243 [trainer.py] => Evaluation time: 0h 2m 20s
2026-02-19 15:34:12,243 [trainer.py] => Accuracy: {'total': 76.69, '00-68': 72.53, '69-137': 74.46, '138-206': 82.74, 'old': 73.48, 'new': 82.74}
2026-02-19 15:34:12,243 [trainer.py] => (curve) top1 Acc: [87.71, 81.19, 76.69]
2026-02-19 15:34:12,243 [trainer.py] => (curve) top1 Acc with task: [87.71, 87.0, 86.18]
2026-02-19 15:34:12,243 [trainer.py] => (curve) top1 Acc task: [1.0, 0.8852409909235239, 0.8242127909250929]
2026-02-19 15:34:12,243 [trainer.py] => ================================================================================
2026-02-19 15:34:12,243 [trainer.py] => ================================================================================
2026-02-19 15:34:12,301 [base.py] => Task 3 learning on class 207-276
2026-02-19 15:34:12,314 [toolkit.py] => Total params:     108,390,849
2026-02-19 15:34:12,314 [toolkit.py] => Trainable params: 1,159,002
2026-02-19 15:34:12,314 [toolkit.py] => Trainable ratio:  1.0693%
2026-02-19 16:13:30,309 [sdlora.py] => Task 3, Epoch 5/5 => Loss 0.507, Train_accy 86.70
2026-02-19 16:13:30,310 [trainer.py] => Training time: 0h 39m 18s
2026-02-19 16:16:52,898 [trainer.py] => Evaluation time: 0h 3m 22s
2026-02-19 16:16:52,898 [trainer.py] => Accuracy: {'total': 74.36, '00-68': 70.6, '69-137': 72.35, '138-206': 73.45, '207-275': 81.06, 'old': 72.15, 'new': 81.06}
2026-02-19 16:16:52,898 [trainer.py] => (curve) top1 Acc: [87.71, 81.19, 76.69, 74.36]
2026-02-19 16:16:52,898 [trainer.py] => (curve) top1 Acc with task: [87.71, 87.0, 86.18, 85.93]
2026-02-19 16:16:52,898 [trainer.py] => (curve) top1 Acc task: [1.0, 0.8852409909235239, 0.8242127909250929, 0.7931313547475758]
2026-02-19 16:16:52,898 [trainer.py] => ================================================================================
2026-02-19 16:16:52,898 [trainer.py] => ================================================================================
2026-02-19 16:16:52,951 [base.py] => Task 4 learning on class 276-345
2026-02-19 16:16:52,961 [toolkit.py] => Total params:     108,390,849
2026-02-19 16:16:52,961 [toolkit.py] => Trainable params: 1,159,002
2026-02-19 16:16:52,961 [toolkit.py] => Trainable ratio:  1.0693%
2026-02-19 16:58:36,212 [sdlora.py] => Task 4, Epoch 5/5 => Loss 0.499, Train_accy 87.10
2026-02-19 16:58:36,213 [trainer.py] => Training time: 0h 41m 43s
2026-02-19 17:03:11,389 [trainer.py] => Evaluation time: 0h 4m 35s
2026-02-19 17:03:11,390 [trainer.py] => Accuracy: {'total': 71.9, '00-68': 67.63, '69-137': 69.07, '138-206': 71.01, '207-275': 71.77, '276-344': 80.1, 'old': 69.88, 'new': 80.1}
2026-02-19 17:03:11,390 [trainer.py] => (curve) top1 Acc: [87.71, 81.19, 76.69, 74.36, 71.9]
2026-02-19 17:03:11,390 [trainer.py] => (curve) top1 Acc with task: [87.71, 87.0, 86.18, 85.93, 86.02]
2026-02-19 17:03:11,390 [trainer.py] => (curve) top1 Acc task: [1.0, 0.8852409909235239, 0.8242127909250929, 0.7931313547475758, 0.7593681377063115]
2026-02-19 17:03:11,390 [trainer.py] => ================================================================================
