2026-02-13 15:13:30,076 [toolkit.py] => config: configs/sdlora/cifar100.json
2026-02-13 15:13:30,077 [toolkit.py] => device: [device(type='cuda', index=0)]
2026-02-13 15:13:30,077 [toolkit.py] => debug: False
2026-02-13 15:13:30,077 [toolkit.py] => save_ckp: False
2026-02-13 15:13:30,077 [toolkit.py] => seed: 0
2026-02-13 15:13:30,077 [toolkit.py] => dataset: cifar100
2026-02-13 15:13:30,077 [toolkit.py] => data_path: data/cifar100
2026-02-13 15:13:30,077 [toolkit.py] => load: vit_base_patch16_224_in21k
2026-02-13 15:13:30,077 [toolkit.py] => init_cls: 10
2026-02-13 15:13:30,077 [toolkit.py] => increment: 10
2026-02-13 15:13:30,077 [toolkit.py] => sessions: 10
2026-02-13 15:13:30,077 [toolkit.py] => shuffle: False
2026-02-13 15:13:30,077 [toolkit.py] => method: sdlora
2026-02-13 15:13:30,077 [toolkit.py] => optimizer: adam
2026-02-13 15:13:30,077 [toolkit.py] => scheduler: cosine
2026-02-13 15:13:30,078 [toolkit.py] => epochs: 20
2026-02-13 15:13:30,078 [toolkit.py] => lrate: 0.008
2026-02-13 15:13:30,078 [toolkit.py] => weight_decay: 0.0
2026-02-13 15:13:30,078 [toolkit.py] => batch_size: 128
2026-02-13 15:13:30,078 [toolkit.py] => rank: 10
2026-02-13 15:13:30,078 [toolkit.py] => num_workers: 16
2026-02-13 15:13:30,078 [toolkit.py] => logdir: logs/sdlora/cifar100/t10
2026-02-13 15:13:30,078 [toolkit.py] => logfilename: logs/sdlora/cifar100/t10/seed0
2026-02-13 15:13:41,443 [data_manager.py] => Class index order: 0, 1, 2, 3, 4, ..., 95, 96, 97, 98, 99
2026-02-13 15:14:04,048 [trainer.py] => ================================================================================
2026-02-13 15:14:04,060 [base.py] => Task 0 learning on class 0-10
2026-02-13 15:14:45,554 [toolkit.py] => Total params:     106,359,244
2026-02-13 15:14:45,554 [toolkit.py] => Trainable params: 376,351
2026-02-13 15:14:45,554 [toolkit.py] => Trainable ratio:  0.3538%
2026-02-13 15:29:59,501 [sdlora.py] => Task 0, Epoch 20/20 => Loss 0.090, Train_accy 97.16
2026-02-13 15:29:59,502 [trainer.py] => Training time: 0h 15m 55s
2026-02-13 15:30:06,983 [trainer.py] => Evaluation time: 0h 0m 7s
2026-02-13 15:30:06,984 [trainer.py] => Accuracy: {'total': 99.5, '00-09': 99.5, 'old': 0, 'new': 99.5}
2026-02-13 15:30:06,984 [trainer.py] => (curve) top1 Acc: [99.5]
2026-02-13 15:30:06,984 [trainer.py] => (curve) top1 Acc with task: [99.5]
2026-02-13 15:30:06,984 [trainer.py] => (curve) top1 Acc task: [1.0]
2026-02-13 15:30:06,984 [trainer.py] => ================================================================================
2026-02-13 15:30:06,984 [trainer.py] => ================================================================================
2026-02-13 15:30:07,001 [base.py] => Task 1 learning on class 10-20
2026-02-13 15:30:07,014 [toolkit.py] => Total params:     106,359,244
2026-02-13 15:30:07,015 [toolkit.py] => Trainable params: 376,351
2026-02-13 15:30:07,015 [toolkit.py] => Trainable ratio:  0.3538%
2026-02-13 15:46:41,135 [sdlora.py] => Task 1, Epoch 20/20 => Loss 0.110, Train_accy 96.18
2026-02-13 15:46:41,136 [trainer.py] => Training time: 0h 16m 34s
2026-02-13 15:46:51,816 [trainer.py] => Evaluation time: 0h 0m 10s
2026-02-13 15:46:51,817 [trainer.py] => Accuracy: {'total': 94.55, '00-09': 90.6, '10-19': 98.5, 'old': 90.6, 'new': 98.5}
2026-02-13 15:46:51,817 [trainer.py] => (curve) top1 Acc: [99.5, 94.55]
2026-02-13 15:46:51,817 [trainer.py] => (curve) top1 Acc with task: [99.5, 99.05]
2026-02-13 15:46:51,817 [trainer.py] => (curve) top1 Acc task: [1.0, 0.9515]
2026-02-13 15:46:51,817 [trainer.py] => ================================================================================
2026-02-13 15:46:51,817 [trainer.py] => ================================================================================
2026-02-13 15:46:51,853 [base.py] => Task 2 learning on class 20-30
2026-02-13 15:46:51,897 [toolkit.py] => Total params:     106,359,244
2026-02-13 15:46:51,897 [toolkit.py] => Trainable params: 376,351
2026-02-13 15:46:51,897 [toolkit.py] => Trainable ratio:  0.3538%
2026-02-13 16:04:48,153 [sdlora.py] => Task 2, Epoch 20/20 => Loss 0.125, Train_accy 96.10
2026-02-13 16:04:48,154 [trainer.py] => Training time: 0h 17m 56s
2026-02-13 16:05:05,096 [trainer.py] => Evaluation time: 0h 0m 16s
2026-02-13 16:05:05,097 [trainer.py] => Accuracy: {'total': 92.8, '00-09': 86.8, '10-19': 96.3, '20-29': 95.3, 'old': 91.55, 'new': 95.3}
2026-02-13 16:05:05,097 [trainer.py] => (curve) top1 Acc: [99.5, 94.55, 92.8]
2026-02-13 16:05:05,097 [trainer.py] => (curve) top1 Acc with task: [99.5, 99.05, 98.57]
2026-02-13 16:05:05,097 [trainer.py] => (curve) top1 Acc task: [1.0, 0.9515, 0.9363333333333334]
2026-02-13 16:05:05,097 [trainer.py] => ================================================================================
2026-02-13 16:05:05,097 [trainer.py] => ================================================================================
2026-02-13 16:05:05,137 [base.py] => Task 3 learning on class 30-40
2026-02-13 16:05:05,202 [toolkit.py] => Total params:     106,359,244
2026-02-13 16:05:05,202 [toolkit.py] => Trainable params: 376,351
2026-02-13 16:05:05,202 [toolkit.py] => Trainable ratio:  0.3538%
2026-02-13 16:24:34,880 [sdlora.py] => Task 3, Epoch 20/20 => Loss 0.124, Train_accy 95.84
2026-02-13 16:24:34,882 [trainer.py] => Training time: 0h 19m 29s
2026-02-13 16:24:57,552 [trainer.py] => Evaluation time: 0h 0m 22s
2026-02-13 16:24:57,553 [trainer.py] => Accuracy: {'total': 91.45, '00-09': 85.0, '10-19': 91.4, '20-29': 94.7, '30-39': 94.7, 'old': 90.37, 'new': 94.7}
2026-02-13 16:24:57,553 [trainer.py] => (curve) top1 Acc: [99.5, 94.55, 92.8, 91.45]
2026-02-13 16:24:57,553 [trainer.py] => (curve) top1 Acc with task: [99.5, 99.05, 98.57, 98.62]
2026-02-13 16:24:57,553 [trainer.py] => (curve) top1 Acc task: [1.0, 0.9515, 0.9363333333333334, 0.922]
2026-02-13 16:24:57,553 [trainer.py] => ================================================================================
2026-02-13 16:24:57,553 [trainer.py] => ================================================================================
2026-02-13 16:24:57,577 [base.py] => Task 4 learning on class 40-50
2026-02-13 16:24:57,623 [toolkit.py] => Total params:     106,359,244
2026-02-13 16:24:57,623 [toolkit.py] => Trainable params: 376,351
2026-02-13 16:24:57,623 [toolkit.py] => Trainable ratio:  0.3538%
2026-02-13 16:45:49,359 [sdlora.py] => Task 4, Epoch 20/20 => Loss 0.120, Train_accy 95.84
2026-02-13 16:45:49,361 [trainer.py] => Training time: 0h 20m 51s
2026-02-13 16:46:18,293 [trainer.py] => Evaluation time: 0h 0m 28s
2026-02-13 16:46:18,293 [trainer.py] => Accuracy: {'total': 90.7, '00-09': 84.2, '10-19': 88.9, '20-29': 93.7, '30-39': 93.1, '40-49': 93.6, 'old': 89.98, 'new': 93.6}
2026-02-13 16:46:18,293 [trainer.py] => (curve) top1 Acc: [99.5, 94.55, 92.8, 91.45, 90.7]
2026-02-13 16:46:18,293 [trainer.py] => (curve) top1 Acc with task: [99.5, 99.05, 98.57, 98.62, 98.62]
2026-02-13 16:46:18,294 [trainer.py] => (curve) top1 Acc task: [1.0, 0.9515, 0.9363333333333334, 0.922, 0.9124]
2026-02-13 16:46:18,294 [trainer.py] => ================================================================================
2026-02-13 16:46:18,294 [trainer.py] => ================================================================================
2026-02-13 16:46:18,312 [base.py] => Task 5 learning on class 50-60
2026-02-13 16:46:18,330 [toolkit.py] => Total params:     106,359,244
2026-02-13 16:46:18,330 [toolkit.py] => Trainable params: 376,351
2026-02-13 16:46:18,330 [toolkit.py] => Trainable ratio:  0.3538%
2026-02-13 17:08:31,368 [sdlora.py] => Task 5, Epoch 20/20 => Loss 0.104, Train_accy 96.14
2026-02-13 17:08:31,371 [trainer.py] => Training time: 0h 22m 13s
2026-02-13 17:09:09,004 [trainer.py] => Evaluation time: 0h 0m 37s
2026-02-13 17:09:09,005 [trainer.py] => Accuracy: {'total': 87.9, '00-09': 77.4, '10-19': 85.2, '20-29': 91.8, '30-39': 91.0, '40-49': 91.8, '50-59': 90.2, 'old': 87.44, 'new': 90.2}
2026-02-13 17:09:09,005 [trainer.py] => (curve) top1 Acc: [99.5, 94.55, 92.8, 91.45, 90.7, 87.9]
2026-02-13 17:09:09,005 [trainer.py] => (curve) top1 Acc with task: [99.5, 99.05, 98.57, 98.62, 98.62, 98.37]
2026-02-13 17:09:09,005 [trainer.py] => (curve) top1 Acc task: [1.0, 0.9515, 0.9363333333333334, 0.922, 0.9124, 0.8853333333333333]
2026-02-13 17:09:09,006 [trainer.py] => ================================================================================
2026-02-13 17:09:09,006 [trainer.py] => ================================================================================
2026-02-13 17:09:09,035 [base.py] => Task 6 learning on class 60-70
2026-02-13 17:09:09,124 [toolkit.py] => Total params:     106,359,244
2026-02-13 17:09:09,125 [toolkit.py] => Trainable params: 376,351
2026-02-13 17:09:09,125 [toolkit.py] => Trainable ratio:  0.3538%
2026-02-13 17:32:14,537 [sdlora.py] => Task 6, Epoch 20/20 => Loss 0.117, Train_accy 96.18
2026-02-13 17:32:14,540 [trainer.py] => Training time: 0h 23m 5s
2026-02-13 17:33:03,978 [trainer.py] => Evaluation time: 0h 0m 49s
2026-02-13 17:33:03,979 [trainer.py] => Accuracy: {'total': 87.47, '00-09': 77.8, '10-19': 82.8, '20-29': 88.9, '30-39': 90.1, '40-49': 91.8, '50-59': 87.6, '60-69': 93.3, 'old': 86.5, 'new': 93.3}
2026-02-13 17:33:03,979 [trainer.py] => (curve) top1 Acc: [99.5, 94.55, 92.8, 91.45, 90.7, 87.9, 87.47]
2026-02-13 17:33:03,979 [trainer.py] => (curve) top1 Acc with task: [99.5, 99.05, 98.57, 98.62, 98.62, 98.37, 98.11]
2026-02-13 17:33:03,979 [trainer.py] => (curve) top1 Acc task: [1.0, 0.9515, 0.9363333333333334, 0.922, 0.9124, 0.8853333333333333, 0.8815714285714286]
2026-02-13 17:33:03,979 [trainer.py] => ================================================================================
2026-02-13 17:33:03,979 [trainer.py] => ================================================================================
2026-02-13 17:33:04,100 [base.py] => Task 7 learning on class 70-80
2026-02-13 17:33:04,186 [toolkit.py] => Total params:     106,359,244
2026-02-13 17:33:04,186 [toolkit.py] => Trainable params: 376,351
2026-02-13 17:33:04,187 [toolkit.py] => Trainable ratio:  0.3538%
2026-02-13 17:57:53,661 [sdlora.py] => Task 7, Epoch 20/20 => Loss 0.125, Train_accy 95.56
2026-02-13 17:57:53,663 [trainer.py] => Training time: 0h 24m 49s
2026-02-13 17:58:54,041 [trainer.py] => Evaluation time: 0h 1m 0s
2026-02-13 17:58:54,042 [trainer.py] => Accuracy: {'total': 87.34, '00-09': 77.0, '10-19': 82.7, '20-29': 87.8, '30-39': 90.3, '40-49': 92.0, '50-59': 86.8, '60-69': 91.2, '70-79': 90.9, 'old': 86.83, 'new': 90.9}
2026-02-13 17:58:54,042 [trainer.py] => (curve) top1 Acc: [99.5, 94.55, 92.8, 91.45, 90.7, 87.9, 87.47, 87.34]
2026-02-13 17:58:54,042 [trainer.py] => (curve) top1 Acc with task: [99.5, 99.05, 98.57, 98.62, 98.62, 98.37, 98.11, 98.41]
2026-02-13 17:58:54,043 [trainer.py] => (curve) top1 Acc task: [1.0, 0.9515, 0.9363333333333334, 0.922, 0.9124, 0.8853333333333333, 0.8815714285714286, 0.877875]
2026-02-13 17:58:54,043 [trainer.py] => ================================================================================
2026-02-13 17:58:54,043 [trainer.py] => ================================================================================
2026-02-13 17:58:54,128 [base.py] => Task 8 learning on class 80-90
2026-02-13 17:58:54,189 [toolkit.py] => Total params:     106,359,244
2026-02-13 17:58:54,189 [toolkit.py] => Trainable params: 376,351
2026-02-13 17:58:54,190 [toolkit.py] => Trainable ratio:  0.3538%
2026-02-13 18:25:35,840 [sdlora.py] => Task 8, Epoch 20/20 => Loss 0.118, Train_accy 95.94
2026-02-13 18:25:35,844 [trainer.py] => Training time: 0h 26m 41s
2026-02-13 18:26:43,640 [trainer.py] => Evaluation time: 0h 1m 7s
2026-02-13 18:26:43,640 [trainer.py] => Accuracy: {'total': 87.79, '00-09': 77.1, '10-19': 80.8, '20-29': 87.6, '30-39': 89.8, '40-49': 91.2, '50-59': 86.3, '60-69': 89.6, '70-79': 92.1, '80-89': 95.6, 'old': 86.81, 'new': 95.6}
2026-02-13 18:26:43,641 [trainer.py] => (curve) top1 Acc: [99.5, 94.55, 92.8, 91.45, 90.7, 87.9, 87.47, 87.34, 87.79]
2026-02-13 18:26:43,641 [trainer.py] => (curve) top1 Acc with task: [99.5, 99.05, 98.57, 98.62, 98.62, 98.37, 98.11, 98.41, 98.57]
2026-02-13 18:26:43,641 [trainer.py] => (curve) top1 Acc task: [1.0, 0.9515, 0.9363333333333334, 0.922, 0.9124, 0.8853333333333333, 0.8815714285714286, 0.877875, 0.8821111111111111]
2026-02-13 18:26:43,641 [trainer.py] => ================================================================================
2026-02-13 18:26:43,641 [trainer.py] => ================================================================================
2026-02-13 18:26:43,670 [base.py] => Task 9 learning on class 90-100
2026-02-13 18:26:43,888 [toolkit.py] => Total params:     106,359,244
2026-02-13 18:26:43,889 [toolkit.py] => Trainable params: 376,351
2026-02-13 18:26:43,889 [toolkit.py] => Trainable ratio:  0.3538%
2026-02-13 18:54:35,128 [sdlora.py] => Task 9, Epoch 20/20 => Loss 0.089, Train_accy 97.38
2026-02-13 18:54:35,130 [trainer.py] => Training time: 0h 27m 51s
2026-02-13 18:55:50,563 [trainer.py] => Evaluation time: 0h 1m 15s
2026-02-13 18:55:50,564 [trainer.py] => Accuracy: {'total': 86.87, '00-09': 76.3, '10-19': 79.8, '20-29': 86.6, '30-39': 87.6, '40-49': 88.7, '50-59': 84.7, '60-69': 89.5, '70-79': 89.7, '80-89': 93.2, '90-99': 92.6, 'old': 86.23, 'new': 92.6}
2026-02-13 18:55:50,564 [trainer.py] => (curve) top1 Acc: [99.5, 94.55, 92.8, 91.45, 90.7, 87.9, 87.47, 87.34, 87.79, 86.87]
2026-02-13 18:55:50,564 [trainer.py] => (curve) top1 Acc with task: [99.5, 99.05, 98.57, 98.62, 98.62, 98.37, 98.11, 98.41, 98.57, 98.59]
2026-02-13 18:55:50,564 [trainer.py] => (curve) top1 Acc task: [1.0, 0.9515, 0.9363333333333334, 0.922, 0.9124, 0.8853333333333333, 0.8815714285714286, 0.877875, 0.8821111111111111, 0.8724]
2026-02-13 18:55:50,565 [trainer.py] => ================================================================================
