2026-02-14 15:54:40,005 [toolkit.py] => config: configs/baseline/imagenet-r.json
2026-02-14 15:54:40,005 [toolkit.py] => device: [device(type='cuda', index=1)]
2026-02-14 15:54:40,005 [toolkit.py] => debug: False
2026-02-14 15:54:40,005 [toolkit.py] => save_ckp: False
2026-02-14 15:54:40,005 [toolkit.py] => seed: 0
2026-02-14 15:54:40,005 [toolkit.py] => dataset: imagenet-r
2026-02-14 15:54:40,005 [toolkit.py] => data_path: data/imagenet-r
2026-02-14 15:54:40,005 [toolkit.py] => load: vit_base_patch16_224_in21k
2026-02-14 15:54:40,005 [toolkit.py] => init_cls: 20
2026-02-14 15:54:40,005 [toolkit.py] => increment: 20
2026-02-14 15:54:40,005 [toolkit.py] => sessions: 10
2026-02-14 15:54:40,005 [toolkit.py] => shuffle: False
2026-02-14 15:54:40,005 [toolkit.py] => method: baseline
2026-02-14 15:54:40,006 [toolkit.py] => optimizer: adam
2026-02-14 15:54:40,006 [toolkit.py] => scheduler: cosine
2026-02-14 15:54:40,006 [toolkit.py] => epochs: 50
2026-02-14 15:54:40,006 [toolkit.py] => lrate: 0.0005
2026-02-14 15:54:40,006 [toolkit.py] => fc_lrate: 0.0005
2026-02-14 15:54:40,006 [toolkit.py] => weight_decay: 0.005
2026-02-14 15:54:40,006 [toolkit.py] => batch_size: 128
2026-02-14 15:54:40,006 [toolkit.py] => rank: 10
2026-02-14 15:54:40,006 [toolkit.py] => num_workers: 16
2026-02-14 15:54:40,006 [toolkit.py] => logdir: logs/baseline/imagenet-r/t10
2026-02-14 15:54:40,006 [toolkit.py] => logfilename: logs/baseline/imagenet-r/t10/seed0
2026-02-14 15:54:40,114 [data_manager.py] => Class index order: 0, 1, 2, 3, 4, ..., 195, 196, 197, 198, 199
2026-02-14 15:54:42,546 [trainer.py] => ================================================================================
2026-02-14 15:54:42,547 [base.py] => Task 0 learning on class 0-20
2026-02-14 15:54:42,658 [toolkit.py] => Total params:     103,487,003
2026-02-14 15:54:42,658 [toolkit.py] => Trainable params: 384,020
2026-02-14 15:54:42,658 [toolkit.py] => Trainable ratio:  0.3711%
2026-02-14 16:17:58,911 [baseline.py] => Task 0, Epoch 50/50 => Loss 0.177, Train_accy 95.51
2026-02-14 16:17:58,913 [trainer.py] => Training time: 0h 23m 16s
2026-02-14 16:18:03,976 [trainer.py] => Evaluation time: 0h 0m 5s
2026-02-14 16:18:03,980 [trainer.py] => Accuracy: {'total': 90.25, '00-19': 90.25, 'old': 0, 'new': 90.25}
2026-02-14 16:18:03,980 [trainer.py] => (curve) top1 Acc: [90.25]
2026-02-14 16:18:03,980 [trainer.py] => (curve) top1 Acc with task: [90.25]
2026-02-14 16:18:03,980 [trainer.py] => (curve) top1 Acc task: [1.0]
2026-02-14 16:18:03,980 [trainer.py] => ================================================================================
2026-02-14 16:18:03,980 [trainer.py] => ================================================================================
2026-02-14 16:18:03,983 [base.py] => Task 1 learning on class 20-40
2026-02-14 16:18:03,989 [toolkit.py] => Total params:     103,487,003
2026-02-14 16:18:03,989 [toolkit.py] => Trainable params: 384,020
2026-02-14 16:18:03,989 [toolkit.py] => Trainable ratio:  0.3711%
2026-02-14 16:43:53,221 [baseline.py] => Task 1, Epoch 50/50 => Loss 0.183, Train_accy 94.53
2026-02-14 16:43:53,222 [trainer.py] => Training time: 0h 25m 49s
2026-02-14 16:44:01,176 [trainer.py] => Evaluation time: 0h 0m 7s
2026-02-14 16:44:01,180 [trainer.py] => Accuracy: {'total': 85.51, '00-19': 81.42, '20-39': 89.17, 'old': 81.42, 'new': 89.17}
2026-02-14 16:44:01,180 [trainer.py] => (curve) top1 Acc: [90.25, 85.51]
2026-02-14 16:44:01,180 [trainer.py] => (curve) top1 Acc with task: [90.25, 90.04]
2026-02-14 16:44:01,180 [trainer.py] => (curve) top1 Acc task: [1.0, 0.9209370424597365]
2026-02-14 16:44:01,180 [trainer.py] => ================================================================================
2026-02-14 16:44:01,180 [trainer.py] => ================================================================================
2026-02-14 16:44:01,183 [base.py] => Task 2 learning on class 40-60
2026-02-14 16:44:01,189 [toolkit.py] => Total params:     103,487,003
2026-02-14 16:44:01,189 [toolkit.py] => Trainable params: 384,020
2026-02-14 16:44:01,189 [toolkit.py] => Trainable ratio:  0.3711%
2026-02-14 17:00:12,455 [baseline.py] => Task 2, Epoch 50/50 => Loss 0.238, Train_accy 92.87
2026-02-14 17:00:12,456 [trainer.py] => Training time: 0h 16m 11s
2026-02-14 17:00:22,390 [trainer.py] => Evaluation time: 0h 0m 9s
2026-02-14 17:00:22,392 [trainer.py] => Accuracy: {'total': 79.3, '00-19': 77.71, '20-39': 80.28, '40-59': 80.05, 'old': 79.06, 'new': 80.05}
2026-02-14 17:00:22,393 [trainer.py] => (curve) top1 Acc: [90.25, 85.51, 79.3]
2026-02-14 17:00:22,393 [trainer.py] => (curve) top1 Acc with task: [90.25, 90.04, 85.18]
2026-02-14 17:00:22,393 [trainer.py] => (curve) top1 Acc task: [1.0, 0.9209370424597365, 0.8751387347391787]
2026-02-14 17:00:22,393 [trainer.py] => ================================================================================
2026-02-14 17:00:22,393 [trainer.py] => ================================================================================
2026-02-14 17:00:22,395 [base.py] => Task 3 learning on class 60-80
2026-02-14 17:00:22,401 [toolkit.py] => Total params:     103,487,003
2026-02-14 17:00:22,401 [toolkit.py] => Trainable params: 384,020
2026-02-14 17:00:22,401 [toolkit.py] => Trainable ratio:  0.3711%
2026-02-14 17:21:42,422 [baseline.py] => Task 3, Epoch 50/50 => Loss 0.183, Train_accy 94.92
2026-02-14 17:21:42,423 [trainer.py] => Training time: 0h 21m 20s
2026-02-14 17:21:55,012 [trainer.py] => Evaluation time: 0h 0m 12s
2026-02-14 17:21:55,016 [trainer.py] => Accuracy: {'total': 77.21, '00-19': 74.3, '20-39': 76.81, '40-59': 74.31, '60-79': 83.02, 'old': 75.31, 'new': 83.02}
2026-02-14 17:21:55,016 [trainer.py] => (curve) top1 Acc: [90.25, 85.51, 79.3, 77.21]
2026-02-14 17:21:55,016 [trainer.py] => (curve) top1 Acc with task: [90.25, 90.04, 85.18, 85.78]
2026-02-14 17:21:55,016 [trainer.py] => (curve) top1 Acc task: [1.0, 0.9209370424597365, 0.8751387347391787, 0.8465077373483898]
2026-02-14 17:21:55,016 [trainer.py] => ================================================================================
2026-02-14 17:21:55,016 [trainer.py] => ================================================================================
2026-02-14 17:21:55,019 [base.py] => Task 4 learning on class 80-100
2026-02-14 17:21:55,025 [toolkit.py] => Total params:     103,487,003
2026-02-14 17:21:55,025 [toolkit.py] => Trainable params: 384,020
2026-02-14 17:21:55,025 [toolkit.py] => Trainable ratio:  0.3711%
2026-02-14 17:47:09,177 [baseline.py] => Task 4, Epoch 50/50 => Loss 0.199, Train_accy 94.53
2026-02-14 17:47:09,178 [trainer.py] => Training time: 0h 25m 14s
2026-02-14 17:47:24,706 [trainer.py] => Evaluation time: 0h 0m 15s
2026-02-14 17:47:24,709 [trainer.py] => Accuracy: {'total': 74.82, '00-19': 73.07, '20-39': 72.36, '40-59': 66.28, '60-79': 77.08, '80-99': 82.36, 'old': 72.61, 'new': 82.36}
2026-02-14 17:47:24,709 [trainer.py] => (curve) top1 Acc: [90.25, 85.51, 79.3, 77.21, 74.82]
2026-02-14 17:47:24,709 [trainer.py] => (curve) top1 Acc with task: [90.25, 90.04, 85.18, 85.78, 85.36]
2026-02-14 17:47:24,709 [trainer.py] => (curve) top1 Acc task: [1.0, 0.9209370424597365, 0.8751387347391787, 0.8465077373483898, 0.8044602456367163]
2026-02-14 17:47:24,709 [trainer.py] => ================================================================================
2026-02-14 17:47:24,709 [trainer.py] => ================================================================================
2026-02-14 17:47:24,712 [base.py] => Task 5 learning on class 100-120
2026-02-14 17:47:24,718 [toolkit.py] => Total params:     103,487,003
2026-02-14 17:47:24,719 [toolkit.py] => Trainable params: 384,020
2026-02-14 17:47:24,719 [toolkit.py] => Trainable ratio:  0.3711%
2026-02-14 18:07:39,549 [baseline.py] => Task 5, Epoch 50/50 => Loss 0.209, Train_accy 94.04
2026-02-14 18:07:39,550 [trainer.py] => Training time: 0h 20m 14s
2026-02-14 18:07:57,387 [trainer.py] => Evaluation time: 0h 0m 17s
2026-02-14 18:07:57,390 [trainer.py] => Accuracy: {'total': 71.12, '00-19': 67.49, '20-39': 65.83, '40-59': 63.3, '60-79': 74.19, '80-99': 74.54, '100-119': 80.72, 'old': 69.39, 'new': 80.72}
2026-02-14 18:07:57,390 [trainer.py] => (curve) top1 Acc: [90.25, 85.51, 79.3, 77.21, 74.82, 71.12]
2026-02-14 18:07:57,390 [trainer.py] => (curve) top1 Acc with task: [90.25, 90.04, 85.18, 85.78, 85.36, 84.19]
2026-02-14 18:07:57,390 [trainer.py] => (curve) top1 Acc task: [1.0, 0.9209370424597365, 0.8751387347391787, 0.8465077373483898, 0.8044602456367163, 0.7711701836119484]
2026-02-14 18:07:57,390 [trainer.py] => ================================================================================
2026-02-14 18:07:57,390 [trainer.py] => ================================================================================
2026-02-14 18:07:57,393 [base.py] => Task 6 learning on class 120-140
2026-02-14 18:07:57,399 [toolkit.py] => Total params:     103,487,003
2026-02-14 18:07:57,399 [toolkit.py] => Trainable params: 384,020
2026-02-14 18:07:57,399 [toolkit.py] => Trainable ratio:  0.3711%
2026-02-14 18:28:40,608 [baseline.py] => Task 6, Epoch 50/50 => Loss 0.278, Train_accy 92.13
2026-02-14 18:28:40,610 [trainer.py] => Training time: 0h 20m 43s
2026-02-14 18:29:01,103 [trainer.py] => Evaluation time: 0h 0m 20s
2026-02-14 18:29:01,107 [trainer.py] => Accuracy: {'total': 64.6, '00-19': 63.47, '20-39': 60.69, '40-59': 52.75, '60-79': 67.4, '80-99': 65.15, '100-119': 65.77, '120-139': 75.18, 'old': 62.95, 'new': 75.18}
2026-02-14 18:29:01,107 [trainer.py] => (curve) top1 Acc: [90.25, 85.51, 79.3, 77.21, 74.82, 71.12, 64.6]
2026-02-14 18:29:01,108 [trainer.py] => (curve) top1 Acc with task: [90.25, 90.04, 85.18, 85.78, 85.36, 84.19, 80.63]
2026-02-14 18:29:01,108 [trainer.py] => (curve) top1 Acc task: [1.0, 0.9209370424597365, 0.8751387347391787, 0.8465077373483898, 0.8044602456367163, 0.7711701836119484, 0.7052406924353806]
2026-02-14 18:29:01,108 [trainer.py] => ================================================================================
2026-02-14 18:29:01,108 [trainer.py] => ================================================================================
2026-02-14 18:29:01,110 [base.py] => Task 7 learning on class 140-160
2026-02-14 18:29:01,117 [toolkit.py] => Total params:     103,487,003
2026-02-14 18:29:01,117 [toolkit.py] => Trainable params: 384,020
2026-02-14 18:29:01,117 [toolkit.py] => Trainable ratio:  0.3711%
2026-02-14 18:45:50,576 [baseline.py] => Task 7, Epoch 50/50 => Loss 0.229, Train_accy 93.52
2026-02-14 18:45:50,577 [trainer.py] => Training time: 0h 16m 49s
2026-02-14 18:46:12,882 [trainer.py] => Evaluation time: 0h 0m 22s
2026-02-14 18:46:12,886 [trainer.py] => Accuracy: {'total': 59.98, '00-19': 57.89, '20-39': 56.94, '40-59': 48.85, '60-79': 60.78, '80-99': 60.03, '100-119': 58.38, '120-139': 65.14, '140-159': 72.81, 'old': 58.6, 'new': 72.81}
2026-02-14 18:46:12,886 [trainer.py] => (curve) top1 Acc: [90.25, 85.51, 79.3, 77.21, 74.82, 71.12, 64.6, 59.98]
2026-02-14 18:46:12,886 [trainer.py] => (curve) top1 Acc with task: [90.25, 90.04, 85.18, 85.78, 85.36, 84.19, 80.63, 77.04]
2026-02-14 18:46:12,886 [trainer.py] => (curve) top1 Acc task: [1.0, 0.9209370424597365, 0.8751387347391787, 0.8465077373483898, 0.8044602456367163, 0.7711701836119484, 0.7052406924353806, 0.660603466723732]
2026-02-14 18:46:12,886 [trainer.py] => ================================================================================
2026-02-14 18:46:12,886 [trainer.py] => ================================================================================
2026-02-14 18:46:12,889 [base.py] => Task 8 learning on class 160-180
2026-02-14 18:46:12,895 [toolkit.py] => Total params:     103,487,003
2026-02-14 18:46:12,895 [toolkit.py] => Trainable params: 384,020
2026-02-14 18:46:12,895 [toolkit.py] => Trainable ratio:  0.3711%
2026-02-14 19:08:40,172 [baseline.py] => Task 8, Epoch 50/50 => Loss 0.171, Train_accy 95.50
2026-02-14 19:08:40,173 [trainer.py] => Training time: 0h 22m 27s
2026-02-14 19:09:05,822 [trainer.py] => Evaluation time: 0h 0m 25s
2026-02-14 19:09:05,826 [trainer.py] => Accuracy: {'total': 55.8, '00-19': 50.46, '20-39': 47.64, '40-59': 41.97, '60-79': 52.97, '80-99': 52.2, '100-119': 50.09, '120-139': 58.98, '140-159': 64.91, '160-179': 82.77, 'old': 52.21, 'new': 82.77}
2026-02-14 19:09:05,826 [trainer.py] => (curve) top1 Acc: [90.25, 85.51, 79.3, 77.21, 74.82, 71.12, 64.6, 59.98, 55.8]
2026-02-14 19:09:05,826 [trainer.py] => (curve) top1 Acc with task: [90.25, 90.04, 85.18, 85.78, 85.36, 84.19, 80.63, 77.04, 75.27]
2026-02-14 19:09:05,826 [trainer.py] => (curve) top1 Acc task: [1.0, 0.9209370424597365, 0.8751387347391787, 0.8465077373483898, 0.8044602456367163, 0.7711701836119484, 0.7052406924353806, 0.660603466723732, 0.6105024556101246]
2026-02-14 19:09:05,826 [trainer.py] => ================================================================================
2026-02-14 19:09:05,826 [trainer.py] => ================================================================================
2026-02-14 19:09:05,829 [base.py] => Task 9 learning on class 180-200
2026-02-14 19:09:05,835 [toolkit.py] => Total params:     103,487,003
2026-02-14 19:09:05,835 [toolkit.py] => Trainable params: 384,020
2026-02-14 19:09:05,835 [toolkit.py] => Trainable ratio:  0.3711%
2026-02-14 19:34:28,534 [baseline.py] => Task 9, Epoch 50/50 => Loss 0.213, Train_accy 94.03
2026-02-14 19:34:28,536 [trainer.py] => Training time: 0h 25m 22s
2026-02-14 19:34:56,622 [trainer.py] => Evaluation time: 0h 0m 28s
2026-02-14 19:34:56,625 [trainer.py] => Accuracy: {'total': 57.88, '00-19': 53.1, '20-39': 52.36, '40-59': 41.74, '60-79': 54.67, '80-99': 51.35, '100-119': 51.35, '120-139': 55.11, '140-159': 53.95, '160-179': 75.68, '180-199': 81.3, 'old': 54.76, 'new': 81.3}
2026-02-14 19:34:56,625 [trainer.py] => (curve) top1 Acc: [90.25, 85.51, 79.3, 77.21, 74.82, 71.12, 64.6, 59.98, 55.8, 57.88]
2026-02-14 19:34:56,625 [trainer.py] => (curve) top1 Acc with task: [90.25, 90.04, 85.18, 85.78, 85.36, 84.19, 80.63, 77.04, 75.27, 76.28]
2026-02-14 19:34:56,625 [trainer.py] => (curve) top1 Acc task: [1.0, 0.9209370424597365, 0.8751387347391787, 0.8465077373483898, 0.8044602456367163, 0.7711701836119484, 0.7052406924353806, 0.660603466723732, 0.6105024556101246, 0.6258333333333334]
2026-02-14 19:34:56,625 [trainer.py] => ================================================================================
