2026-02-13 14:47:45,009 [toolkit.py] => config: configs/baseline/cifar100.json
2026-02-13 14:47:45,009 [toolkit.py] => device: [device(type='cuda', index=1)]
2026-02-13 14:47:45,009 [toolkit.py] => debug: False
2026-02-13 14:47:45,009 [toolkit.py] => save_ckp: False
2026-02-13 14:47:45,009 [toolkit.py] => seed: 0
2026-02-13 14:47:45,009 [toolkit.py] => dataset: cifar100
2026-02-13 14:47:45,009 [toolkit.py] => data_path: data/cifar100
2026-02-13 14:47:45,009 [toolkit.py] => load: vit_base_patch16_224_in21k
2026-02-13 14:47:45,009 [toolkit.py] => init_cls: 10
2026-02-13 14:47:45,009 [toolkit.py] => increment: 10
2026-02-13 14:47:45,010 [toolkit.py] => sessions: 10
2026-02-13 14:47:45,010 [toolkit.py] => shuffle: False
2026-02-13 14:47:45,010 [toolkit.py] => method: baseline
2026-02-13 14:47:45,010 [toolkit.py] => optimizer: adam
2026-02-13 14:47:45,010 [toolkit.py] => scheduler: cosine
2026-02-13 14:47:45,010 [toolkit.py] => epochs: 20
2026-02-13 14:47:45,010 [toolkit.py] => lrate: 0.0005
2026-02-13 14:47:45,010 [toolkit.py] => fc_lrate: 0.005
2026-02-13 14:47:45,010 [toolkit.py] => weight_decay: 0.0
2026-02-13 14:47:45,010 [toolkit.py] => batch_size: 128
2026-02-13 14:47:45,010 [toolkit.py] => rank: 10
2026-02-13 14:47:45,010 [toolkit.py] => num_workers: 16
2026-02-13 14:47:45,010 [toolkit.py] => logdir: logs/baseline/cifar100/t10
2026-02-13 14:47:45,010 [toolkit.py] => logfilename: logs/baseline/cifar100/t10/seed0
2026-02-13 14:47:46,653 [data_manager.py] => Class index order: 0, 1, 2, 3, 4, ..., 95, 96, 97, 98, 99
2026-02-13 14:47:49,144 [trainer.py] => ================================================================================
2026-02-13 14:47:49,155 [base.py] => Task 0 learning on class 0-10
2026-02-13 14:47:53,450 [toolkit.py] => Total params:     103,410,103
2026-02-13 14:47:53,451 [toolkit.py] => Trainable params: 376,330
2026-02-13 14:47:53,451 [toolkit.py] => Trainable ratio:  0.3639%
2026-02-13 15:05:07,210 [baseline.py] => Task 0, Epoch 20/20 => Loss 0.093, Train_accy 96.98
2026-02-13 15:05:07,211 [trainer.py] => Training time: 0h 17m 18s
2026-02-13 15:05:12,970 [trainer.py] => Evaluation time: 0h 0m 5s
2026-02-13 15:05:12,973 [trainer.py] => Accuracy: {'total': 99.4, '00-09': 99.4, 'old': 0, 'new': 99.4}
2026-02-13 15:05:12,973 [trainer.py] => (curve) top1 Acc: [99.4]
2026-02-13 15:05:12,973 [trainer.py] => (curve) top1 Acc with task: [99.4]
2026-02-13 15:05:12,973 [trainer.py] => (curve) top1 Acc task: [1.0]
2026-02-13 15:05:12,973 [trainer.py] => ================================================================================
2026-02-13 15:05:12,973 [trainer.py] => ================================================================================
2026-02-13 15:05:12,996 [base.py] => Task 1 learning on class 10-20
2026-02-13 15:05:13,001 [toolkit.py] => Total params:     103,410,103
2026-02-13 15:05:13,001 [toolkit.py] => Trainable params: 376,330
2026-02-13 15:05:13,001 [toolkit.py] => Trainable ratio:  0.3639%
2026-02-13 15:22:30,531 [baseline.py] => Task 1, Epoch 20/20 => Loss 0.116, Train_accy 96.32
2026-02-13 15:22:30,532 [trainer.py] => Training time: 0h 17m 17s
2026-02-13 15:22:40,769 [trainer.py] => Evaluation time: 0h 0m 10s
2026-02-13 15:22:40,772 [trainer.py] => Accuracy: {'total': 96.3, '00-09': 94.1, '10-19': 98.5, 'old': 94.1, 'new': 98.5}
2026-02-13 15:22:40,772 [trainer.py] => (curve) top1 Acc: [99.4, 96.3]
2026-02-13 15:22:40,772 [trainer.py] => (curve) top1 Acc with task: [99.4, 99.3]
2026-02-13 15:22:40,772 [trainer.py] => (curve) top1 Acc task: [1.0, 0.968]
2026-02-13 15:22:40,772 [trainer.py] => ================================================================================
2026-02-13 15:22:40,773 [trainer.py] => ================================================================================
2026-02-13 15:22:40,795 [base.py] => Task 2 learning on class 20-30
2026-02-13 15:22:40,800 [toolkit.py] => Total params:     103,410,103
2026-02-13 15:22:40,800 [toolkit.py] => Trainable params: 376,330
2026-02-13 15:22:40,800 [toolkit.py] => Trainable ratio:  0.3639%
2026-02-13 15:39:57,781 [baseline.py] => Task 2, Epoch 20/20 => Loss 0.098, Train_accy 96.58
2026-02-13 15:39:57,782 [trainer.py] => Training time: 0h 17m 17s
2026-02-13 15:40:12,407 [trainer.py] => Evaluation time: 0h 0m 14s
2026-02-13 15:40:12,409 [trainer.py] => Accuracy: {'total': 94.57, '00-09': 90.4, '10-19': 97.0, '20-29': 96.3, 'old': 93.7, 'new': 96.3}
2026-02-13 15:40:12,410 [trainer.py] => (curve) top1 Acc: [99.4, 96.3, 94.57]
2026-02-13 15:40:12,410 [trainer.py] => (curve) top1 Acc with task: [99.4, 99.3, 98.83]
2026-02-13 15:40:12,410 [trainer.py] => (curve) top1 Acc task: [1.0, 0.968, 0.9533333333333334]
2026-02-13 15:40:12,410 [trainer.py] => ================================================================================
2026-02-13 15:40:12,410 [trainer.py] => ================================================================================
2026-02-13 15:40:12,431 [base.py] => Task 3 learning on class 30-40
2026-02-13 15:40:12,436 [toolkit.py] => Total params:     103,410,103
2026-02-13 15:40:12,437 [toolkit.py] => Trainable params: 376,330
2026-02-13 15:40:12,437 [toolkit.py] => Trainable ratio:  0.3639%
2026-02-13 15:57:31,259 [baseline.py] => Task 3, Epoch 20/20 => Loss 0.111, Train_accy 96.58
2026-02-13 15:57:31,260 [trainer.py] => Training time: 0h 17m 18s
2026-02-13 15:57:50,348 [trainer.py] => Evaluation time: 0h 0m 19s
2026-02-13 15:57:50,351 [trainer.py] => Accuracy: {'total': 92.9, '00-09': 89.3, '10-19': 93.9, '20-29': 95.0, '30-39': 93.4, 'old': 92.73, 'new': 93.4}
2026-02-13 15:57:50,351 [trainer.py] => (curve) top1 Acc: [99.4, 96.3, 94.57, 92.9]
2026-02-13 15:57:50,351 [trainer.py] => (curve) top1 Acc with task: [99.4, 99.3, 98.83, 98.8]
2026-02-13 15:57:50,351 [trainer.py] => (curve) top1 Acc task: [1.0, 0.968, 0.9533333333333334, 0.9345]
2026-02-13 15:57:50,351 [trainer.py] => ================================================================================
2026-02-13 15:57:50,351 [trainer.py] => ================================================================================
2026-02-13 15:57:50,373 [base.py] => Task 4 learning on class 40-50
2026-02-13 15:57:50,380 [toolkit.py] => Total params:     103,410,103
2026-02-13 15:57:50,380 [toolkit.py] => Trainable params: 376,330
2026-02-13 15:57:50,380 [toolkit.py] => Trainable ratio:  0.3639%
2026-02-13 16:15:07,176 [baseline.py] => Task 4, Epoch 20/20 => Loss 0.116, Train_accy 96.24
2026-02-13 16:15:07,178 [trainer.py] => Training time: 0h 17m 16s
2026-02-13 16:15:30,590 [trainer.py] => Evaluation time: 0h 0m 23s
2026-02-13 16:15:30,593 [trainer.py] => Accuracy: {'total': 91.24, '00-09': 85.8, '10-19': 90.9, '20-29': 93.2, '30-39': 91.4, '40-49': 94.9, 'old': 90.32, 'new': 94.9}
2026-02-13 16:15:30,593 [trainer.py] => (curve) top1 Acc: [99.4, 96.3, 94.57, 92.9, 91.24]
2026-02-13 16:15:30,593 [trainer.py] => (curve) top1 Acc with task: [99.4, 99.3, 98.83, 98.8, 98.62]
2026-02-13 16:15:30,593 [trainer.py] => (curve) top1 Acc task: [1.0, 0.968, 0.9533333333333334, 0.9345, 0.9186]
2026-02-13 16:15:30,593 [trainer.py] => ================================================================================
2026-02-13 16:15:30,594 [trainer.py] => ================================================================================
2026-02-13 16:15:30,617 [base.py] => Task 5 learning on class 50-60
2026-02-13 16:15:30,624 [toolkit.py] => Total params:     103,410,103
2026-02-13 16:15:30,624 [toolkit.py] => Trainable params: 376,330
2026-02-13 16:15:30,624 [toolkit.py] => Trainable ratio:  0.3639%
2026-02-13 16:32:48,041 [baseline.py] => Task 5, Epoch 20/20 => Loss 0.125, Train_accy 95.54
2026-02-13 16:32:48,042 [trainer.py] => Training time: 0h 17m 17s
2026-02-13 16:33:15,846 [trainer.py] => Evaluation time: 0h 0m 27s
2026-02-13 16:33:15,849 [trainer.py] => Accuracy: {'total': 88.62, '00-09': 84.0, '10-19': 89.0, '20-29': 90.8, '30-39': 88.0, '40-49': 90.9, '50-59': 89.0, 'old': 88.54, 'new': 89.0}
2026-02-13 16:33:15,849 [trainer.py] => (curve) top1 Acc: [99.4, 96.3, 94.57, 92.9, 91.24, 88.62]
2026-02-13 16:33:15,849 [trainer.py] => (curve) top1 Acc with task: [99.4, 99.3, 98.83, 98.8, 98.62, 98.52]
2026-02-13 16:33:15,849 [trainer.py] => (curve) top1 Acc task: [1.0, 0.968, 0.9533333333333334, 0.9345, 0.9186, 0.8928333333333334]
2026-02-13 16:33:15,849 [trainer.py] => ================================================================================
2026-02-13 16:33:15,849 [trainer.py] => ================================================================================
2026-02-13 16:33:15,871 [base.py] => Task 6 learning on class 60-70
2026-02-13 16:33:15,876 [toolkit.py] => Total params:     103,410,103
2026-02-13 16:33:15,876 [toolkit.py] => Trainable params: 376,330
2026-02-13 16:33:15,876 [toolkit.py] => Trainable ratio:  0.3639%
2026-02-13 16:50:33,742 [baseline.py] => Task 6, Epoch 20/20 => Loss 0.124, Train_accy 95.48
2026-02-13 16:50:33,743 [trainer.py] => Training time: 0h 17m 17s
2026-02-13 16:51:06,061 [trainer.py] => Evaluation time: 0h 0m 32s
2026-02-13 16:51:06,064 [trainer.py] => Accuracy: {'total': 88.07, '00-09': 82.4, '10-19': 84.9, '20-29': 90.5, '30-39': 89.2, '40-49': 90.5, '50-59': 88.1, '60-69': 90.9, 'old': 87.6, 'new': 90.9}
2026-02-13 16:51:06,064 [trainer.py] => (curve) top1 Acc: [99.4, 96.3, 94.57, 92.9, 91.24, 88.62, 88.07]
2026-02-13 16:51:06,064 [trainer.py] => (curve) top1 Acc with task: [99.4, 99.3, 98.83, 98.8, 98.62, 98.52, 98.19]
2026-02-13 16:51:06,064 [trainer.py] => (curve) top1 Acc task: [1.0, 0.968, 0.9533333333333334, 0.9345, 0.9186, 0.8928333333333334, 0.8872857142857142]
2026-02-13 16:51:06,064 [trainer.py] => ================================================================================
2026-02-13 16:51:06,064 [trainer.py] => ================================================================================
2026-02-13 16:51:06,086 [base.py] => Task 7 learning on class 70-80
2026-02-13 16:51:06,092 [toolkit.py] => Total params:     103,410,103
2026-02-13 16:51:06,092 [toolkit.py] => Trainable params: 376,330
2026-02-13 16:51:06,092 [toolkit.py] => Trainable ratio:  0.3639%
2026-02-13 17:08:24,253 [baseline.py] => Task 7, Epoch 20/20 => Loss 0.113, Train_accy 96.30
2026-02-13 17:08:24,254 [trainer.py] => Training time: 0h 17m 18s
2026-02-13 17:09:00,747 [trainer.py] => Evaluation time: 0h 0m 36s
2026-02-13 17:09:00,750 [trainer.py] => Accuracy: {'total': 86.58, '00-09': 81.2, '10-19': 83.6, '20-29': 89.1, '30-39': 85.7, '40-49': 89.9, '50-59': 85.7, '60-69': 86.4, '70-79': 91.0, 'old': 85.94, 'new': 91.0}
2026-02-13 17:09:00,750 [trainer.py] => (curve) top1 Acc: [99.4, 96.3, 94.57, 92.9, 91.24, 88.62, 88.07, 86.58]
2026-02-13 17:09:00,750 [trainer.py] => (curve) top1 Acc with task: [99.4, 99.3, 98.83, 98.8, 98.62, 98.52, 98.19, 98.1]
2026-02-13 17:09:00,750 [trainer.py] => (curve) top1 Acc task: [1.0, 0.968, 0.9533333333333334, 0.9345, 0.9186, 0.8928333333333334, 0.8872857142857142, 0.871125]
2026-02-13 17:09:00,750 [trainer.py] => ================================================================================
2026-02-13 17:09:00,750 [trainer.py] => ================================================================================
2026-02-13 17:09:00,773 [base.py] => Task 8 learning on class 80-90
2026-02-13 17:09:00,779 [toolkit.py] => Total params:     103,410,103
2026-02-13 17:09:00,779 [toolkit.py] => Trainable params: 376,330
2026-02-13 17:09:00,779 [toolkit.py] => Trainable ratio:  0.3639%
2026-02-13 17:26:16,763 [baseline.py] => Task 8, Epoch 20/20 => Loss 0.098, Train_accy 96.80
2026-02-13 17:26:16,764 [trainer.py] => Training time: 0h 17m 16s
2026-02-13 17:26:57,521 [trainer.py] => Evaluation time: 0h 0m 40s
2026-02-13 17:26:57,524 [trainer.py] => Accuracy: {'total': 85.79, '00-09': 78.9, '10-19': 83.4, '20-29': 89.7, '30-39': 83.0, '40-49': 88.1, '50-59': 85.3, '60-69': 85.5, '70-79': 84.4, '80-89': 93.8, 'old': 84.79, 'new': 93.8}
2026-02-13 17:26:57,524 [trainer.py] => (curve) top1 Acc: [99.4, 96.3, 94.57, 92.9, 91.24, 88.62, 88.07, 86.58, 85.79]
2026-02-13 17:26:57,524 [trainer.py] => (curve) top1 Acc with task: [99.4, 99.3, 98.83, 98.8, 98.62, 98.52, 98.19, 98.1, 97.88]
2026-02-13 17:26:57,524 [trainer.py] => (curve) top1 Acc task: [1.0, 0.968, 0.9533333333333334, 0.9345, 0.9186, 0.8928333333333334, 0.8872857142857142, 0.871125, 0.8644444444444445]
2026-02-13 17:26:57,525 [trainer.py] => ================================================================================
2026-02-13 17:26:57,525 [trainer.py] => ================================================================================
2026-02-13 17:26:57,547 [base.py] => Task 9 learning on class 90-100
2026-02-13 17:26:57,553 [toolkit.py] => Total params:     103,410,103
2026-02-13 17:26:57,553 [toolkit.py] => Trainable params: 376,330
2026-02-13 17:26:57,553 [toolkit.py] => Trainable ratio:  0.3639%
2026-02-13 17:44:15,633 [baseline.py] => Task 9, Epoch 20/20 => Loss 0.101, Train_accy 96.78
2026-02-13 17:44:15,634 [trainer.py] => Training time: 0h 17m 18s
2026-02-13 17:45:00,996 [trainer.py] => Evaluation time: 0h 0m 45s
2026-02-13 17:45:01,000 [trainer.py] => Accuracy: {'total': 83.7, '00-09': 77.0, '10-19': 84.3, '20-29': 87.1, '30-39': 78.8, '40-49': 81.3, '50-59': 79.9, '60-69': 81.8, '70-79': 81.4, '80-89': 91.1, '90-99': 94.3, 'old': 82.52, 'new': 94.3}
2026-02-13 17:45:01,000 [trainer.py] => (curve) top1 Acc: [99.4, 96.3, 94.57, 92.9, 91.24, 88.62, 88.07, 86.58, 85.79, 83.7]
2026-02-13 17:45:01,000 [trainer.py] => (curve) top1 Acc with task: [99.4, 99.3, 98.83, 98.8, 98.62, 98.52, 98.19, 98.1, 97.88, 97.81]
2026-02-13 17:45:01,000 [trainer.py] => (curve) top1 Acc task: [1.0, 0.968, 0.9533333333333334, 0.9345, 0.9186, 0.8928333333333334, 0.8872857142857142, 0.871125, 0.8644444444444445, 0.8424]
2026-02-13 17:45:01,000 [trainer.py] => ================================================================================
