2026-02-18 14:51:06,515 [toolkit.py] => config: configs/sdlora/imagenet-r.json
2026-02-18 14:51:06,515 [toolkit.py] => device: [device(type='cuda', index=0)]
2026-02-18 14:51:06,515 [toolkit.py] => debug: False
2026-02-18 14:51:06,515 [toolkit.py] => save_ckp: False
2026-02-18 14:51:06,515 [toolkit.py] => seed: 0
2026-02-18 14:51:06,515 [toolkit.py] => dataset: imagenet-r
2026-02-18 14:51:06,515 [toolkit.py] => data_path: data/imagenet-r
2026-02-18 14:51:06,515 [toolkit.py] => load: vit_base_patch16_224_in21k
2026-02-18 14:51:06,515 [toolkit.py] => init_cls: 20
2026-02-18 14:51:06,515 [toolkit.py] => increment: 20
2026-02-18 14:51:06,515 [toolkit.py] => sessions: 10
2026-02-18 14:51:06,515 [toolkit.py] => shuffle: False
2026-02-18 14:51:06,515 [toolkit.py] => method: sdlora
2026-02-18 14:51:06,515 [toolkit.py] => optimizer: adam
2026-02-18 14:51:06,515 [toolkit.py] => scheduler: cosine
2026-02-18 14:51:06,515 [toolkit.py] => epochs: 50
2026-02-18 14:51:06,515 [toolkit.py] => lrate: 0.0005
2026-02-18 14:51:06,515 [toolkit.py] => fc_lrate: 0.005
2026-02-18 14:51:06,515 [toolkit.py] => weight_decay: 0.0
2026-02-18 14:51:06,515 [toolkit.py] => batch_size: 128
2026-02-18 14:51:06,515 [toolkit.py] => rank: 10
2026-02-18 14:51:06,515 [toolkit.py] => num_workers: 16
2026-02-18 14:51:06,515 [toolkit.py] => logdir: logs/sdlora/imagenet-r/t10
2026-02-18 14:51:06,515 [toolkit.py] => logfilename: logs/sdlora/imagenet-r/t10/seed0
2026-02-18 14:51:06,674 [data_manager.py] => Class index order: 0, 1, 2, 3, 4, ..., 195, 196, 197, 198, 199
2026-02-18 14:51:13,030 [trainer.py] => ================================================================================
2026-02-18 14:51:13,032 [base.py] => Task 0 learning on class 0-20
2026-02-18 14:51:32,205 [toolkit.py] => Total params:     106,436,144
2026-02-18 14:51:32,205 [toolkit.py] => Trainable params: 384,041
2026-02-18 14:51:32,205 [toolkit.py] => Trainable ratio:  0.3608%
2026-02-18 15:05:53,595 [sdlora.py] => Task 0, Epoch 50/50 => Loss 0.127, Train_accy 96.09
2026-02-18 15:05:53,596 [trainer.py] => Training time: 0h 14m 40s
2026-02-18 15:05:58,804 [trainer.py] => Evaluation time: 0h 0m 5s
2026-02-18 15:05:58,804 [trainer.py] => Accuracy: {'total': 87.77, '00-19': 87.77, 'old': 0, 'new': 87.77}
2026-02-18 15:05:58,804 [trainer.py] => (curve) top1 Acc: [87.77]
2026-02-18 15:05:58,804 [trainer.py] => (curve) top1 Acc with task: [87.77]
2026-02-18 15:05:58,804 [trainer.py] => (curve) top1 Acc task: [1.0]
2026-02-18 15:05:58,804 [trainer.py] => ================================================================================
2026-02-18 15:05:58,804 [trainer.py] => ================================================================================
2026-02-18 15:05:58,807 [base.py] => Task 1 learning on class 20-40
2026-02-18 15:05:58,827 [toolkit.py] => Total params:     106,436,144
2026-02-18 15:05:58,827 [toolkit.py] => Trainable params: 384,041
2026-02-18 15:05:58,827 [toolkit.py] => Trainable ratio:  0.3608%
2026-02-18 15:22:56,831 [sdlora.py] => Task 1, Epoch 50/50 => Loss 0.111, Train_accy 96.74
2026-02-18 15:22:56,832 [trainer.py] => Training time: 0h 16m 58s
2026-02-18 15:23:03,659 [trainer.py] => Evaluation time: 0h 0m 6s
2026-02-18 15:23:03,659 [trainer.py] => Accuracy: {'total': 83.82, '00-19': 79.41, '20-39': 87.78, 'old': 79.41, 'new': 87.78}
2026-02-18 15:23:03,660 [trainer.py] => (curve) top1 Acc: [87.77, 83.82]
2026-02-18 15:23:03,660 [trainer.py] => (curve) top1 Acc with task: [87.77, 88.43]
2026-02-18 15:23:03,660 [trainer.py] => (curve) top1 Acc task: [1.0, 0.9114202049780381]
2026-02-18 15:23:03,660 [trainer.py] => ================================================================================
2026-02-18 15:23:03,660 [trainer.py] => ================================================================================
2026-02-18 15:23:03,662 [base.py] => Task 2 learning on class 40-60
2026-02-18 15:23:03,684 [toolkit.py] => Total params:     106,436,144
2026-02-18 15:23:03,684 [toolkit.py] => Trainable params: 384,041
2026-02-18 15:23:03,684 [toolkit.py] => Trainable ratio:  0.3608%
2026-02-18 15:35:10,249 [sdlora.py] => Task 2, Epoch 50/50 => Loss 0.094, Train_accy 97.24
2026-02-18 15:35:10,250 [trainer.py] => Training time: 0h 12m 6s
2026-02-18 15:35:18,725 [trainer.py] => Evaluation time: 0h 0m 8s
2026-02-18 15:35:18,726 [trainer.py] => Accuracy: {'total': 76.08, '00-19': 76.01, '20-39': 80.56, '40-59': 68.81, 'old': 78.4, 'new': 68.81}
2026-02-18 15:35:18,726 [trainer.py] => (curve) top1 Acc: [87.77, 83.82, 76.08]
2026-02-18 15:35:18,726 [trainer.py] => (curve) top1 Acc with task: [87.77, 88.43, 84.35]
2026-02-18 15:35:18,726 [trainer.py] => (curve) top1 Acc task: [1.0, 0.9114202049780381, 0.844062153163152]
2026-02-18 15:35:18,726 [trainer.py] => ================================================================================
2026-02-18 15:35:18,726 [trainer.py] => ================================================================================
2026-02-18 15:35:18,727 [base.py] => Task 3 learning on class 60-80
2026-02-18 15:35:18,742 [toolkit.py] => Total params:     106,436,144
2026-02-18 15:35:18,742 [toolkit.py] => Trainable params: 384,041
2026-02-18 15:35:18,742 [toolkit.py] => Trainable ratio:  0.3608%
2026-02-18 15:51:46,994 [sdlora.py] => Task 3, Epoch 50/50 => Loss 0.097, Train_accy 97.06
2026-02-18 15:51:46,996 [trainer.py] => Training time: 0h 16m 28s
2026-02-18 15:51:58,444 [trainer.py] => Evaluation time: 0h 0m 11s
2026-02-18 15:51:58,444 [trainer.py] => Accuracy: {'total': 75.66, '00-19': 76.47, '20-39': 78.89, '40-59': 64.45, '60-79': 79.12, 'old': 74.53, 'new': 79.12}
2026-02-18 15:51:58,445 [trainer.py] => (curve) top1 Acc: [87.77, 83.82, 76.08, 75.66]
2026-02-18 15:51:58,445 [trainer.py] => (curve) top1 Acc with task: [87.77, 88.43, 84.35, 85.45]
2026-02-18 15:51:58,445 [trainer.py] => (curve) top1 Acc task: [1.0, 0.9114202049780381, 0.844062153163152, 0.823086574654956]
2026-02-18 15:51:58,445 [trainer.py] => ================================================================================
2026-02-18 15:51:58,445 [trainer.py] => ================================================================================
2026-02-18 15:51:58,447 [base.py] => Task 4 learning on class 80-100
2026-02-18 15:51:58,469 [toolkit.py] => Total params:     106,436,144
2026-02-18 15:51:58,469 [toolkit.py] => Trainable params: 384,041
2026-02-18 15:51:58,469 [toolkit.py] => Trainable ratio:  0.3608%
2026-02-18 16:12:28,504 [sdlora.py] => Task 4, Epoch 50/50 => Loss 0.112, Train_accy 96.34
2026-02-18 16:12:28,506 [trainer.py] => Training time: 0h 20m 30s
2026-02-18 16:12:41,599 [trainer.py] => Evaluation time: 0h 0m 13s
2026-02-18 16:12:41,599 [trainer.py] => Accuracy: {'total': 74.73, '00-19': 73.99, '20-39': 79.72, '40-59': 59.17, '60-79': 73.17, '80-99': 81.22, 'old': 72.81, 'new': 81.22}
2026-02-18 16:12:41,599 [trainer.py] => (curve) top1 Acc: [87.77, 83.82, 76.08, 75.66, 74.73]
2026-02-18 16:12:41,599 [trainer.py] => (curve) top1 Acc with task: [87.77, 88.43, 84.35, 85.45, 85.88]
2026-02-18 16:12:41,599 [trainer.py] => (curve) top1 Acc task: [1.0, 0.9114202049780381, 0.844062153163152, 0.823086574654956, 0.8063994828700711]
2026-02-18 16:12:41,599 [trainer.py] => ================================================================================
2026-02-18 16:12:41,600 [trainer.py] => ================================================================================
2026-02-18 16:12:41,602 [base.py] => Task 5 learning on class 100-120
2026-02-18 16:12:41,627 [toolkit.py] => Total params:     106,436,144
2026-02-18 16:12:41,627 [toolkit.py] => Trainable params: 384,041
2026-02-18 16:12:41,627 [toolkit.py] => Trainable ratio:  0.3608%
2026-02-18 16:30:29,125 [sdlora.py] => Task 5, Epoch 50/50 => Loss 0.106, Train_accy 96.66
2026-02-18 16:30:29,128 [trainer.py] => Training time: 0h 17m 47s
2026-02-18 16:30:45,551 [trainer.py] => Evaluation time: 0h 0m 16s
2026-02-18 16:30:45,551 [trainer.py] => Accuracy: {'total': 73.94, '00-19': 73.22, '20-39': 78.19, '40-59': 62.61, '60-79': 73.34, '80-99': 73.97, '100-119': 78.74, 'old': 73.08, 'new': 78.74}
2026-02-18 16:30:45,551 [trainer.py] => (curve) top1 Acc: [87.77, 83.82, 76.08, 75.66, 74.73, 73.94]
2026-02-18 16:30:45,551 [trainer.py] => (curve) top1 Acc with task: [87.77, 88.43, 84.35, 85.45, 85.88, 85.48]
2026-02-18 16:30:45,551 [trainer.py] => (curve) top1 Acc task: [1.0, 0.9114202049780381, 0.844062153163152, 0.823086574654956, 0.8063994828700711, 0.7930939983557139]
2026-02-18 16:30:45,551 [trainer.py] => ================================================================================
2026-02-18 16:30:45,551 [trainer.py] => ================================================================================
2026-02-18 16:30:45,554 [base.py] => Task 6 learning on class 120-140
2026-02-18 16:30:45,577 [toolkit.py] => Total params:     106,436,144
2026-02-18 16:30:45,577 [toolkit.py] => Trainable params: 384,041
2026-02-18 16:30:45,578 [toolkit.py] => Trainable ratio:  0.3608%
2026-02-18 16:50:05,532 [sdlora.py] => Task 6, Epoch 50/50 => Loss 0.114, Train_accy 96.79
2026-02-18 16:50:05,535 [trainer.py] => Training time: 0h 19m 19s
2026-02-18 16:50:24,662 [trainer.py] => Evaluation time: 0h 0m 19s
2026-02-18 16:50:24,662 [trainer.py] => Accuracy: {'total': 70.5, '00-19': 71.21, '20-39': 73.47, '40-59': 61.93, '60-79': 70.97, '80-99': 71.55, '100-119': 70.99, '120-139': 70.25, 'old': 70.54, 'new': 70.25}
2026-02-18 16:50:24,662 [trainer.py] => (curve) top1 Acc: [87.77, 83.82, 76.08, 75.66, 74.73, 73.94, 70.5]
2026-02-18 16:50:24,662 [trainer.py] => (curve) top1 Acc with task: [87.77, 88.43, 84.35, 85.45, 85.88, 85.48, 83.38]
2026-02-18 16:50:24,662 [trainer.py] => (curve) top1 Acc task: [1.0, 0.9114202049780381, 0.844062153163152, 0.823086574654956, 0.8063994828700711, 0.7930939983557139, 0.7600189708323453]
2026-02-18 16:50:24,662 [trainer.py] => ================================================================================
2026-02-18 16:50:24,663 [trainer.py] => ================================================================================
2026-02-18 16:50:24,664 [base.py] => Task 7 learning on class 140-160
2026-02-18 16:50:24,691 [toolkit.py] => Total params:     106,436,144
2026-02-18 16:50:24,692 [toolkit.py] => Trainable params: 384,041
2026-02-18 16:50:24,692 [toolkit.py] => Trainable ratio:  0.3608%
2026-02-18 17:07:06,444 [sdlora.py] => Task 7, Epoch 50/50 => Loss 0.118, Train_accy 96.43
2026-02-18 17:07:06,446 [trainer.py] => Training time: 0h 16m 41s
2026-02-18 17:07:29,181 [trainer.py] => Evaluation time: 0h 0m 22s
2026-02-18 17:07:29,182 [trainer.py] => Accuracy: {'total': 69.87, '00-19': 69.81, '20-39': 73.61, '40-59': 63.07, '60-79': 71.99, '80-99': 71.83, '100-119': 70.27, '120-139': 63.38, '140-159': 72.37, 'old': 69.6, 'new': 72.37}
2026-02-18 17:07:29,182 [trainer.py] => (curve) top1 Acc: [87.77, 83.82, 76.08, 75.66, 74.73, 73.94, 70.5, 69.87]
2026-02-18 17:07:29,182 [trainer.py] => (curve) top1 Acc with task: [87.77, 88.43, 84.35, 85.45, 85.88, 85.48, 83.38, 83.37]
2026-02-18 17:07:29,182 [trainer.py] => (curve) top1 Acc task: [1.0, 0.9114202049780381, 0.844062153163152, 0.823086574654956, 0.8063994828700711, 0.7930939983557139, 0.7600189708323453, 0.7470575647335759]
2026-02-18 17:07:29,182 [trainer.py] => ================================================================================
2026-02-18 17:07:29,182 [trainer.py] => ================================================================================
2026-02-18 17:07:29,184 [base.py] => Task 8 learning on class 160-180
2026-02-18 17:07:29,202 [toolkit.py] => Total params:     106,436,144
2026-02-18 17:07:29,202 [toolkit.py] => Trainable params: 384,041
2026-02-18 17:07:29,202 [toolkit.py] => Trainable ratio:  0.3608%
2026-02-18 17:30:30,937 [sdlora.py] => Task 8, Epoch 50/50 => Loss 0.074, Train_accy 97.87
2026-02-18 17:30:30,939 [trainer.py] => Training time: 0h 23m 1s
2026-02-18 17:30:57,311 [trainer.py] => Evaluation time: 0h 0m 26s
2026-02-18 17:30:57,312 [trainer.py] => Accuracy: {'total': 69.72, '00-19': 70.28, '20-39': 71.94, '40-59': 58.26, '60-79': 69.1, '80-99': 70.13, '100-119': 69.73, '120-139': 61.62, '140-159': 63.82, '160-179': 86.47, 'old': 67.49, 'new': 86.47}
2026-02-18 17:30:57,312 [trainer.py] => (curve) top1 Acc: [87.77, 83.82, 76.08, 75.66, 74.73, 73.94, 70.5, 69.87, 69.72]
2026-02-18 17:30:57,312 [trainer.py] => (curve) top1 Acc with task: [87.77, 88.43, 84.35, 85.45, 85.88, 85.48, 83.38, 83.37, 83.6]
2026-02-18 17:30:57,312 [trainer.py] => (curve) top1 Acc task: [1.0, 0.9114202049780381, 0.844062153163152, 0.823086574654956, 0.8063994828700711, 0.7930939983557139, 0.7600189708323453, 0.7470575647335759, 0.7425387230827352]
2026-02-18 17:30:57,312 [trainer.py] => ================================================================================
2026-02-18 17:30:57,312 [trainer.py] => ================================================================================
2026-02-18 17:30:57,315 [base.py] => Task 9 learning on class 180-200
2026-02-18 17:30:57,332 [toolkit.py] => Total params:     106,436,144
2026-02-18 17:30:57,332 [toolkit.py] => Trainable params: 384,041
2026-02-18 17:30:57,332 [toolkit.py] => Trainable ratio:  0.3608%
2026-02-18 17:58:01,491 [sdlora.py] => Task 9, Epoch 50/50 => Loss 0.110, Train_accy 97.24
2026-02-18 17:58:01,493 [trainer.py] => Training time: 0h 27m 4s
2026-02-18 17:58:30,356 [trainer.py] => Evaluation time: 0h 0m 28s
2026-02-18 17:58:30,357 [trainer.py] => Accuracy: {'total': 69.35, '00-19': 66.72, '20-39': 70.14, '40-59': 59.17, '60-79': 68.59, '80-99': 70.13, '100-119': 68.11, '120-139': 57.92, '140-159': 60.75, '160-179': 79.23, '180-199': 84.14, 'old': 67.38, 'new': 84.14}
2026-02-18 17:58:30,357 [trainer.py] => (curve) top1 Acc: [87.77, 83.82, 76.08, 75.66, 74.73, 73.94, 70.5, 69.87, 69.72, 69.35]
2026-02-18 17:58:30,357 [trainer.py] => (curve) top1 Acc with task: [87.77, 88.43, 84.35, 85.45, 85.88, 85.48, 83.38, 83.37, 83.6, 83.85]
2026-02-18 17:58:30,357 [trainer.py] => (curve) top1 Acc task: [1.0, 0.9114202049780381, 0.844062153163152, 0.823086574654956, 0.8063994828700711, 0.7930939983557139, 0.7600189708323453, 0.7470575647335759, 0.7425387230827352, 0.7333333333333333]
2026-02-18 17:58:30,357 [trainer.py] => ================================================================================
