2026-02-11 18:14:39,346 [toolkit.py] => config: configs/inflora/cifar100.json
2026-02-11 18:14:39,346 [toolkit.py] => device: [device(type='cuda', index=0)]
2026-02-11 18:14:39,346 [toolkit.py] => debug: False
2026-02-11 18:14:39,347 [toolkit.py] => save_ckp: False
2026-02-11 18:14:39,347 [toolkit.py] => seed: 0
2026-02-11 18:14:39,347 [toolkit.py] => dataset: cifar100
2026-02-11 18:14:39,347 [toolkit.py] => data_path: data/cifar100
2026-02-11 18:14:39,347 [toolkit.py] => load: vit_base_patch16_224_in21k
2026-02-11 18:14:39,347 [toolkit.py] => init_cls: 10
2026-02-11 18:14:39,347 [toolkit.py] => increment: 10
2026-02-11 18:14:39,347 [toolkit.py] => sessions: 10
2026-02-11 18:14:39,347 [toolkit.py] => shuffle: False
2026-02-11 18:14:39,347 [toolkit.py] => method: inflora
2026-02-11 18:14:39,347 [toolkit.py] => optimizer: adam
2026-02-11 18:14:39,347 [toolkit.py] => scheduler: cosine
2026-02-11 18:14:39,347 [toolkit.py] => epochs: 20
2026-02-11 18:14:39,347 [toolkit.py] => lrate: 0.0005
2026-02-11 18:14:39,347 [toolkit.py] => weight_decay: 0.0
2026-02-11 18:14:39,347 [toolkit.py] => batch_size: 128
2026-02-11 18:14:39,347 [toolkit.py] => rank: 10
2026-02-11 18:14:39,347 [toolkit.py] => num_workers: 16
2026-02-11 18:14:39,347 [toolkit.py] => lamb: 0.95
2026-02-11 18:14:39,347 [toolkit.py] => lame: 1.0
2026-02-11 18:14:39,347 [toolkit.py] => logdir: logs/inflora/cifar100/t10
2026-02-11 18:14:39,347 [toolkit.py] => logfilename: logs/inflora/cifar100/t10/seed0
2026-02-11 18:14:40,942 [data_manager.py] => Class index order: 0, 1, 2, 3, 4, ..., 95, 96, 97, 98, 99
2026-02-11 18:14:43,511 [trainer.py] => ================================================================================
2026-02-11 18:14:43,522 [base.py] => Task 0 learning on class 0-10
2026-02-11 18:14:47,623 [toolkit.py] => Total params:     106,359,223
2026-02-11 18:14:47,623 [toolkit.py] => Trainable params: 192,010
2026-02-11 18:14:47,623 [toolkit.py] => Trainable ratio:  0.1805%
2026-02-11 18:31:25,346 [inflora.py] => Task 0, Epoch 20/20 => Loss 0.129, Train_accy 95.42
2026-02-11 18:31:51,742 [trainer.py] => Training time: 0h 17m 8s
2026-02-11 18:31:57,544 [trainer.py] => Evaluation time: 0h 0m 5s
2026-02-11 18:31:57,544 [trainer.py] => Accuracy: {'total': 98.4, '00-09': 98.4, 'old': 0, 'new': 98.4}
2026-02-11 18:31:57,544 [trainer.py] => (curve) top1 Acc: [98.4]
2026-02-11 18:31:57,544 [trainer.py] => (curve) top1 Acc with task: [98.4]
2026-02-11 18:31:57,544 [trainer.py] => (curve) top1 Acc task: [1.0]
2026-02-11 18:31:57,545 [trainer.py] => ================================================================================
2026-02-11 18:31:57,545 [trainer.py] => ================================================================================
2026-02-11 18:31:57,564 [base.py] => Task 1 learning on class 10-20
2026-02-11 18:31:57,577 [toolkit.py] => Total params:     106,359,223
2026-02-11 18:31:57,577 [toolkit.py] => Trainable params: 192,010
2026-02-11 18:31:57,577 [toolkit.py] => Trainable ratio:  0.1805%
2026-02-11 18:48:36,127 [inflora.py] => Task 1, Epoch 20/20 => Loss 0.084, Train_accy 97.22
2026-02-11 18:49:04,810 [trainer.py] => Training time: 0h 17m 7s
2026-02-11 18:49:15,109 [trainer.py] => Evaluation time: 0h 0m 10s
2026-02-11 18:49:15,110 [trainer.py] => Accuracy: {'total': 94.7, '00-09': 91.5, '10-19': 97.9, 'old': 91.5, 'new': 97.9}
2026-02-11 18:49:15,110 [trainer.py] => (curve) top1 Acc: [98.4, 94.7]
2026-02-11 18:49:15,110 [trainer.py] => (curve) top1 Acc with task: [98.4, 98.6]
2026-02-11 18:49:15,110 [trainer.py] => (curve) top1 Acc task: [1.0, 0.9555]
2026-02-11 18:49:15,110 [trainer.py] => ================================================================================
2026-02-11 18:49:15,110 [trainer.py] => ================================================================================
2026-02-11 18:49:15,136 [base.py] => Task 2 learning on class 20-30
2026-02-11 18:49:15,149 [toolkit.py] => Total params:     106,359,223
2026-02-11 18:49:15,149 [toolkit.py] => Trainable params: 192,010
2026-02-11 18:49:15,149 [toolkit.py] => Trainable ratio:  0.1805%
2026-02-11 19:05:55,061 [inflora.py] => Task 2, Epoch 20/20 => Loss 0.092, Train_accy 96.94
2026-02-11 19:06:23,475 [trainer.py] => Training time: 0h 17m 8s
2026-02-11 19:06:38,178 [trainer.py] => Evaluation time: 0h 0m 14s
2026-02-11 19:06:38,179 [trainer.py] => Accuracy: {'total': 94.07, '00-09': 91.6, '10-19': 96.3, '20-29': 94.3, 'old': 93.95, 'new': 94.3}
2026-02-11 19:06:38,179 [trainer.py] => (curve) top1 Acc: [98.4, 94.7, 94.07]
2026-02-11 19:06:38,179 [trainer.py] => (curve) top1 Acc with task: [98.4, 98.6, 98.67]
2026-02-11 19:06:38,179 [trainer.py] => (curve) top1 Acc task: [1.0, 0.9555, 0.947]
2026-02-11 19:06:38,179 [trainer.py] => ================================================================================
2026-02-11 19:06:38,179 [trainer.py] => ================================================================================
2026-02-11 19:06:38,204 [base.py] => Task 3 learning on class 30-40
2026-02-11 19:06:38,216 [toolkit.py] => Total params:     106,359,223
2026-02-11 19:06:38,216 [toolkit.py] => Trainable params: 192,010
2026-02-11 19:06:38,216 [toolkit.py] => Trainable ratio:  0.1805%
2026-02-11 19:23:18,635 [inflora.py] => Task 3, Epoch 20/20 => Loss 0.152, Train_accy 94.82
2026-02-11 19:23:47,087 [trainer.py] => Training time: 0h 17m 8s
2026-02-11 19:24:06,230 [trainer.py] => Evaluation time: 0h 0m 19s
2026-02-11 19:24:06,230 [trainer.py] => Accuracy: {'total': 93.48, '00-09': 92.0, '10-19': 95.6, '20-29': 93.8, '30-39': 92.5, 'old': 93.8, 'new': 92.5}
2026-02-11 19:24:06,230 [trainer.py] => (curve) top1 Acc: [98.4, 94.7, 94.07, 93.48]
2026-02-11 19:24:06,230 [trainer.py] => (curve) top1 Acc with task: [98.4, 98.6, 98.67, 98.45]
2026-02-11 19:24:06,230 [trainer.py] => (curve) top1 Acc task: [1.0, 0.9555, 0.947, 0.94475]
2026-02-11 19:24:06,230 [trainer.py] => ================================================================================
2026-02-11 19:24:06,231 [trainer.py] => ================================================================================
2026-02-11 19:24:06,258 [base.py] => Task 4 learning on class 40-50
2026-02-11 19:24:06,270 [toolkit.py] => Total params:     106,359,223
2026-02-11 19:24:06,271 [toolkit.py] => Trainable params: 192,010
2026-02-11 19:24:06,271 [toolkit.py] => Trainable ratio:  0.1805%
2026-02-11 19:40:47,317 [inflora.py] => Task 4, Epoch 20/20 => Loss 0.120, Train_accy 95.86
2026-02-11 19:41:15,983 [trainer.py] => Training time: 0h 17m 9s
2026-02-11 19:41:39,695 [trainer.py] => Evaluation time: 0h 0m 23s
2026-02-11 19:41:39,695 [trainer.py] => Accuracy: {'total': 92.84, '00-09': 90.7, '10-19': 94.6, '20-29': 93.5, '30-39': 90.5, '40-49': 94.9, 'old': 92.32, 'new': 94.9}
2026-02-11 19:41:39,695 [trainer.py] => (curve) top1 Acc: [98.4, 94.7, 94.07, 93.48, 92.84]
2026-02-11 19:41:39,695 [trainer.py] => (curve) top1 Acc with task: [98.4, 98.6, 98.67, 98.45, 98.22]
2026-02-11 19:41:39,695 [trainer.py] => (curve) top1 Acc task: [1.0, 0.9555, 0.947, 0.94475, 0.937]
2026-02-11 19:41:39,695 [trainer.py] => ================================================================================
2026-02-11 19:41:39,695 [trainer.py] => ================================================================================
2026-02-11 19:41:39,723 [base.py] => Task 5 learning on class 50-60
2026-02-11 19:41:39,736 [toolkit.py] => Total params:     106,359,223
2026-02-11 19:41:39,736 [toolkit.py] => Trainable params: 192,010
2026-02-11 19:41:39,736 [toolkit.py] => Trainable ratio:  0.1805%
2026-02-11 19:58:20,065 [inflora.py] => Task 5, Epoch 20/20 => Loss 0.174, Train_accy 93.72
2026-02-11 19:58:48,806 [trainer.py] => Training time: 0h 17m 9s
2026-02-11 19:59:17,212 [trainer.py] => Evaluation time: 0h 0m 28s
2026-02-11 19:59:17,212 [trainer.py] => Accuracy: {'total': 90.85, '00-09': 89.6, '10-19': 94.9, '20-29': 92.5, '30-39': 89.5, '40-49': 94.2, '50-59': 84.4, 'old': 92.14, 'new': 84.4}
2026-02-11 19:59:17,212 [trainer.py] => (curve) top1 Acc: [98.4, 94.7, 94.07, 93.48, 92.84, 90.85]
2026-02-11 19:59:17,212 [trainer.py] => (curve) top1 Acc with task: [98.4, 98.6, 98.67, 98.45, 98.22, 98.05]
2026-02-11 19:59:17,213 [trainer.py] => (curve) top1 Acc task: [1.0, 0.9555, 0.947, 0.94475, 0.937, 0.9181666666666667]
2026-02-11 19:59:17,213 [trainer.py] => ================================================================================
2026-02-11 19:59:17,213 [trainer.py] => ================================================================================
2026-02-11 19:59:17,241 [base.py] => Task 6 learning on class 60-70
2026-02-11 19:59:17,253 [toolkit.py] => Total params:     106,359,223
2026-02-11 19:59:17,253 [toolkit.py] => Trainable params: 192,010
2026-02-11 19:59:17,253 [toolkit.py] => Trainable ratio:  0.1805%
2026-02-11 20:15:57,686 [inflora.py] => Task 6, Epoch 20/20 => Loss 0.155, Train_accy 94.80
2026-02-11 20:16:26,199 [trainer.py] => Training time: 0h 17m 8s
2026-02-11 20:16:58,569 [trainer.py] => Evaluation time: 0h 0m 32s
2026-02-11 20:16:58,570 [trainer.py] => Accuracy: {'total': 90.21, '00-09': 89.0, '10-19': 93.8, '20-29': 92.7, '30-39': 89.8, '40-49': 93.2, '50-59': 82.8, '60-69': 90.2, 'old': 90.22, 'new': 90.2}
2026-02-11 20:16:58,570 [trainer.py] => (curve) top1 Acc: [98.4, 94.7, 94.07, 93.48, 92.84, 90.85, 90.21]
2026-02-11 20:16:58,570 [trainer.py] => (curve) top1 Acc with task: [98.4, 98.6, 98.67, 98.45, 98.22, 98.05, 98.0]
2026-02-11 20:16:58,570 [trainer.py] => (curve) top1 Acc task: [1.0, 0.9555, 0.947, 0.94475, 0.937, 0.9181666666666667, 0.9112857142857143]
2026-02-11 20:16:58,570 [trainer.py] => ================================================================================
2026-02-11 20:16:58,570 [trainer.py] => ================================================================================
2026-02-11 20:16:58,600 [base.py] => Task 7 learning on class 70-80
2026-02-11 20:16:58,612 [toolkit.py] => Total params:     106,359,223
2026-02-11 20:16:58,612 [toolkit.py] => Trainable params: 192,010
2026-02-11 20:16:58,612 [toolkit.py] => Trainable ratio:  0.1805%
2026-02-11 20:33:39,395 [inflora.py] => Task 7, Epoch 20/20 => Loss 0.112, Train_accy 96.44
2026-02-11 20:34:08,057 [trainer.py] => Training time: 0h 17m 9s
2026-02-11 20:34:45,299 [trainer.py] => Evaluation time: 0h 0m 37s
2026-02-11 20:34:45,299 [trainer.py] => Accuracy: {'total': 89.44, '00-09': 87.4, '10-19': 93.3, '20-29': 91.8, '30-39': 88.2, '40-49': 92.1, '50-59': 80.4, '60-69': 89.7, '70-79': 92.6, 'old': 88.99, 'new': 92.6}
2026-02-11 20:34:45,299 [trainer.py] => (curve) top1 Acc: [98.4, 94.7, 94.07, 93.48, 92.84, 90.85, 90.21, 89.44]
2026-02-11 20:34:45,299 [trainer.py] => (curve) top1 Acc with task: [98.4, 98.6, 98.67, 98.45, 98.22, 98.05, 98.0, 98.26]
2026-02-11 20:34:45,299 [trainer.py] => (curve) top1 Acc task: [1.0, 0.9555, 0.947, 0.94475, 0.937, 0.9181666666666667, 0.9112857142857143, 0.901125]
2026-02-11 20:34:45,299 [trainer.py] => ================================================================================
2026-02-11 20:34:45,299 [trainer.py] => ================================================================================
2026-02-11 20:34:45,329 [base.py] => Task 8 learning on class 80-90
2026-02-11 20:34:45,341 [toolkit.py] => Total params:     106,359,223
2026-02-11 20:34:45,341 [toolkit.py] => Trainable params: 192,010
2026-02-11 20:34:45,341 [toolkit.py] => Trainable ratio:  0.1805%
2026-02-11 20:51:26,986 [inflora.py] => Task 8, Epoch 20/20 => Loss 0.129, Train_accy 95.56
2026-02-11 20:51:55,915 [trainer.py] => Training time: 0h 17m 10s
2026-02-11 20:52:37,422 [trainer.py] => Evaluation time: 0h 0m 41s
2026-02-11 20:52:37,422 [trainer.py] => Accuracy: {'total': 87.83, '00-09': 86.9, '10-19': 92.9, '20-29': 91.9, '30-39': 87.1, '40-49': 92.0, '50-59': 77.1, '60-69': 88.4, '70-79': 91.4, '80-89': 82.8, 'old': 88.46, 'new': 82.8}
2026-02-11 20:52:37,422 [trainer.py] => (curve) top1 Acc: [98.4, 94.7, 94.07, 93.48, 92.84, 90.85, 90.21, 89.44, 87.83]
2026-02-11 20:52:37,422 [trainer.py] => (curve) top1 Acc with task: [98.4, 98.6, 98.67, 98.45, 98.22, 98.05, 98.0, 98.26, 98.32]
2026-02-11 20:52:37,422 [trainer.py] => (curve) top1 Acc task: [1.0, 0.9555, 0.947, 0.94475, 0.937, 0.9181666666666667, 0.9112857142857143, 0.901125, 0.8842222222222222]
2026-02-11 20:52:37,423 [trainer.py] => ================================================================================
2026-02-11 20:52:37,423 [trainer.py] => ================================================================================
2026-02-11 20:52:37,451 [base.py] => Task 9 learning on class 90-100
2026-02-11 20:52:37,464 [toolkit.py] => Total params:     106,359,223
2026-02-11 20:52:37,464 [toolkit.py] => Trainable params: 192,010
2026-02-11 20:52:37,464 [toolkit.py] => Trainable ratio:  0.1805%
2026-02-11 21:09:19,195 [inflora.py] => Task 9, Epoch 20/20 => Loss 0.145, Train_accy 94.78
2026-02-11 21:09:47,841 [trainer.py] => Training time: 0h 17m 10s
2026-02-11 21:10:33,966 [trainer.py] => Evaluation time: 0h 0m 46s
2026-02-11 21:10:33,966 [trainer.py] => Accuracy: {'total': 86.44, '00-09': 86.3, '10-19': 93.4, '20-29': 91.2, '30-39': 86.9, '40-49': 91.5, '50-59': 77.2, '60-69': 88.1, '70-79': 91.6, '80-89': 81.6, '90-99': 76.6, 'old': 87.53, 'new': 76.6}
2026-02-11 21:10:33,966 [trainer.py] => (curve) top1 Acc: [98.4, 94.7, 94.07, 93.48, 92.84, 90.85, 90.21, 89.44, 87.83, 86.44]
2026-02-11 21:10:33,966 [trainer.py] => (curve) top1 Acc with task: [98.4, 98.6, 98.67, 98.45, 98.22, 98.05, 98.0, 98.26, 98.32, 98.14]
2026-02-11 21:10:33,966 [trainer.py] => (curve) top1 Acc task: [1.0, 0.9555, 0.947, 0.94475, 0.937, 0.9181666666666667, 0.9112857142857143, 0.901125, 0.8842222222222222, 0.8708]
2026-02-11 21:10:33,966 [trainer.py] => ================================================================================
