2026-02-14 18:13:52,902 [toolkit.py] => config: configs/ewclora/imagenet-r.json
2026-02-14 18:13:52,902 [toolkit.py] => device: [device(type='cuda', index=0)]
2026-02-14 18:13:52,902 [toolkit.py] => debug: False
2026-02-14 18:13:52,902 [toolkit.py] => save_ckp: False
2026-02-14 18:13:52,902 [toolkit.py] => seed: 0
2026-02-14 18:13:52,902 [toolkit.py] => dataset: imagenet-r
2026-02-14 18:13:52,902 [toolkit.py] => data_path: data/imagenet-r
2026-02-14 18:13:52,902 [toolkit.py] => load: vit_base_patch16_224_in21k
2026-02-14 18:13:52,902 [toolkit.py] => init_cls: 20
2026-02-14 18:13:52,902 [toolkit.py] => increment: 20
2026-02-14 18:13:52,902 [toolkit.py] => sessions: 10
2026-02-14 18:13:52,902 [toolkit.py] => shuffle: False
2026-02-14 18:13:52,902 [toolkit.py] => method: ewclora
2026-02-14 18:13:52,902 [toolkit.py] => optimizer: adam
2026-02-14 18:13:52,902 [toolkit.py] => scheduler: cosine
2026-02-14 18:13:52,903 [toolkit.py] => epochs: 50
2026-02-14 18:13:52,903 [toolkit.py] => lrate: 0.0005
2026-02-14 18:13:52,903 [toolkit.py] => fc_lrate: 0.0005
2026-02-14 18:13:52,903 [toolkit.py] => weight_decay: 0.005
2026-02-14 18:13:52,903 [toolkit.py] => batch_size: 128
2026-02-14 18:13:52,903 [toolkit.py] => rank: 10
2026-02-14 18:13:52,903 [toolkit.py] => num_workers: 16
2026-02-14 18:13:52,903 [toolkit.py] => gamma: 1.0
2026-02-14 18:13:52,903 [toolkit.py] => lambda: 10000000.0
2026-02-14 18:13:52,903 [toolkit.py] => logdir: logs/ewclora/imagenet-r/t10
2026-02-14 18:13:52,903 [toolkit.py] => logfilename: logs/ewclora/imagenet-r/t10/seed0
2026-02-14 18:13:53,009 [data_manager.py] => Class index order: 0, 1, 2, 3, 4, ..., 195, 196, 197, 198, 199
2026-02-14 18:13:55,338 [trainer.py] => ================================================================================
2026-02-14 18:13:55,340 [base.py] => Task 0 learning on class 0-20
2026-02-14 18:13:55,451 [toolkit.py] => Total params:     103,487,003
2026-02-14 18:13:55,451 [toolkit.py] => Trainable params: 384,020
2026-02-14 18:13:55,451 [toolkit.py] => Trainable ratio:  0.3711%
2026-02-14 18:39:14,214 [ewclora.py] => Task 0, Epoch 50/50 => Loss 0.178, Train_accy 95.44
2026-02-14 18:39:14,215 [trainer.py] => Training time: 0h 25m 18s
2026-02-14 18:39:19,133 [trainer.py] => Evaluation time: 0h 0m 4s
2026-02-14 18:39:49,003 [trainer.py] => Accuracy: {'total': 90.09, '00-19': 90.09, 'old': 0, 'new': 90.09}
2026-02-14 18:39:49,003 [trainer.py] => (curve) top1 Acc: [90.09]
2026-02-14 18:39:49,003 [trainer.py] => (curve) top1 Acc with task: [90.09]
2026-02-14 18:39:49,003 [trainer.py] => (curve) top1 Acc task: [1.0]
2026-02-14 18:39:49,003 [trainer.py] => ================================================================================
2026-02-14 18:39:49,003 [trainer.py] => ================================================================================
2026-02-14 18:39:49,007 [base.py] => Task 1 learning on class 20-40
2026-02-14 18:39:49,014 [toolkit.py] => Total params:     103,487,003
2026-02-14 18:39:49,014 [toolkit.py] => Trainable params: 384,020
2026-02-14 18:39:49,014 [toolkit.py] => Trainable ratio:  0.3711%
2026-02-14 19:07:58,513 [ewclora.py] => Task 1, Epoch 50/50 => Loss 0.246, Train_accy 93.07
2026-02-14 19:07:58,514 [trainer.py] => Training time: 0h 28m 9s
2026-02-14 19:08:06,911 [trainer.py] => Evaluation time: 0h 0m 8s
2026-02-14 19:08:39,925 [trainer.py] => Accuracy: {'total': 83.75, '00-19': 87.62, '20-39': 80.28, 'old': 87.62, 'new': 80.28}
2026-02-14 19:08:39,926 [trainer.py] => (curve) top1 Acc: [90.09, 83.75]
2026-02-14 19:08:39,926 [trainer.py] => (curve) top1 Acc with task: [90.09, 90.12]
2026-02-14 19:08:39,926 [trainer.py] => (curve) top1 Acc task: [1.0, 0.8975109809663251]
2026-02-14 19:08:39,926 [trainer.py] => ================================================================================
2026-02-14 19:08:39,926 [trainer.py] => ================================================================================
2026-02-14 19:08:39,928 [base.py] => Task 2 learning on class 40-60
2026-02-14 19:08:39,934 [toolkit.py] => Total params:     103,487,003
2026-02-14 19:08:39,934 [toolkit.py] => Trainable params: 384,020
2026-02-14 19:08:39,934 [toolkit.py] => Trainable ratio:  0.3711%
2026-02-14 19:26:18,951 [ewclora.py] => Task 2, Epoch 50/50 => Loss 0.284, Train_accy 92.01
2026-02-14 19:26:18,952 [trainer.py] => Training time: 0h 17m 39s
2026-02-14 19:26:29,519 [trainer.py] => Evaluation time: 0h 0m 10s
2026-02-14 19:26:50,022 [trainer.py] => Accuracy: {'total': 80.74, '00-19': 87.46, '20-39': 78.89, '40-59': 73.85, 'old': 82.94, 'new': 73.85}
2026-02-14 19:26:50,022 [trainer.py] => (curve) top1 Acc: [90.09, 83.75, 80.74]
2026-02-14 19:26:50,022 [trainer.py] => (curve) top1 Acc with task: [90.09, 90.12, 88.4]
2026-02-14 19:26:50,022 [trainer.py] => (curve) top1 Acc task: [1.0, 0.8975109809663251, 0.8695893451720311]
2026-02-14 19:26:50,022 [trainer.py] => ================================================================================
2026-02-14 19:26:50,022 [trainer.py] => ================================================================================
2026-02-14 19:26:50,025 [base.py] => Task 3 learning on class 60-80
2026-02-14 19:26:50,030 [toolkit.py] => Total params:     103,487,003
2026-02-14 19:26:50,031 [toolkit.py] => Trainable params: 384,020
2026-02-14 19:26:50,031 [toolkit.py] => Trainable ratio:  0.3711%
2026-02-14 19:50:00,235 [ewclora.py] => Task 3, Epoch 50/50 => Loss 0.250, Train_accy 93.17
2026-02-14 19:50:00,236 [trainer.py] => Training time: 0h 23m 10s
2026-02-14 19:50:13,400 [trainer.py] => Evaluation time: 0h 0m 13s
2026-02-14 19:50:40,581 [trainer.py] => Accuracy: {'total': 78.21, '00-19': 86.84, '20-39': 77.36, '40-59': 71.79, '60-79': 74.53, 'old': 79.41, 'new': 74.53}
2026-02-14 19:50:40,582 [trainer.py] => (curve) top1 Acc: [90.09, 83.75, 80.74, 78.21]
2026-02-14 19:50:40,582 [trainer.py] => (curve) top1 Acc with task: [90.09, 90.12, 88.4, 88.25]
2026-02-14 19:50:40,582 [trainer.py] => (curve) top1 Acc task: [1.0, 0.8975109809663251, 0.8695893451720311, 0.8306148055207027]
2026-02-14 19:50:40,582 [trainer.py] => ================================================================================
2026-02-14 19:50:40,582 [trainer.py] => ================================================================================
2026-02-14 19:50:40,585 [base.py] => Task 4 learning on class 80-100
2026-02-14 19:50:40,591 [toolkit.py] => Total params:     103,487,003
2026-02-14 19:50:40,591 [toolkit.py] => Trainable params: 384,020
2026-02-14 19:50:40,591 [toolkit.py] => Trainable ratio:  0.3711%
2026-02-14 20:18:10,852 [ewclora.py] => Task 4, Epoch 50/50 => Loss 0.255, Train_accy 93.08
2026-02-14 20:18:10,853 [trainer.py] => Training time: 0h 27m 30s
2026-02-14 20:18:27,333 [trainer.py] => Evaluation time: 0h 0m 16s
2026-02-14 20:18:59,189 [trainer.py] => Accuracy: {'total': 76.57, '00-19': 86.07, '20-39': 76.53, '40-59': 71.33, '60-79': 73.01, '80-99': 74.11, 'old': 77.29, 'new': 74.11}
2026-02-14 20:18:59,190 [trainer.py] => (curve) top1 Acc: [90.09, 83.75, 80.74, 78.21, 76.57]
2026-02-14 20:18:59,190 [trainer.py] => (curve) top1 Acc with task: [90.09, 90.12, 88.4, 88.25, 87.69]
2026-02-14 20:18:59,190 [trainer.py] => (curve) top1 Acc task: [1.0, 0.8975109809663251, 0.8695893451720311, 0.8306148055207027, 0.81060116354234]
2026-02-14 20:18:59,190 [trainer.py] => ================================================================================
2026-02-14 20:18:59,190 [trainer.py] => ================================================================================
2026-02-14 20:18:59,193 [base.py] => Task 5 learning on class 100-120
2026-02-14 20:18:59,198 [toolkit.py] => Total params:     103,487,003
2026-02-14 20:18:59,199 [toolkit.py] => Trainable params: 384,020
2026-02-14 20:18:59,199 [toolkit.py] => Trainable ratio:  0.3711%
2026-02-14 20:41:00,661 [ewclora.py] => Task 5, Epoch 50/50 => Loss 0.246, Train_accy 93.09
2026-02-14 20:41:00,662 [trainer.py] => Training time: 0h 22m 1s
2026-02-14 20:41:19,875 [trainer.py] => Evaluation time: 0h 0m 19s
2026-02-14 20:41:45,690 [trainer.py] => Accuracy: {'total': 75.88, '00-19': 85.45, '20-39': 75.97, '40-59': 71.56, '60-79': 72.67, '80-99': 73.68, '100-119': 74.23, 'old': 76.18, 'new': 74.23}
2026-02-14 20:41:45,691 [trainer.py] => (curve) top1 Acc: [90.09, 83.75, 80.74, 78.21, 76.57, 75.88]
2026-02-14 20:41:45,691 [trainer.py] => (curve) top1 Acc with task: [90.09, 90.12, 88.4, 88.25, 87.69, 87.42]
2026-02-14 20:41:45,691 [trainer.py] => (curve) top1 Acc task: [1.0, 0.8975109809663251, 0.8695893451720311, 0.8306148055207027, 0.81060116354234, 0.8010413812003289]
2026-02-14 20:41:45,691 [trainer.py] => ================================================================================
2026-02-14 20:41:45,691 [trainer.py] => ================================================================================
2026-02-14 20:41:45,694 [base.py] => Task 6 learning on class 120-140
2026-02-14 20:41:45,699 [toolkit.py] => Total params:     103,487,003
2026-02-14 20:41:45,699 [toolkit.py] => Trainable params: 384,020
2026-02-14 20:41:45,699 [toolkit.py] => Trainable ratio:  0.3711%
2026-02-14 21:04:22,639 [ewclora.py] => Task 6, Epoch 50/50 => Loss 0.337, Train_accy 90.72
2026-02-14 21:04:22,640 [trainer.py] => Training time: 0h 22m 36s
2026-02-14 21:04:44,333 [trainer.py] => Evaluation time: 0h 0m 21s
2026-02-14 21:05:10,752 [trainer.py] => Accuracy: {'total': 73.87, '00-19': 84.52, '20-39': 74.86, '40-59': 70.41, '60-79': 72.16, '80-99': 73.26, '100-119': 73.33, '120-139': 66.2, 'old': 75.06, 'new': 66.2}
2026-02-14 21:05:10,752 [trainer.py] => (curve) top1 Acc: [90.09, 83.75, 80.74, 78.21, 76.57, 75.88, 73.87]
2026-02-14 21:05:10,752 [trainer.py] => (curve) top1 Acc with task: [90.09, 90.12, 88.4, 88.25, 87.69, 87.42, 86.44]
2026-02-14 21:05:10,752 [trainer.py] => (curve) top1 Acc task: [1.0, 0.8975109809663251, 0.8695893451720311, 0.8306148055207027, 0.81060116354234, 0.8010413812003289, 0.7806497510078255]
2026-02-14 21:05:10,752 [trainer.py] => ================================================================================
2026-02-14 21:05:10,752 [trainer.py] => ================================================================================
2026-02-14 21:05:10,755 [base.py] => Task 7 learning on class 140-160
2026-02-14 21:05:10,760 [toolkit.py] => Total params:     103,487,003
2026-02-14 21:05:10,761 [toolkit.py] => Trainable params: 384,020
2026-02-14 21:05:10,761 [toolkit.py] => Trainable ratio:  0.3711%
2026-02-14 21:23:30,967 [ewclora.py] => Task 7, Epoch 50/50 => Loss 0.297, Train_accy 90.94
2026-02-14 21:23:30,968 [trainer.py] => Training time: 0h 18m 20s
2026-02-14 21:23:54,667 [trainer.py] => Evaluation time: 0h 0m 23s
2026-02-14 21:24:16,278 [trainer.py] => Accuracy: {'total': 72.84, '00-19': 83.59, '20-39': 74.44, '40-59': 70.64, '60-79': 72.16, '80-99': 72.97, '100-119': 72.97, '120-139': 64.79, '140-159': 67.76, 'old': 73.39, 'new': 67.76}
2026-02-14 21:24:16,278 [trainer.py] => (curve) top1 Acc: [90.09, 83.75, 80.74, 78.21, 76.57, 75.88, 73.87, 72.84]
2026-02-14 21:24:16,278 [trainer.py] => (curve) top1 Acc with task: [90.09, 90.12, 88.4, 88.25, 87.69, 87.42, 86.44, 86.09]
2026-02-14 21:24:16,278 [trainer.py] => (curve) top1 Acc task: [1.0, 0.8975109809663251, 0.8695893451720311, 0.8306148055207027, 0.81060116354234, 0.8010413812003289, 0.7806497510078255, 0.7695270704044511]
2026-02-14 21:24:16,278 [trainer.py] => ================================================================================
2026-02-14 21:24:16,278 [trainer.py] => ================================================================================
2026-02-14 21:24:16,281 [base.py] => Task 8 learning on class 160-180
2026-02-14 21:24:16,287 [toolkit.py] => Total params:     103,487,003
2026-02-14 21:24:16,287 [toolkit.py] => Trainable params: 384,020
2026-02-14 21:24:16,287 [toolkit.py] => Trainable ratio:  0.3711%
2026-02-14 21:48:43,879 [ewclora.py] => Task 8, Epoch 50/50 => Loss 0.192, Train_accy 94.62
2026-02-14 21:48:43,880 [trainer.py] => Training time: 0h 24m 27s
2026-02-14 21:49:11,224 [trainer.py] => Evaluation time: 0h 0m 27s
2026-02-14 21:49:40,390 [trainer.py] => Accuracy: {'total': 73.23, '00-19': 83.59, '20-39': 74.31, '40-59': 70.41, '60-79': 70.97, '80-99': 72.55, '100-119': 72.61, '120-139': 62.68, '140-159': 65.57, '160-179': 81.96, 'old': 72.07, 'new': 81.96}
2026-02-14 21:49:40,391 [trainer.py] => (curve) top1 Acc: [90.09, 83.75, 80.74, 78.21, 76.57, 75.88, 73.87, 72.84, 73.23]
2026-02-14 21:49:40,391 [trainer.py] => (curve) top1 Acc with task: [90.09, 90.12, 88.4, 88.25, 87.69, 87.42, 86.44, 86.09, 86.82]
2026-02-14 21:49:40,391 [trainer.py] => (curve) top1 Acc task: [1.0, 0.8975109809663251, 0.8695893451720311, 0.8306148055207027, 0.81060116354234, 0.8010413812003289, 0.7806497510078255, 0.7695270704044511, 0.7674726105024556]
2026-02-14 21:49:40,391 [trainer.py] => ================================================================================
2026-02-14 21:49:40,391 [trainer.py] => ================================================================================
2026-02-14 21:49:40,394 [base.py] => Task 9 learning on class 180-200
2026-02-14 21:49:40,399 [toolkit.py] => Total params:     103,487,003
2026-02-14 21:49:40,399 [toolkit.py] => Trainable params: 384,020
2026-02-14 21:49:40,400 [toolkit.py] => Trainable ratio:  0.3711%
2026-02-14 22:17:17,710 [ewclora.py] => Task 9, Epoch 50/50 => Loss 0.275, Train_accy 93.04
2026-02-14 22:17:17,711 [trainer.py] => Training time: 0h 27m 37s
2026-02-14 22:17:47,753 [trainer.py] => Evaluation time: 0h 0m 30s
2026-02-14 22:18:20,302 [trainer.py] => Accuracy: {'total': 73.03, '00-19': 83.59, '20-39': 74.03, '40-59': 70.41, '60-79': 70.97, '80-99': 72.26, '100-119': 72.25, '120-139': 60.92, '140-159': 64.47, '160-179': 81.64, '180-199': 74.79, 'old': 72.8, 'new': 74.79}
2026-02-14 22:18:20,303 [trainer.py] => (curve) top1 Acc: [90.09, 83.75, 80.74, 78.21, 76.57, 75.88, 73.87, 72.84, 73.23, 73.03]
2026-02-14 22:18:20,303 [trainer.py] => (curve) top1 Acc with task: [90.09, 90.12, 88.4, 88.25, 87.69, 87.42, 86.44, 86.09, 86.82, 86.97]
2026-02-14 22:18:20,303 [trainer.py] => (curve) top1 Acc task: [1.0, 0.8975109809663251, 0.8695893451720311, 0.8306148055207027, 0.81060116354234, 0.8010413812003289, 0.7806497510078255, 0.7695270704044511, 0.7674726105024556, 0.7636666666666667]
2026-02-14 22:18:20,303 [trainer.py] => ================================================================================
