2026-02-12 11:24:56,395 [toolkit.py] => config: configs/inflora/imagenet-r.json
2026-02-12 11:24:56,395 [toolkit.py] => device: [device(type='cuda', index=0)]
2026-02-12 11:24:56,395 [toolkit.py] => debug: False
2026-02-12 11:24:56,395 [toolkit.py] => save_ckp: False
2026-02-12 11:24:56,395 [toolkit.py] => seed: 0
2026-02-12 11:24:56,395 [toolkit.py] => dataset: imagenet-r
2026-02-12 11:24:56,395 [toolkit.py] => data_path: data/imagenet-r
2026-02-12 11:24:56,395 [toolkit.py] => load: vit_base_patch16_224_in21k
2026-02-12 11:24:56,395 [toolkit.py] => init_cls: 20
2026-02-12 11:24:56,395 [toolkit.py] => increment: 20
2026-02-12 11:24:56,395 [toolkit.py] => sessions: 10
2026-02-12 11:24:56,395 [toolkit.py] => shuffle: False
2026-02-12 11:24:56,395 [toolkit.py] => method: inflora
2026-02-12 11:24:56,396 [toolkit.py] => optimizer: adam
2026-02-12 11:24:56,396 [toolkit.py] => scheduler: cosine
2026-02-12 11:24:56,396 [toolkit.py] => epochs: 50
2026-02-12 11:24:56,396 [toolkit.py] => lrate: 0.0005
2026-02-12 11:24:56,396 [toolkit.py] => weight_decay: 0.0
2026-02-12 11:24:56,396 [toolkit.py] => batch_size: 128
2026-02-12 11:24:56,396 [toolkit.py] => rank: 10
2026-02-12 11:24:56,396 [toolkit.py] => num_workers: 16
2026-02-12 11:24:56,396 [toolkit.py] => lamb: 0.98
2026-02-12 11:24:56,396 [toolkit.py] => lame: 1.0
2026-02-12 11:24:56,396 [toolkit.py] => logdir: logs/inflora/imagenet-r/t10
2026-02-12 11:24:56,396 [toolkit.py] => logfilename: logs/inflora/imagenet-r/t10/seed0
2026-02-12 11:26:00,248 [data_manager.py] => Class index order: 0, 1, 2, 3, 4, ..., 195, 196, 197, 198, 199
2026-02-12 11:26:03,019 [trainer.py] => ================================================================================
2026-02-12 11:26:03,022 [base.py] => Task 0 learning on class 0-20
2026-02-12 11:26:07,149 [toolkit.py] => Total params:     106,436,123
2026-02-12 11:26:07,149 [toolkit.py] => Trainable params: 199,700
2026-02-12 11:26:07,149 [toolkit.py] => Trainable ratio:  0.1876%
2026-02-12 11:46:50,276 [inflora.py] => Task 0, Epoch 50/50 => Loss 0.121, Train_accy 96.59
2026-02-12 11:47:06,816 [trainer.py] => Training time: 0h 21m 3s
2026-02-12 11:47:11,478 [trainer.py] => Evaluation time: 0h 0m 4s
2026-02-12 11:47:11,478 [trainer.py] => Accuracy: {'total': 94.01, '00-19': 94.01, 'old': 0, 'new': 94.01}
2026-02-12 11:47:11,478 [trainer.py] => (curve) top1 Acc: [94.01]
2026-02-12 11:47:11,478 [trainer.py] => (curve) top1 Acc with task: [94.01]
2026-02-12 11:47:11,478 [trainer.py] => (curve) top1 Acc task: [1.0]
2026-02-12 11:47:11,478 [trainer.py] => ================================================================================
2026-02-12 11:47:11,478 [trainer.py] => ================================================================================
2026-02-12 11:47:11,483 [base.py] => Task 1 learning on class 20-40
2026-02-12 11:47:11,498 [toolkit.py] => Total params:     106,436,123
2026-02-12 11:47:11,498 [toolkit.py] => Trainable params: 199,700
2026-02-12 11:47:11,498 [toolkit.py] => Trainable ratio:  0.1876%
2026-02-12 12:07:22,005 [inflora.py] => Task 1, Epoch 50/50 => Loss 0.162, Train_accy 95.82
2026-02-12 12:07:40,820 [trainer.py] => Training time: 0h 20m 29s
2026-02-12 12:07:48,599 [trainer.py] => Evaluation time: 0h 0m 7s
2026-02-12 12:07:48,600 [trainer.py] => Accuracy: {'total': 89.32, '00-19': 90.85, '20-39': 87.74, 'old': 90.85, 'new': 87.74}
2026-02-12 12:07:48,600 [trainer.py] => (curve) top1 Acc: [94.01, 89.32]
2026-02-12 12:07:48,600 [trainer.py] => (curve) top1 Acc with task: [94.01, 93.47]
2026-02-12 12:07:48,600 [trainer.py] => (curve) top1 Acc task: [1.0, 0.9279661016949152]
2026-02-12 12:07:48,600 [trainer.py] => ================================================================================
2026-02-12 12:07:48,600 [trainer.py] => ================================================================================
2026-02-12 12:07:48,604 [base.py] => Task 2 learning on class 40-60
2026-02-12 12:07:48,619 [toolkit.py] => Total params:     106,436,123
2026-02-12 12:07:48,619 [toolkit.py] => Trainable params: 199,700
2026-02-12 12:07:48,619 [toolkit.py] => Trainable ratio:  0.1876%
2026-02-12 12:30:55,940 [inflora.py] => Task 2, Epoch 50/50 => Loss 0.192, Train_accy 94.32
2026-02-12 12:31:14,460 [trainer.py] => Training time: 0h 23m 25s
2026-02-12 12:31:24,730 [trainer.py] => Evaluation time: 0h 0m 10s
2026-02-12 12:31:24,731 [trainer.py] => Accuracy: {'total': 85.93, '00-19': 87.69, '20-39': 86.7, '40-59': 83.7, 'old': 87.2, 'new': 83.7}
2026-02-12 12:31:24,731 [trainer.py] => (curve) top1 Acc: [94.01, 89.32, 85.93]
2026-02-12 12:31:24,731 [trainer.py] => (curve) top1 Acc with task: [94.01, 93.47, 91.86]
2026-02-12 12:31:24,731 [trainer.py] => (curve) top1 Acc task: [1.0, 0.9279661016949152, 0.8970350404312668]
2026-02-12 12:31:24,731 [trainer.py] => ================================================================================
2026-02-12 12:31:24,731 [trainer.py] => ================================================================================
2026-02-12 12:31:24,735 [base.py] => Task 3 learning on class 60-80
2026-02-12 12:31:24,748 [toolkit.py] => Total params:     106,436,123
2026-02-12 12:31:24,748 [toolkit.py] => Trainable params: 199,700
2026-02-12 12:31:24,748 [toolkit.py] => Trainable ratio:  0.1876%
2026-02-12 12:52:48,651 [inflora.py] => Task 3, Epoch 50/50 => Loss 0.170, Train_accy 95.07
2026-02-12 12:53:06,148 [trainer.py] => Training time: 0h 21m 41s
2026-02-12 12:53:19,727 [trainer.py] => Evaluation time: 0h 0m 13s
2026-02-12 12:53:19,728 [trainer.py] => Accuracy: {'total': 82.84, '00-19': 85.52, '20-39': 84.97, '40-59': 79.85, '60-79': 81.48, 'old': 83.29, 'new': 81.48}
2026-02-12 12:53:19,728 [trainer.py] => (curve) top1 Acc: [94.01, 89.32, 85.93, 82.84]
2026-02-12 12:53:19,728 [trainer.py] => (curve) top1 Acc with task: [94.01, 93.47, 91.86, 91.48]
2026-02-12 12:53:19,728 [trainer.py] => (curve) top1 Acc task: [1.0, 0.9279661016949152, 0.8970350404312668, 0.8667205169628432]
2026-02-12 12:53:19,728 [trainer.py] => ================================================================================
2026-02-12 12:53:19,728 [trainer.py] => ================================================================================
2026-02-12 12:53:19,731 [base.py] => Task 4 learning on class 80-100
2026-02-12 12:53:19,745 [toolkit.py] => Total params:     106,436,123
2026-02-12 12:53:19,745 [toolkit.py] => Trainable params: 199,700
2026-02-12 12:53:19,745 [toolkit.py] => Trainable ratio:  0.1876%
2026-02-12 13:12:09,292 [inflora.py] => Task 4, Epoch 50/50 => Loss 0.172, Train_accy 94.85
2026-02-12 13:12:25,314 [trainer.py] => Training time: 0h 19m 5s
2026-02-12 13:12:40,752 [trainer.py] => Evaluation time: 0h 0m 15s
2026-02-12 13:12:40,752 [trainer.py] => Accuracy: {'total': 82.11, '00-19': 84.69, '20-39': 84.28, '40-59': 78.96, '60-79': 79.71, '80-99': 83.61, 'old': 81.79, 'new': 83.61}
2026-02-12 13:12:40,752 [trainer.py] => (curve) top1 Acc: [94.01, 89.32, 85.93, 82.84, 82.11]
2026-02-12 13:12:40,752 [trainer.py] => (curve) top1 Acc with task: [94.01, 93.47, 91.86, 91.48, 91.84]
2026-02-12 13:12:40,752 [trainer.py] => (curve) top1 Acc task: [1.0, 0.9279661016949152, 0.8970350404312668, 0.8667205169628432, 0.8503153003650846]
2026-02-12 13:12:40,752 [trainer.py] => ================================================================================
2026-02-12 13:12:40,752 [trainer.py] => ================================================================================
2026-02-12 13:12:40,756 [base.py] => Task 5 learning on class 100-120
2026-02-12 13:12:40,770 [toolkit.py] => Total params:     106,436,123
2026-02-12 13:12:40,770 [toolkit.py] => Trainable params: 199,700
2026-02-12 13:12:40,770 [toolkit.py] => Trainable ratio:  0.1876%
2026-02-12 13:34:00,467 [inflora.py] => Task 5, Epoch 50/50 => Loss 0.158, Train_accy 95.54
2026-02-12 13:34:17,903 [trainer.py] => Training time: 0h 21m 37s
2026-02-12 13:34:36,047 [trainer.py] => Evaluation time: 0h 0m 18s
2026-02-12 13:34:36,047 [trainer.py] => Accuracy: {'total': 81.23, '00-19': 84.53, '20-39': 84.11, '40-59': 77.19, '60-79': 78.42, '80-99': 82.31, '100-119': 81.66, 'old': 81.15, 'new': 81.66}
2026-02-12 13:34:36,047 [trainer.py] => (curve) top1 Acc: [94.01, 89.32, 85.93, 82.84, 82.11, 81.23]
2026-02-12 13:34:36,047 [trainer.py] => (curve) top1 Acc with task: [94.01, 93.47, 91.86, 91.48, 91.84, 92.06]
2026-02-12 13:34:36,047 [trainer.py] => (curve) top1 Acc task: [1.0, 0.9279661016949152, 0.8970350404312668, 0.8667205169628432, 0.8503153003650846, 0.8360429870487738]
2026-02-12 13:34:36,047 [trainer.py] => ================================================================================
2026-02-12 13:34:36,047 [trainer.py] => ================================================================================
2026-02-12 13:34:36,052 [base.py] => Task 6 learning on class 120-140
2026-02-12 13:34:36,065 [toolkit.py] => Total params:     106,436,123
2026-02-12 13:34:36,065 [toolkit.py] => Trainable params: 199,700
2026-02-12 13:34:36,066 [toolkit.py] => Trainable ratio:  0.1876%
2026-02-12 13:55:40,645 [inflora.py] => Task 6, Epoch 50/50 => Loss 0.195, Train_accy 93.94
2026-02-12 13:55:58,028 [trainer.py] => Training time: 0h 21m 21s
2026-02-12 13:56:18,845 [trainer.py] => Evaluation time: 0h 0m 20s
2026-02-12 13:56:18,846 [trainer.py] => Accuracy: {'total': 79.77, '00-19': 84.36, '20-39': 83.42, '40-59': 76.59, '60-79': 77.29, '80-99': 78.21, '100-119': 79.55, '120-139': 79.41, 'old': 79.83, 'new': 79.41}
2026-02-12 13:56:18,846 [trainer.py] => (curve) top1 Acc: [94.01, 89.32, 85.93, 82.84, 82.11, 81.23, 79.77]
2026-02-12 13:56:18,846 [trainer.py] => (curve) top1 Acc with task: [94.01, 93.47, 91.86, 91.48, 91.84, 92.06, 92.41]
2026-02-12 13:56:18,846 [trainer.py] => (curve) top1 Acc task: [1.0, 0.9279661016949152, 0.8970350404312668, 0.8667205169628432, 0.8503153003650846, 0.8360429870487738, 0.8170242867248291]
2026-02-12 13:56:18,846 [trainer.py] => ================================================================================
2026-02-12 13:56:18,846 [trainer.py] => ================================================================================
2026-02-12 13:56:18,849 [base.py] => Task 7 learning on class 140-160
2026-02-12 13:56:18,863 [toolkit.py] => Total params:     106,436,123
2026-02-12 13:56:18,863 [toolkit.py] => Trainable params: 199,700
2026-02-12 13:56:18,863 [toolkit.py] => Trainable ratio:  0.1876%
2026-02-12 14:16:21,404 [inflora.py] => Task 7, Epoch 50/50 => Loss 0.184, Train_accy 94.44
2026-02-12 14:16:38,464 [trainer.py] => Training time: 0h 20m 19s
2026-02-12 14:17:01,810 [trainer.py] => Evaluation time: 0h 0m 23s
2026-02-12 14:17:01,811 [trainer.py] => Accuracy: {'total': 77.29, '00-19': 83.19, '20-39': 81.17, '40-59': 75.85, '60-79': 74.24, '80-99': 75.42, '100-119': 75.16, '120-139': 79.25, '140-159': 74.13, 'old': 77.72, 'new': 74.13}
2026-02-12 14:17:01,811 [trainer.py] => (curve) top1 Acc: [94.01, 89.32, 85.93, 82.84, 82.11, 81.23, 79.77, 77.29]
2026-02-12 14:17:01,811 [trainer.py] => (curve) top1 Acc with task: [94.01, 93.47, 91.86, 91.48, 91.84, 92.06, 92.41, 91.9]
2026-02-12 14:17:01,811 [trainer.py] => (curve) top1 Acc task: [1.0, 0.9279661016949152, 0.8970350404312668, 0.8667205169628432, 0.8503153003650846, 0.8360429870487738, 0.8170242867248291, 0.7911563213618434]
2026-02-12 14:17:01,811 [trainer.py] => ================================================================================
2026-02-12 14:17:01,811 [trainer.py] => ================================================================================
2026-02-12 14:17:01,815 [base.py] => Task 8 learning on class 160-180
2026-02-12 14:17:01,829 [toolkit.py] => Total params:     106,436,123
2026-02-12 14:17:01,829 [toolkit.py] => Trainable params: 199,700
2026-02-12 14:17:01,829 [toolkit.py] => Trainable ratio:  0.1876%
2026-02-12 14:37:47,973 [inflora.py] => Task 8, Epoch 50/50 => Loss 0.156, Train_accy 95.98
2026-02-12 14:38:05,359 [trainer.py] => Training time: 0h 21m 3s
2026-02-12 14:38:31,535 [trainer.py] => Evaluation time: 0h 0m 26s
2026-02-12 14:38:31,535 [trainer.py] => Accuracy: {'total': 76.4, '00-19': 82.2, '20-39': 80.48, '40-59': 74.37, '60-79': 73.75, '80-99': 74.3, '100-119': 74.51, '120-139': 77.29, '140-159': 71.7, '160-179': 79.1, 'old': 76.06, 'new': 79.1}
2026-02-12 14:38:31,536 [trainer.py] => (curve) top1 Acc: [94.01, 89.32, 85.93, 82.84, 82.11, 81.23, 79.77, 77.29, 76.4]
2026-02-12 14:38:31,536 [trainer.py] => (curve) top1 Acc with task: [94.01, 93.47, 91.86, 91.48, 91.84, 92.06, 92.41, 91.9, 92.0]
2026-02-12 14:38:31,536 [trainer.py] => (curve) top1 Acc task: [1.0, 0.9279661016949152, 0.8970350404312668, 0.8667205169628432, 0.8503153003650846, 0.8360429870487738, 0.8170242867248291, 0.7911563213618434, 0.7763619575253924]
2026-02-12 14:38:31,536 [trainer.py] => ================================================================================
2026-02-12 14:38:31,536 [trainer.py] => ================================================================================
2026-02-12 14:38:31,540 [base.py] => Task 9 learning on class 180-200
2026-02-12 14:38:31,553 [toolkit.py] => Total params:     106,436,123
2026-02-12 14:38:31,553 [toolkit.py] => Trainable params: 199,700
2026-02-12 14:38:31,554 [toolkit.py] => Trainable ratio:  0.1876%
2026-02-12 14:58:57,753 [inflora.py] => Task 9, Epoch 50/50 => Loss 0.156, Train_accy 95.40
2026-02-12 14:59:15,083 [trainer.py] => Training time: 0h 20m 43s
2026-02-12 14:59:43,854 [trainer.py] => Evaluation time: 0h 0m 28s
2026-02-12 14:59:43,854 [trainer.py] => Accuracy: {'total': 76.77, '00-19': 82.53, '20-39': 80.83, '40-59': 73.33, '60-79': 73.27, '80-99': 73.93, '100-119': 75.0, '120-139': 78.59, '140-159': 71.18, '160-179': 78.76, '180-199': 80.51, 'old': 76.36, 'new': 80.51}
2026-02-12 14:59:43,855 [trainer.py] => (curve) top1 Acc: [94.01, 89.32, 85.93, 82.84, 82.11, 81.23, 79.77, 77.29, 76.4, 76.77]
2026-02-12 14:59:43,855 [trainer.py] => (curve) top1 Acc with task: [94.01, 93.47, 91.86, 91.48, 91.84, 92.06, 92.41, 91.9, 92.0, 92.37]
2026-02-12 14:59:43,855 [trainer.py] => (curve) top1 Acc task: [1.0, 0.9279661016949152, 0.8970350404312668, 0.8667205169628432, 0.8503153003650846, 0.8360429870487738, 0.8170242867248291, 0.7911563213618434, 0.7763619575253924, 0.781]
2026-02-12 14:59:43,855 [trainer.py] => ================================================================================
