2026-02-17 15:37:03,666 [toolkit.py] => config: configs/baseline/imagenet-a.json
2026-02-17 15:37:03,666 [toolkit.py] => device: [device(type='cuda', index=0)]
2026-02-17 15:37:03,666 [toolkit.py] => debug: False
2026-02-17 15:37:03,666 [toolkit.py] => save_ckp: False
2026-02-17 15:37:03,666 [toolkit.py] => seed: 0
2026-02-17 15:37:03,666 [toolkit.py] => dataset: imagenet-a
2026-02-17 15:37:03,666 [toolkit.py] => data_path: data/imagenet-a
2026-02-17 15:37:03,666 [toolkit.py] => load: vit_base_patch16_224_in21k
2026-02-17 15:37:03,666 [toolkit.py] => init_cls: 20
2026-02-17 15:37:03,666 [toolkit.py] => increment: 20
2026-02-17 15:37:03,666 [toolkit.py] => sessions: 10
2026-02-17 15:37:03,666 [toolkit.py] => shuffle: False
2026-02-17 15:37:03,666 [toolkit.py] => method: baseline
2026-02-17 15:37:03,666 [toolkit.py] => optimizer: adam
2026-02-17 15:37:03,667 [toolkit.py] => scheduler: cosine
2026-02-17 15:37:03,667 [toolkit.py] => epochs: 20
2026-02-17 15:37:03,667 [toolkit.py] => lrate: 0.0005
2026-02-17 15:37:03,667 [toolkit.py] => fc_lrate: 0.005
2026-02-17 15:37:03,667 [toolkit.py] => weight_decay: 0.0
2026-02-17 15:37:03,667 [toolkit.py] => batch_size: 128
2026-02-17 15:37:03,667 [toolkit.py] => rank: 10
2026-02-17 15:37:03,667 [toolkit.py] => num_workers: 16
2026-02-17 15:37:03,667 [toolkit.py] => logdir: logs/baseline/imagenet-a/t10
2026-02-17 15:37:03,667 [toolkit.py] => logfilename: logs/baseline/imagenet-a/t10/seed0
2026-02-17 15:37:03,703 [data_manager.py] => Class index order: 0, 1, 2, 3, 4, ..., 195, 196, 197, 198, 199
2026-02-17 15:37:06,274 [trainer.py] => ================================================================================
2026-02-17 15:37:06,276 [base.py] => Task 0 learning on class 0-20
2026-02-17 15:37:10,252 [toolkit.py] => Total params:     103,487,003
2026-02-17 15:37:10,252 [toolkit.py] => Trainable params: 384,020
2026-02-17 15:37:10,252 [toolkit.py] => Trainable ratio:  0.3711%
2026-02-17 15:41:48,668 [baseline.py] => Task 0, Epoch 20/20 => Loss 0.240, Train_accy 93.06
2026-02-17 15:41:48,669 [trainer.py] => Training time: 0h 4m 42s
2026-02-17 15:41:51,887 [trainer.py] => Evaluation time: 0h 0m 3s
2026-02-17 15:41:51,890 [trainer.py] => Accuracy: {'total': 84.66, '00-19': 84.66, 'old': 0, 'new': 84.66}
2026-02-17 15:41:51,890 [trainer.py] => (curve) top1 Acc: [84.66]
2026-02-17 15:41:51,891 [trainer.py] => (curve) top1 Acc with task: [84.66]
2026-02-17 15:41:51,891 [trainer.py] => (curve) top1 Acc task: [1.0]
2026-02-17 15:41:51,891 [trainer.py] => ================================================================================
2026-02-17 15:41:51,891 [trainer.py] => ================================================================================
2026-02-17 15:41:51,893 [base.py] => Task 1 learning on class 20-40
2026-02-17 15:41:51,900 [toolkit.py] => Total params:     103,487,003
2026-02-17 15:41:51,900 [toolkit.py] => Trainable params: 384,020
2026-02-17 15:41:51,900 [toolkit.py] => Trainable ratio:  0.3711%
2026-02-17 15:45:41,447 [baseline.py] => Task 1, Epoch 20/20 => Loss 0.142, Train_accy 95.20
2026-02-17 15:45:41,448 [trainer.py] => Training time: 0h 3m 49s
2026-02-17 15:45:45,765 [trainer.py] => Evaluation time: 0h 0m 4s
2026-02-17 15:45:45,768 [trainer.py] => Accuracy: {'total': 79.43, '00-19': 78.91, '20-39': 80.08, 'old': 78.91, 'new': 80.08}
2026-02-17 15:45:45,768 [trainer.py] => (curve) top1 Acc: [84.66, 79.43]
2026-02-17 15:45:45,768 [trainer.py] => (curve) top1 Acc with task: [84.66, 87.59]
2026-02-17 15:45:45,768 [trainer.py] => (curve) top1 Acc task: [1.0, 0.875886524822695]
2026-02-17 15:45:45,768 [trainer.py] => ================================================================================
2026-02-17 15:45:45,768 [trainer.py] => ================================================================================
2026-02-17 15:45:45,770 [base.py] => Task 2 learning on class 40-60
2026-02-17 15:45:45,776 [toolkit.py] => Total params:     103,487,003
2026-02-17 15:45:45,776 [toolkit.py] => Trainable params: 384,020
2026-02-17 15:45:45,776 [toolkit.py] => Trainable ratio:  0.3711%
2026-02-17 15:49:36,279 [baseline.py] => Task 2, Epoch 20/20 => Loss 0.164, Train_accy 95.30
2026-02-17 15:49:36,280 [trainer.py] => Training time: 0h 3m 50s
2026-02-17 15:49:41,700 [trainer.py] => Evaluation time: 0h 0m 5s
2026-02-17 15:49:41,703 [trainer.py] => Accuracy: {'total': 71.78, '00-19': 75.4, '20-39': 75.3, '40-59': 63.75, 'old': 75.35, 'new': 63.75}
2026-02-17 15:49:41,703 [trainer.py] => (curve) top1 Acc: [84.66, 79.43, 71.78]
2026-02-17 15:49:41,703 [trainer.py] => (curve) top1 Acc with task: [84.66, 87.59, 82.82]
2026-02-17 15:49:41,703 [trainer.py] => (curve) top1 Acc task: [1.0, 0.875886524822695, 0.8171779141104294]
2026-02-17 15:49:41,703 [trainer.py] => ================================================================================
2026-02-17 15:49:41,703 [trainer.py] => ================================================================================
2026-02-17 15:49:41,705 [base.py] => Task 3 learning on class 60-80
2026-02-17 15:49:41,711 [toolkit.py] => Total params:     103,487,003
2026-02-17 15:49:41,711 [toolkit.py] => Trainable params: 384,020
2026-02-17 15:49:41,711 [toolkit.py] => Trainable ratio:  0.3711%
2026-02-17 15:52:13,392 [baseline.py] => Task 3, Epoch 20/20 => Loss 0.126, Train_accy 95.90
2026-02-17 15:52:13,393 [trainer.py] => Training time: 0h 2m 31s
2026-02-17 15:52:19,439 [trainer.py] => Evaluation time: 0h 0m 6s
2026-02-17 15:52:19,443 [trainer.py] => Accuracy: {'total': 68.74, '00-19': 69.33, '20-39': 73.31, '40-59': 59.36, '60-79': 75.5, 'old': 67.48, 'new': 75.5}
2026-02-17 15:52:19,444 [trainer.py] => (curve) top1 Acc: [84.66, 79.43, 71.78, 68.74]
2026-02-17 15:52:19,444 [trainer.py] => (curve) top1 Acc with task: [84.66, 87.59, 82.82, 83.95]
2026-02-17 15:52:19,444 [trainer.py] => (curve) top1 Acc task: [1.0, 0.875886524822695, 0.8171779141104294, 0.7556935817805382]
2026-02-17 15:52:19,444 [trainer.py] => ================================================================================
2026-02-17 15:52:19,444 [trainer.py] => ================================================================================
2026-02-17 15:52:19,445 [base.py] => Task 4 learning on class 80-100
2026-02-17 15:52:19,451 [toolkit.py] => Total params:     103,487,003
2026-02-17 15:52:19,451 [toolkit.py] => Trainable params: 384,020
2026-02-17 15:52:19,451 [toolkit.py] => Trainable ratio:  0.3711%
2026-02-17 15:54:14,778 [baseline.py] => Task 4, Epoch 20/20 => Loss 0.135, Train_accy 96.24
2026-02-17 15:54:14,779 [trainer.py] => Training time: 0h 1m 55s
2026-02-17 15:54:21,224 [trainer.py] => Evaluation time: 0h 0m 6s
2026-02-17 15:54:21,227 [trainer.py] => Accuracy: {'total': 63.76, '00-19': 67.09, '20-39': 71.71, '40-59': 56.18, '60-79': 73.51, '80-99': 38.24, 'old': 66.46, 'new': 38.24}
2026-02-17 15:54:21,227 [trainer.py] => (curve) top1 Acc: [84.66, 79.43, 71.78, 68.74, 63.76]
2026-02-17 15:54:21,227 [trainer.py] => (curve) top1 Acc with task: [84.66, 87.59, 82.82, 83.95, 79.59]
2026-02-17 15:54:21,227 [trainer.py] => (curve) top1 Acc task: [1.0, 0.875886524822695, 0.8171779141104294, 0.7556935817805382, 0.7162921348314607]
2026-02-17 15:54:21,227 [trainer.py] => ================================================================================
2026-02-17 15:54:21,227 [trainer.py] => ================================================================================
2026-02-17 15:54:21,228 [base.py] => Task 5 learning on class 100-120
2026-02-17 15:54:21,234 [toolkit.py] => Total params:     103,487,003
2026-02-17 15:54:21,234 [toolkit.py] => Trainable params: 384,020
2026-02-17 15:54:21,235 [toolkit.py] => Trainable ratio:  0.3711%
2026-02-17 15:55:43,461 [baseline.py] => Task 5, Epoch 20/20 => Loss 0.079, Train_accy 96.96
2026-02-17 15:55:43,463 [trainer.py] => Training time: 0h 1m 22s
2026-02-17 15:55:50,312 [trainer.py] => Evaluation time: 0h 0m 6s
2026-02-17 15:55:50,314 [trainer.py] => Accuracy: {'total': 60.83, '00-19': 66.45, '20-39': 70.92, '40-59': 56.57, '60-79': 72.85, '80-99': 38.24, '100-119': 20.59, 'old': 63.39, 'new': 20.59}
2026-02-17 15:55:50,315 [trainer.py] => (curve) top1 Acc: [84.66, 79.43, 71.78, 68.74, 63.76, 60.83]
2026-02-17 15:55:50,315 [trainer.py] => (curve) top1 Acc with task: [84.66, 87.59, 82.82, 83.95, 79.59, 77.55]
2026-02-17 15:55:50,315 [trainer.py] => (curve) top1 Acc task: [1.0, 0.875886524822695, 0.8171779141104294, 0.7556935817805382, 0.7162921348314607, 0.6883802816901409]
2026-02-17 15:55:50,315 [trainer.py] => ================================================================================
2026-02-17 15:55:50,315 [trainer.py] => ================================================================================
2026-02-17 15:55:50,316 [base.py] => Task 6 learning on class 120-140
2026-02-17 15:55:50,322 [toolkit.py] => Total params:     103,487,003
2026-02-17 15:55:50,322 [toolkit.py] => Trainable params: 384,020
2026-02-17 15:55:50,322 [toolkit.py] => Trainable ratio:  0.3711%
2026-02-17 15:57:29,637 [baseline.py] => Task 6, Epoch 20/20 => Loss 0.057, Train_accy 98.58
2026-02-17 15:57:29,638 [trainer.py] => Training time: 0h 1m 39s
2026-02-17 15:57:36,747 [trainer.py] => Evaluation time: 0h 0m 7s
2026-02-17 15:57:36,749 [trainer.py] => Accuracy: {'total': 57.96, '00-19': 64.54, '20-39': 68.92, '40-59': 55.38, '60-79': 71.52, '80-99': 34.31, '100-119': 20.59, '120-139': 43.82, 'old': 59.07, 'new': 43.82}
2026-02-17 15:57:36,750 [trainer.py] => (curve) top1 Acc: [84.66, 79.43, 71.78, 68.74, 63.76, 60.83, 57.96]
2026-02-17 15:57:36,750 [trainer.py] => (curve) top1 Acc with task: [84.66, 87.59, 82.82, 83.95, 79.59, 77.55, 75.27]
2026-02-17 15:57:36,750 [trainer.py] => (curve) top1 Acc task: [1.0, 0.875886524822695, 0.8171779141104294, 0.7556935817805382, 0.7162921348314607, 0.6883802816901409, 0.6612244897959184]
2026-02-17 15:57:36,750 [trainer.py] => ================================================================================
2026-02-17 15:57:36,750 [trainer.py] => ================================================================================
2026-02-17 15:57:36,751 [base.py] => Task 7 learning on class 140-160
2026-02-17 15:57:36,757 [toolkit.py] => Total params:     103,487,003
2026-02-17 15:57:36,757 [toolkit.py] => Trainable params: 384,020
2026-02-17 15:57:36,757 [toolkit.py] => Trainable ratio:  0.3711%
2026-02-17 15:59:09,829 [baseline.py] => Task 7, Epoch 20/20 => Loss 0.098, Train_accy 96.88
2026-02-17 15:59:09,830 [trainer.py] => Training time: 0h 1m 33s
2026-02-17 15:59:17,192 [trainer.py] => Evaluation time: 0h 0m 7s
2026-02-17 15:59:17,195 [trainer.py] => Accuracy: {'total': 55.28, '00-19': 63.26, '20-39': 68.13, '40-59': 52.99, '60-79': 71.52, '80-99': 33.33, '100-119': 19.12, '120-139': 40.45, '140-159': 35.8, 'old': 56.57, 'new': 35.8}
2026-02-17 15:59:17,195 [trainer.py] => (curve) top1 Acc: [84.66, 79.43, 71.78, 68.74, 63.76, 60.83, 57.96, 55.28]
2026-02-17 15:59:17,196 [trainer.py] => (curve) top1 Acc with task: [84.66, 87.59, 82.82, 83.95, 79.59, 77.55, 75.27, 74.66]
2026-02-17 15:59:17,196 [trainer.py] => (curve) top1 Acc task: [1.0, 0.875886524822695, 0.8171779141104294, 0.7556935817805382, 0.7162921348314607, 0.6883802816901409, 0.6612244897959184, 0.6255742725880551]
2026-02-17 15:59:17,196 [trainer.py] => ================================================================================
2026-02-17 15:59:17,196 [trainer.py] => ================================================================================
2026-02-17 15:59:17,197 [base.py] => Task 8 learning on class 160-180
2026-02-17 15:59:17,203 [toolkit.py] => Total params:     103,487,003
2026-02-17 15:59:17,203 [toolkit.py] => Trainable params: 384,020
2026-02-17 15:59:17,203 [toolkit.py] => Trainable ratio:  0.3711%
2026-02-17 16:01:05,086 [baseline.py] => Task 8, Epoch 20/20 => Loss 0.109, Train_accy 96.16
2026-02-17 16:01:05,088 [trainer.py] => Training time: 0h 1m 47s
2026-02-17 16:01:12,956 [trainer.py] => Evaluation time: 0h 0m 7s
2026-02-17 16:01:12,959 [trainer.py] => Accuracy: {'total': 53.31, '00-19': 62.62, '20-39': 69.32, '40-59': 52.19, '60-79': 73.51, '80-99': 31.37, '100-119': 20.59, '120-139': 37.08, '140-159': 33.33, '160-179': 30.93, 'old': 54.98, 'new': 30.93}
2026-02-17 16:01:12,959 [trainer.py] => (curve) top1 Acc: [84.66, 79.43, 71.78, 68.74, 63.76, 60.83, 57.96, 55.28, 53.31]
2026-02-17 16:01:12,959 [trainer.py] => (curve) top1 Acc with task: [84.66, 87.59, 82.82, 83.95, 79.59, 77.55, 75.27, 74.66, 73.84]
2026-02-17 16:01:12,959 [trainer.py] => (curve) top1 Acc task: [1.0, 0.875886524822695, 0.8171779141104294, 0.7556935817805382, 0.7162921348314607, 0.6883802816901409, 0.6612244897959184, 0.6255742725880551, 0.6044191019244476]
2026-02-17 16:01:12,959 [trainer.py] => ================================================================================
2026-02-17 16:01:12,959 [trainer.py] => ================================================================================
2026-02-17 16:01:12,960 [base.py] => Task 9 learning on class 180-200
2026-02-17 16:01:12,966 [toolkit.py] => Total params:     103,487,003
2026-02-17 16:01:12,966 [toolkit.py] => Trainable params: 384,020
2026-02-17 16:01:12,967 [toolkit.py] => Trainable ratio:  0.3711%
2026-02-17 16:03:01,094 [baseline.py] => Task 9, Epoch 20/20 => Loss 0.051, Train_accy 97.92
2026-02-17 16:03:01,095 [trainer.py] => Training time: 0h 1m 48s
2026-02-17 16:03:09,411 [trainer.py] => Evaluation time: 0h 0m 8s
2026-02-17 16:03:09,414 [trainer.py] => Accuracy: {'total': 52.13, '00-19': 61.66, '20-39': 65.74, '40-59': 52.19, '60-79': 72.85, '80-99': 30.39, '100-119': 17.65, '120-139': 35.96, '140-159': 34.57, '160-179': 29.9, '180-199': 52.58, 'old': 52.1, 'new': 52.58}
2026-02-17 16:03:09,414 [trainer.py] => (curve) top1 Acc: [84.66, 79.43, 71.78, 68.74, 63.76, 60.83, 57.96, 55.28, 53.31, 52.13]
2026-02-17 16:03:09,414 [trainer.py] => (curve) top1 Acc with task: [84.66, 87.59, 82.82, 83.95, 79.59, 77.55, 75.27, 74.66, 73.84, 72.2]
2026-02-17 16:03:09,414 [trainer.py] => (curve) top1 Acc task: [1.0, 0.875886524822695, 0.8171779141104294, 0.7556935817805382, 0.7162921348314607, 0.6883802816901409, 0.6612244897959184, 0.6255742725880551, 0.6044191019244476, 0.5886666666666667]
2026-02-17 16:03:09,414 [trainer.py] => ================================================================================
