2026-02-17 16:44:31,788 [toolkit.py] => config: configs/ewclora/domain.json
2026-02-17 16:44:31,788 [toolkit.py] => device: [device(type='cuda', index=0)]
2026-02-17 16:44:31,789 [toolkit.py] => debug: False
2026-02-17 16:44:31,789 [toolkit.py] => save_ckp: False
2026-02-17 16:44:31,789 [toolkit.py] => seed: 0
2026-02-17 16:44:31,789 [toolkit.py] => dataset: domainnet
2026-02-17 16:44:31,789 [toolkit.py] => data_path: data/domainnet
2026-02-17 16:44:31,789 [toolkit.py] => load: vit_base_patch16_224_in21k
2026-02-17 16:44:31,789 [toolkit.py] => init_cls: 69
2026-02-17 16:44:31,789 [toolkit.py] => increment: 69
2026-02-17 16:44:31,789 [toolkit.py] => sessions: 5
2026-02-17 16:44:31,789 [toolkit.py] => shuffle: False
2026-02-17 16:44:31,789 [toolkit.py] => method: ewclora
2026-02-17 16:44:31,789 [toolkit.py] => optimizer: adam
2026-02-17 16:44:31,789 [toolkit.py] => scheduler: cosine
2026-02-17 16:44:31,789 [toolkit.py] => epochs: 5
2026-02-17 16:44:31,789 [toolkit.py] => lrate: 0.0005
2026-02-17 16:44:31,789 [toolkit.py] => fc_lrate: 0.005
2026-02-17 16:44:31,789 [toolkit.py] => weight_decay: 0.0
2026-02-17 16:44:31,789 [toolkit.py] => batch_size: 128
2026-02-17 16:44:31,789 [toolkit.py] => rank: 30
2026-02-17 16:44:31,789 [toolkit.py] => num_workers: 16
2026-02-17 16:44:31,789 [toolkit.py] => gamma: 1.0
2026-02-17 16:44:31,789 [toolkit.py] => lambda: 10000000.0
2026-02-17 16:44:31,789 [toolkit.py] => logdir: logs/ewclora/domainnet/t5
2026-02-17 16:44:31,789 [toolkit.py] => logfilename: logs/ewclora/domainnet/t5/seed0
2026-02-17 16:44:32,097 [data_manager.py] => Class index order: 0, 1, 2, 3, 4, ..., 340, 341, 342, 343, 344
2026-02-17 16:44:37,544 [trainer.py] => ================================================================================
2026-02-17 16:44:37,588 [base.py] => Task 0 learning on class 0-69
2026-02-17 16:44:41,548 [toolkit.py] => Total params:     105,073,068
2026-02-17 16:44:41,549 [toolkit.py] => Trainable params: 1,158,981
2026-02-17 16:44:41,549 [toolkit.py] => Trainable ratio:  1.1030%
2026-02-17 17:46:47,198 [ewclora.py] => Task 0, Epoch 5/5 => Loss 0.480, Train_accy 87.47
2026-02-17 17:46:47,199 [trainer.py] => Training time: 1h 2m 9s
2026-02-17 17:48:08,545 [trainer.py] => Evaluation time: 0h 1m 21s
2026-02-17 18:00:22,406 [trainer.py] => Accuracy: {'total': 87.99, '00-68': 87.99, 'old': 0, 'new': 87.99}
2026-02-17 18:00:22,407 [trainer.py] => (curve) top1 Acc: [87.99]
2026-02-17 18:00:22,407 [trainer.py] => (curve) top1 Acc with task: [87.99]
2026-02-17 18:00:22,407 [trainer.py] => (curve) top1 Acc task: [1.0]
2026-02-17 18:00:22,407 [trainer.py] => ================================================================================
2026-02-17 18:00:22,407 [trainer.py] => ================================================================================
2026-02-17 18:00:22,469 [base.py] => Task 1 learning on class 69-138
2026-02-17 18:00:22,474 [toolkit.py] => Total params:     105,073,068
2026-02-17 18:00:22,474 [toolkit.py] => Trainable params: 1,158,981
2026-02-17 18:00:22,474 [toolkit.py] => Trainable ratio:  1.1030%
2026-02-17 19:00:19,010 [ewclora.py] => Task 1, Epoch 5/5 => Loss 0.585, Train_accy 84.81
2026-02-17 19:00:19,012 [trainer.py] => Training time: 0h 59m 56s
2026-02-17 19:02:56,855 [trainer.py] => Evaluation time: 0h 2m 37s
2026-02-17 19:14:46,111 [trainer.py] => Accuracy: {'total': 82.39, '00-68': 84.04, '69-137': 80.67, 'old': 84.04, 'new': 80.67}
2026-02-17 19:14:46,112 [trainer.py] => (curve) top1 Acc: [87.99, 82.39]
2026-02-17 19:14:46,112 [trainer.py] => (curve) top1 Acc with task: [87.99, 87.49]
2026-02-17 19:14:46,112 [trainer.py] => (curve) top1 Acc task: [1.0, 0.8943474223407123]
2026-02-17 19:14:46,112 [trainer.py] => ================================================================================
2026-02-17 19:14:46,112 [trainer.py] => ================================================================================
2026-02-17 19:14:46,177 [base.py] => Task 2 learning on class 138-207
2026-02-17 19:14:46,181 [toolkit.py] => Total params:     105,073,068
2026-02-17 19:14:46,181 [toolkit.py] => Trainable params: 1,158,981
2026-02-17 19:14:46,181 [toolkit.py] => Trainable ratio:  1.1030%
2026-02-17 20:19:27,801 [ewclora.py] => Task 2, Epoch 5/5 => Loss 0.648, Train_accy 83.29
2026-02-17 20:19:27,802 [trainer.py] => Training time: 1h 4m 41s
2026-02-17 20:23:28,607 [trainer.py] => Evaluation time: 0h 4m 0s
2026-02-17 20:36:13,962 [trainer.py] => Accuracy: {'total': 78.11, '00-68': 81.82, '69-137': 78.19, '138-206': 74.47, 'old': 80.04, 'new': 74.47}
2026-02-17 20:36:13,962 [trainer.py] => (curve) top1 Acc: [87.99, 82.39, 78.11]
2026-02-17 20:36:13,962 [trainer.py] => (curve) top1 Acc with task: [87.99, 87.49, 86.62]
2026-02-17 20:36:13,963 [trainer.py] => (curve) top1 Acc task: [1.0, 0.8943474223407123, 0.8354195188734598]
2026-02-17 20:36:13,963 [trainer.py] => ================================================================================
2026-02-17 20:36:13,963 [trainer.py] => ================================================================================
2026-02-17 20:36:14,026 [base.py] => Task 3 learning on class 207-276
2026-02-17 20:36:14,031 [toolkit.py] => Total params:     105,073,068
2026-02-17 20:36:14,031 [toolkit.py] => Trainable params: 1,158,981
2026-02-17 20:36:14,031 [toolkit.py] => Trainable ratio:  1.1030%
2026-02-17 21:38:56,029 [ewclora.py] => Task 3, Epoch 5/5 => Loss 0.584, Train_accy 84.78
2026-02-17 21:38:56,030 [trainer.py] => Training time: 1h 2m 42s
2026-02-17 21:44:14,531 [trainer.py] => Evaluation time: 0h 5m 18s
2026-02-17 21:56:36,386 [trainer.py] => Accuracy: {'total': 75.52, '00-68': 79.64, '69-137': 76.2, '138-206': 72.76, '207-275': 73.6, 'old': 76.15, 'new': 73.6}
2026-02-17 21:56:36,387 [trainer.py] => (curve) top1 Acc: [87.99, 82.39, 78.11, 75.52]
2026-02-17 21:56:36,387 [trainer.py] => (curve) top1 Acc with task: [87.99, 87.49, 86.62, 86.38]
2026-02-17 21:56:36,387 [trainer.py] => (curve) top1 Acc task: [1.0, 0.8943474223407123, 0.8354195188734598, 0.8020482335457101]
2026-02-17 21:56:36,387 [trainer.py] => ================================================================================
2026-02-17 21:56:36,387 [trainer.py] => ================================================================================
2026-02-17 21:56:36,447 [base.py] => Task 4 learning on class 276-345
2026-02-17 21:56:36,452 [toolkit.py] => Total params:     105,073,068
2026-02-17 21:56:36,452 [toolkit.py] => Trainable params: 1,158,981
2026-02-17 21:56:36,452 [toolkit.py] => Trainable ratio:  1.1030%
2026-02-17 22:57:59,827 [ewclora.py] => Task 4, Epoch 5/5 => Loss 0.583, Train_accy 84.62
2026-02-17 22:57:59,828 [trainer.py] => Training time: 1h 1m 23s
2026-02-17 23:04:36,445 [trainer.py] => Evaluation time: 0h 6m 36s
2026-02-17 23:16:43,249 [trainer.py] => Accuracy: {'total': 73.28, '00-68': 77.83, '69-137': 73.84, '138-206': 70.61, '207-275': 71.67, '276-344': 72.55, 'old': 73.46, 'new': 72.55}
2026-02-17 23:16:43,249 [trainer.py] => (curve) top1 Acc: [87.99, 82.39, 78.11, 75.52, 73.28]
2026-02-17 23:16:43,250 [trainer.py] => (curve) top1 Acc with task: [87.99, 87.49, 86.62, 86.38, 86.39]
2026-02-17 23:16:43,250 [trainer.py] => (curve) top1 Acc task: [1.0, 0.8943474223407123, 0.8354195188734598, 0.8020482335457101, 0.7724610989114779]
2026-02-17 23:16:43,250 [trainer.py] => ================================================================================
