2026-02-18 14:51:18,982 [toolkit.py] => config: configs/sdlora/imagenet-a.json
2026-02-18 14:51:18,983 [toolkit.py] => device: [device(type='cuda', index=1)]
2026-02-18 14:51:18,983 [toolkit.py] => debug: False
2026-02-18 14:51:18,983 [toolkit.py] => save_ckp: False
2026-02-18 14:51:18,983 [toolkit.py] => seed: 0
2026-02-18 14:51:18,983 [toolkit.py] => dataset: imagenet-a
2026-02-18 14:51:18,983 [toolkit.py] => data_path: data/imagenet-a
2026-02-18 14:51:18,983 [toolkit.py] => load: vit_base_patch16_224_in21k
2026-02-18 14:51:18,983 [toolkit.py] => init_cls: 20
2026-02-18 14:51:18,983 [toolkit.py] => increment: 20
2026-02-18 14:51:18,983 [toolkit.py] => sessions: 10
2026-02-18 14:51:18,983 [toolkit.py] => shuffle: False
2026-02-18 14:51:18,983 [toolkit.py] => method: sdlora
2026-02-18 14:51:18,983 [toolkit.py] => optimizer: adam
2026-02-18 14:51:18,983 [toolkit.py] => scheduler: cosine
2026-02-18 14:51:18,983 [toolkit.py] => epochs: 20
2026-02-18 14:51:18,983 [toolkit.py] => lrate: 0.0005
2026-02-18 14:51:18,983 [toolkit.py] => fc_lrate: 0.005
2026-02-18 14:51:18,983 [toolkit.py] => weight_decay: 0.0
2026-02-18 14:51:18,983 [toolkit.py] => batch_size: 128
2026-02-18 14:51:18,983 [toolkit.py] => rank: 10
2026-02-18 14:51:18,984 [toolkit.py] => num_workers: 16
2026-02-18 14:51:18,984 [toolkit.py] => logdir: logs/sdlora/imagenet-a/t10
2026-02-18 14:51:18,984 [toolkit.py] => logfilename: logs/sdlora/imagenet-a/t10/seed0
2026-02-18 14:51:19,036 [data_manager.py] => Class index order: 0, 1, 2, 3, 4, ..., 195, 196, 197, 198, 199
2026-02-18 14:51:27,292 [trainer.py] => ================================================================================
2026-02-18 14:51:27,300 [base.py] => Task 0 learning on class 0-20
2026-02-18 14:51:42,882 [toolkit.py] => Total params:     106,436,144
2026-02-18 14:51:42,882 [toolkit.py] => Trainable params: 384,041
2026-02-18 14:51:42,882 [toolkit.py] => Trainable ratio:  0.3608%
2026-02-18 14:55:06,801 [sdlora.py] => Task 0, Epoch 20/20 => Loss 0.197, Train_accy 93.62
2026-02-18 14:55:06,803 [trainer.py] => Training time: 0h 3m 39s
2026-02-18 14:55:11,554 [trainer.py] => Evaluation time: 0h 0m 4s
2026-02-18 14:55:11,554 [trainer.py] => Accuracy: {'total': 85.62, '00-19': 85.62, 'old': 0, 'new': 85.62}
2026-02-18 14:55:11,554 [trainer.py] => (curve) top1 Acc: [85.62]
2026-02-18 14:55:11,554 [trainer.py] => (curve) top1 Acc with task: [85.62]
2026-02-18 14:55:11,554 [trainer.py] => (curve) top1 Acc task: [1.0]
2026-02-18 14:55:11,554 [trainer.py] => ================================================================================
2026-02-18 14:55:11,554 [trainer.py] => ================================================================================
2026-02-18 14:55:11,556 [base.py] => Task 1 learning on class 20-40
2026-02-18 14:55:11,577 [toolkit.py] => Total params:     106,436,144
2026-02-18 14:55:11,577 [toolkit.py] => Trainable params: 384,041
2026-02-18 14:55:11,577 [toolkit.py] => Trainable ratio:  0.3608%
2026-02-18 14:58:18,330 [sdlora.py] => Task 1, Epoch 20/20 => Loss 0.141, Train_accy 95.90
2026-02-18 14:58:18,331 [trainer.py] => Training time: 0h 3m 6s
2026-02-18 14:58:24,893 [trainer.py] => Evaluation time: 0h 0m 6s
2026-02-18 14:58:24,893 [trainer.py] => Accuracy: {'total': 79.08, '00-19': 77.32, '20-39': 81.27, 'old': 77.32, 'new': 81.27}
2026-02-18 14:58:24,893 [trainer.py] => (curve) top1 Acc: [85.62, 79.08]
2026-02-18 14:58:24,894 [trainer.py] => (curve) top1 Acc with task: [85.62, 85.28]
2026-02-18 14:58:24,894 [trainer.py] => (curve) top1 Acc task: [1.0, 0.8794326241134752]
2026-02-18 14:58:24,894 [trainer.py] => ================================================================================
2026-02-18 14:58:24,894 [trainer.py] => ================================================================================
2026-02-18 14:58:24,896 [base.py] => Task 2 learning on class 40-60
2026-02-18 14:58:24,919 [toolkit.py] => Total params:     106,436,144
2026-02-18 14:58:24,919 [toolkit.py] => Trainable params: 384,041
2026-02-18 14:58:24,919 [toolkit.py] => Trainable ratio:  0.3608%
2026-02-18 15:01:46,005 [sdlora.py] => Task 2, Epoch 20/20 => Loss 0.188, Train_accy 94.20
2026-02-18 15:01:46,006 [trainer.py] => Training time: 0h 3m 21s
2026-02-18 15:01:51,021 [trainer.py] => Evaluation time: 0h 0m 5s
2026-02-18 15:01:51,021 [trainer.py] => Accuracy: {'total': 72.15, '00-19': 73.48, '20-39': 79.28, '40-59': 63.35, 'old': 76.06, 'new': 63.35}
2026-02-18 15:01:51,021 [trainer.py] => (curve) top1 Acc: [85.62, 79.08, 72.15]
2026-02-18 15:01:51,022 [trainer.py] => (curve) top1 Acc with task: [85.62, 85.28, 81.84]
2026-02-18 15:01:51,022 [trainer.py] => (curve) top1 Acc task: [1.0, 0.8794326241134752, 0.8122699386503067]
2026-02-18 15:01:51,022 [trainer.py] => ================================================================================
2026-02-18 15:01:51,022 [trainer.py] => ================================================================================
2026-02-18 15:01:51,023 [base.py] => Task 3 learning on class 60-80
2026-02-18 15:01:51,041 [toolkit.py] => Total params:     106,436,144
2026-02-18 15:01:51,041 [toolkit.py] => Trainable params: 384,041
2026-02-18 15:01:51,041 [toolkit.py] => Trainable ratio:  0.3608%
2026-02-18 15:04:26,786 [sdlora.py] => Task 3, Epoch 20/20 => Loss 0.141, Train_accy 94.75
2026-02-18 15:04:26,788 [trainer.py] => Training time: 0h 2m 35s
2026-02-18 15:04:34,453 [trainer.py] => Evaluation time: 0h 0m 7s
2026-02-18 15:04:34,454 [trainer.py] => Accuracy: {'total': 69.25, '00-19': 69.33, '20-39': 72.51, '40-59': 60.56, '60-79': 78.15, 'old': 67.61, 'new': 78.15}
2026-02-18 15:04:34,454 [trainer.py] => (curve) top1 Acc: [85.62, 79.08, 72.15, 69.25]
2026-02-18 15:04:34,454 [trainer.py] => (curve) top1 Acc with task: [85.62, 85.28, 81.84, 82.09]
2026-02-18 15:04:34,454 [trainer.py] => (curve) top1 Acc task: [1.0, 0.8794326241134752, 0.8122699386503067, 0.7681159420289855]
2026-02-18 15:04:34,454 [trainer.py] => ================================================================================
2026-02-18 15:04:34,454 [trainer.py] => ================================================================================
2026-02-18 15:04:34,455 [base.py] => Task 4 learning on class 80-100
2026-02-18 15:04:34,478 [toolkit.py] => Total params:     106,436,144
2026-02-18 15:04:34,478 [toolkit.py] => Trainable params: 384,041
2026-02-18 15:04:34,478 [toolkit.py] => Trainable ratio:  0.3608%
2026-02-18 15:06:44,809 [sdlora.py] => Task 4, Epoch 20/20 => Loss 0.098, Train_accy 97.65
2026-02-18 15:06:44,811 [trainer.py] => Training time: 0h 2m 10s
2026-02-18 15:06:52,941 [trainer.py] => Evaluation time: 0h 0m 8s
2026-02-18 15:06:52,942 [trainer.py] => Accuracy: {'total': 65.26, '00-19': 68.05, '20-39': 72.11, '40-59': 57.77, '60-79': 78.15, '80-99': 39.22, 'old': 68.01, 'new': 39.22}
2026-02-18 15:06:52,942 [trainer.py] => (curve) top1 Acc: [85.62, 79.08, 72.15, 69.25, 65.26]
2026-02-18 15:06:52,942 [trainer.py] => (curve) top1 Acc with task: [85.62, 85.28, 81.84, 82.09, 79.31]
2026-02-18 15:06:52,942 [trainer.py] => (curve) top1 Acc task: [1.0, 0.8794326241134752, 0.8122699386503067, 0.7681159420289855, 0.7237827715355806]
2026-02-18 15:06:52,942 [trainer.py] => ================================================================================
2026-02-18 15:06:52,942 [trainer.py] => ================================================================================
2026-02-18 15:06:52,943 [base.py] => Task 5 learning on class 100-120
2026-02-18 15:06:52,966 [toolkit.py] => Total params:     106,436,144
2026-02-18 15:06:52,966 [toolkit.py] => Trainable params: 384,041
2026-02-18 15:06:52,966 [toolkit.py] => Trainable ratio:  0.3608%
2026-02-18 15:08:45,047 [sdlora.py] => Task 5, Epoch 20/20 => Loss 0.133, Train_accy 95.06
2026-02-18 15:08:45,049 [trainer.py] => Training time: 0h 1m 52s
2026-02-18 15:08:53,821 [trainer.py] => Evaluation time: 0h 0m 8s
2026-02-18 15:08:53,822 [trainer.py] => Accuracy: {'total': 61.36, '00-19': 66.77, '20-39': 71.71, '40-59': 55.78, '60-79': 78.15, '80-99': 35.29, '100-119': 20.59, 'old': 63.95, 'new': 20.59}
2026-02-18 15:08:53,822 [trainer.py] => (curve) top1 Acc: [85.62, 79.08, 72.15, 69.25, 65.26, 61.36]
2026-02-18 15:08:53,822 [trainer.py] => (curve) top1 Acc with task: [85.62, 85.28, 81.84, 82.09, 79.31, 77.11]
2026-02-18 15:08:53,822 [trainer.py] => (curve) top1 Acc task: [1.0, 0.8794326241134752, 0.8122699386503067, 0.7681159420289855, 0.7237827715355806, 0.6839788732394366]
2026-02-18 15:08:53,822 [trainer.py] => ================================================================================
2026-02-18 15:08:53,822 [trainer.py] => ================================================================================
2026-02-18 15:08:53,823 [base.py] => Task 6 learning on class 120-140
2026-02-18 15:08:53,846 [toolkit.py] => Total params:     106,436,144
2026-02-18 15:08:53,846 [toolkit.py] => Trainable params: 384,041
2026-02-18 15:08:53,846 [toolkit.py] => Trainable ratio:  0.3608%
2026-02-18 15:10:59,186 [sdlora.py] => Task 6, Epoch 20/20 => Loss 0.084, Train_accy 97.15
2026-02-18 15:10:59,188 [trainer.py] => Training time: 0h 2m 5s
2026-02-18 15:11:07,724 [trainer.py] => Evaluation time: 0h 0m 8s
2026-02-18 15:11:07,724 [trainer.py] => Accuracy: {'total': 58.86, '00-19': 66.45, '20-39': 70.92, '40-59': 53.78, '60-79': 76.82, '80-99': 33.33, '100-119': 19.12, '120-139': 41.57, 'old': 60.21, 'new': 41.57}
2026-02-18 15:11:07,724 [trainer.py] => (curve) top1 Acc: [85.62, 79.08, 72.15, 69.25, 65.26, 61.36, 58.86]
2026-02-18 15:11:07,724 [trainer.py] => (curve) top1 Acc with task: [85.62, 85.28, 81.84, 82.09, 79.31, 77.11, 76.16]
2026-02-18 15:11:07,724 [trainer.py] => (curve) top1 Acc task: [1.0, 0.8794326241134752, 0.8122699386503067, 0.7681159420289855, 0.7237827715355806, 0.6839788732394366, 0.6620408163265306]
2026-02-18 15:11:07,724 [trainer.py] => ================================================================================
2026-02-18 15:11:07,724 [trainer.py] => ================================================================================
2026-02-18 15:11:07,725 [base.py] => Task 7 learning on class 140-160
2026-02-18 15:11:07,742 [toolkit.py] => Total params:     106,436,144
2026-02-18 15:11:07,742 [toolkit.py] => Trainable params: 384,041
2026-02-18 15:11:07,742 [toolkit.py] => Trainable ratio:  0.3608%
2026-02-18 15:13:13,757 [sdlora.py] => Task 7, Epoch 20/20 => Loss 0.086, Train_accy 97.82
2026-02-18 15:13:13,759 [trainer.py] => Training time: 0h 2m 6s
2026-02-18 15:13:21,978 [trainer.py] => Evaluation time: 0h 0m 8s
2026-02-18 15:13:21,979 [trainer.py] => Accuracy: {'total': 58.35, '00-19': 68.05, '20-39': 71.31, '40-59': 54.58, '60-79': 77.48, '80-99': 30.39, '100-119': 19.12, '120-139': 41.57, '140-159': 43.21, 'old': 59.35, 'new': 43.21}
2026-02-18 15:13:21,979 [trainer.py] => (curve) top1 Acc: [85.62, 79.08, 72.15, 69.25, 65.26, 61.36, 58.86, 58.35]
2026-02-18 15:13:21,979 [trainer.py] => (curve) top1 Acc with task: [85.62, 85.28, 81.84, 82.09, 79.31, 77.11, 76.16, 75.27]
2026-02-18 15:13:21,979 [trainer.py] => (curve) top1 Acc task: [1.0, 0.8794326241134752, 0.8122699386503067, 0.7681159420289855, 0.7237827715355806, 0.6839788732394366, 0.6620408163265306, 0.655436447166922]
2026-02-18 15:13:21,979 [trainer.py] => ================================================================================
2026-02-18 15:13:21,979 [trainer.py] => ================================================================================
2026-02-18 15:13:21,980 [base.py] => Task 8 learning on class 160-180
2026-02-18 15:13:21,998 [toolkit.py] => Total params:     106,436,144
2026-02-18 15:13:21,998 [toolkit.py] => Trainable params: 384,041
2026-02-18 15:13:21,998 [toolkit.py] => Trainable ratio:  0.3608%
2026-02-18 15:15:49,109 [sdlora.py] => Task 8, Epoch 20/20 => Loss 0.131, Train_accy 95.65
2026-02-18 15:15:49,111 [trainer.py] => Training time: 0h 2m 27s
2026-02-18 15:15:58,833 [trainer.py] => Evaluation time: 0h 0m 9s
2026-02-18 15:15:58,833 [trainer.py] => Accuracy: {'total': 55.17, '00-19': 66.13, '20-39': 72.11, '40-59': 52.99, '60-79': 76.82, '80-99': 30.39, '100-119': 17.65, '120-139': 39.33, '140-159': 41.98, '160-179': 25.77, 'old': 57.35, 'new': 25.77}
2026-02-18 15:15:58,833 [trainer.py] => (curve) top1 Acc: [85.62, 79.08, 72.15, 69.25, 65.26, 61.36, 58.86, 58.35, 55.17]
2026-02-18 15:15:58,833 [trainer.py] => (curve) top1 Acc with task: [85.62, 85.28, 81.84, 82.09, 79.31, 77.11, 76.16, 75.27, 73.98]
2026-02-18 15:15:58,833 [trainer.py] => (curve) top1 Acc task: [1.0, 0.8794326241134752, 0.8122699386503067, 0.7681159420289855, 0.7237827715355806, 0.6839788732394366, 0.6620408163265306, 0.655436447166922, 0.6179615110477548]
2026-02-18 15:15:58,833 [trainer.py] => ================================================================================
2026-02-18 15:15:58,834 [trainer.py] => ================================================================================
2026-02-18 15:15:58,835 [base.py] => Task 9 learning on class 180-200
2026-02-18 15:15:58,886 [toolkit.py] => Total params:     106,436,144
2026-02-18 15:15:58,886 [toolkit.py] => Trainable params: 384,041
2026-02-18 15:15:58,887 [toolkit.py] => Trainable ratio:  0.3608%
2026-02-18 15:18:24,480 [sdlora.py] => Task 9, Epoch 20/20 => Loss 0.463, Train_accy 96.62
2026-02-18 15:18:24,483 [trainer.py] => Training time: 0h 2m 25s
2026-02-18 15:18:35,657 [trainer.py] => Evaluation time: 0h 0m 11s
2026-02-18 15:18:35,657 [trainer.py] => Accuracy: {'total': 54.67, '00-19': 67.73, '20-39': 69.72, '40-59': 52.59, '60-79': 76.82, '80-99': 30.39, '100-119': 17.65, '120-139': 38.2, '140-159': 43.21, '160-179': 26.8, '180-199': 48.45, 'old': 55.1, 'new': 48.45}
2026-02-18 15:18:35,657 [trainer.py] => (curve) top1 Acc: [85.62, 79.08, 72.15, 69.25, 65.26, 61.36, 58.86, 58.35, 55.17, 54.67]
2026-02-18 15:18:35,657 [trainer.py] => (curve) top1 Acc with task: [85.62, 85.28, 81.84, 82.09, 79.31, 77.11, 76.16, 75.27, 73.98, 74.13]
2026-02-18 15:18:35,657 [trainer.py] => (curve) top1 Acc task: [1.0, 0.8794326241134752, 0.8122699386503067, 0.7681159420289855, 0.7237827715355806, 0.6839788732394366, 0.6620408163265306, 0.655436447166922, 0.6179615110477548, 0.6106666666666667]
2026-02-18 15:18:35,657 [trainer.py] => ================================================================================
