2026-02-17 18:49:30,574 [toolkit.py] => config: configs/inflora/domain.json
2026-02-17 18:49:30,574 [toolkit.py] => device: [device(type='cuda', index=1)]
2026-02-17 18:49:30,574 [toolkit.py] => debug: False
2026-02-17 18:49:30,574 [toolkit.py] => save_ckp: False
2026-02-17 18:49:30,574 [toolkit.py] => seed: 0
2026-02-17 18:49:30,575 [toolkit.py] => dataset: domainnet
2026-02-17 18:49:30,575 [toolkit.py] => data_path: data/domainnet
2026-02-17 18:49:30,575 [toolkit.py] => load: vit_base_patch16_224_in21k
2026-02-17 18:49:30,575 [toolkit.py] => init_cls: 69
2026-02-17 18:49:30,575 [toolkit.py] => increment: 69
2026-02-17 18:49:30,575 [toolkit.py] => sessions: 5
2026-02-17 18:49:30,575 [toolkit.py] => shuffle: False
2026-02-17 18:49:30,575 [toolkit.py] => method: inflora
2026-02-17 18:49:30,575 [toolkit.py] => optimizer: adam
2026-02-17 18:49:30,575 [toolkit.py] => scheduler: cosine
2026-02-17 18:49:30,575 [toolkit.py] => epochs: 5
2026-02-17 18:49:30,575 [toolkit.py] => lrate: 0.0005
2026-02-17 18:49:30,575 [toolkit.py] => weight_decay: 0.0
2026-02-17 18:49:30,575 [toolkit.py] => batch_size: 128
2026-02-17 18:49:30,575 [toolkit.py] => rank: 30
2026-02-17 18:49:30,575 [toolkit.py] => num_workers: 16
2026-02-17 18:49:30,575 [toolkit.py] => lamb: 0.95
2026-02-17 18:49:30,575 [toolkit.py] => lame: 1.0
2026-02-17 18:49:30,575 [toolkit.py] => logdir: logs/inflora/domainnet/t5
2026-02-17 18:49:30,575 [toolkit.py] => logfilename: logs/inflora/domainnet/t5/seed0
2026-02-17 18:49:30,893 [data_manager.py] => Class index order: 0, 1, 2, 3, 4, ..., 340, 341, 342, 343, 344
2026-02-17 18:49:36,613 [trainer.py] => ================================================================================
2026-02-17 18:49:36,662 [base.py] => Task 0 learning on class 0-69
2026-02-17 18:49:40,666 [toolkit.py] => Total params:     108,390,828
2026-02-17 18:49:40,667 [toolkit.py] => Trainable params: 606,021
2026-02-17 18:49:40,667 [toolkit.py] => Trainable ratio:  0.5591%
2026-02-17 19:49:00,622 [inflora.py] => Task 0, Epoch 5/5 => Loss 0.538, Train_accy 86.14
2026-02-17 19:54:18,592 [trainer.py] => Training time: 1h 4m 41s
2026-02-17 19:55:37,004 [trainer.py] => Evaluation time: 0h 1m 18s
2026-02-17 19:55:37,004 [trainer.py] => Accuracy: {'total': 87.65, '00-68': 87.65, 'old': 0, 'new': 87.65}
2026-02-17 19:55:37,004 [trainer.py] => (curve) top1 Acc: [87.65]
2026-02-17 19:55:37,004 [trainer.py] => (curve) top1 Acc with task: [87.65]
2026-02-17 19:55:37,004 [trainer.py] => (curve) top1 Acc task: [1.0]
2026-02-17 19:55:37,005 [trainer.py] => ================================================================================
2026-02-17 19:55:37,005 [trainer.py] => ================================================================================
2026-02-17 19:55:37,082 [base.py] => Task 1 learning on class 69-138
2026-02-17 19:55:37,090 [toolkit.py] => Total params:     108,390,828
2026-02-17 19:55:37,090 [toolkit.py] => Trainable params: 606,021
2026-02-17 19:55:37,090 [toolkit.py] => Trainable ratio:  0.5591%
2026-02-17 20:53:06,512 [inflora.py] => Task 1, Epoch 5/5 => Loss 0.561, Train_accy 85.52
2026-02-17 20:58:15,187 [trainer.py] => Training time: 1h 2m 38s
2026-02-17 21:00:47,151 [trainer.py] => Evaluation time: 0h 2m 31s
2026-02-17 21:00:47,151 [trainer.py] => Accuracy: {'total': 81.92, '00-68': 81.23, '69-137': 82.64, 'old': 81.23, 'new': 82.64}
2026-02-17 21:00:47,152 [trainer.py] => (curve) top1 Acc: [87.65, 81.92]
2026-02-17 21:00:47,152 [trainer.py] => (curve) top1 Acc with task: [87.65, 87.03]
2026-02-17 21:00:47,152 [trainer.py] => (curve) top1 Acc task: [1.0, 0.8938082257436419]
2026-02-17 21:00:47,152 [trainer.py] => ================================================================================
2026-02-17 21:00:47,152 [trainer.py] => ================================================================================
2026-02-17 21:00:47,224 [base.py] => Task 2 learning on class 138-207
2026-02-17 21:00:47,231 [toolkit.py] => Total params:     108,390,828
2026-02-17 21:00:47,231 [toolkit.py] => Trainable params: 606,021
2026-02-17 21:00:47,231 [toolkit.py] => Trainable ratio:  0.5591%
2026-02-17 22:02:43,220 [inflora.py] => Task 2, Epoch 5/5 => Loss 0.612, Train_accy 84.14
2026-02-17 22:08:15,619 [trainer.py] => Training time: 1h 7m 28s
2026-02-17 22:12:07,163 [trainer.py] => Evaluation time: 0h 3m 51s
2026-02-17 22:12:07,164 [trainer.py] => Accuracy: {'total': 77.97, '00-68': 76.71, '69-137': 77.4, '138-206': 79.69, 'old': 77.05, 'new': 79.69}
2026-02-17 22:12:07,164 [trainer.py] => (curve) top1 Acc: [87.65, 81.92, 77.97]
2026-02-17 22:12:07,164 [trainer.py] => (curve) top1 Acc with task: [87.65, 87.03, 86.27]
2026-02-17 22:12:07,164 [trainer.py] => (curve) top1 Acc task: [1.0, 0.8938082257436419, 0.8368863680813612]
2026-02-17 22:12:07,164 [trainer.py] => ================================================================================
2026-02-17 22:12:07,164 [trainer.py] => ================================================================================
2026-02-17 22:12:07,243 [base.py] => Task 3 learning on class 207-276
2026-02-17 22:12:07,251 [toolkit.py] => Total params:     108,390,828
2026-02-17 22:12:07,251 [toolkit.py] => Trainable params: 606,021
2026-02-17 22:12:07,251 [toolkit.py] => Trainable ratio:  0.5591%
2026-02-17 23:12:11,764 [inflora.py] => Task 3, Epoch 5/5 => Loss 0.562, Train_accy 85.44
2026-02-17 23:17:34,449 [trainer.py] => Training time: 1h 5m 27s
2026-02-17 23:22:42,835 [trainer.py] => Evaluation time: 0h 5m 8s
2026-02-17 23:22:42,836 [trainer.py] => Accuracy: {'total': 75.02, '00-68': 73.06, '69-137': 74.08, '138-206': 76.06, '207-275': 76.8, 'old': 74.43, 'new': 76.8}
2026-02-17 23:22:42,836 [trainer.py] => (curve) top1 Acc: [87.65, 81.92, 77.97, 75.02]
2026-02-17 23:22:42,836 [trainer.py] => (curve) top1 Acc with task: [87.65, 87.03, 86.27, 85.95]
2026-02-17 23:22:42,836 [trainer.py] => (curve) top1 Acc task: [1.0, 0.8938082257436419, 0.8368863680813612, 0.7990759406129986]
2026-02-17 23:22:42,836 [trainer.py] => ================================================================================
2026-02-17 23:22:42,836 [trainer.py] => ================================================================================
2026-02-17 23:22:42,902 [base.py] => Task 4 learning on class 276-345
2026-02-17 23:22:42,910 [toolkit.py] => Total params:     108,390,828
2026-02-17 23:22:42,910 [toolkit.py] => Trainable params: 606,021
2026-02-17 23:22:42,910 [toolkit.py] => Trainable ratio:  0.5591%
2026-02-18 00:21:35,550 [inflora.py] => Task 4, Epoch 5/5 => Loss 0.562, Train_accy 85.38
2026-02-18 00:26:52,786 [trainer.py] => Training time: 1h 4m 9s
2026-02-18 00:33:16,711 [trainer.py] => Evaluation time: 0h 6m 23s
2026-02-18 00:33:16,711 [trainer.py] => Accuracy: {'total': 72.35, '00-68': 70.02, '69-137': 71.12, '138-206': 73.0, '207-275': 73.79, '276-344': 73.78, 'old': 72.0, 'new': 73.78}
2026-02-18 00:33:16,711 [trainer.py] => (curve) top1 Acc: [87.65, 81.92, 77.97, 75.02, 72.35]
2026-02-18 00:33:16,711 [trainer.py] => (curve) top1 Acc with task: [87.65, 87.03, 86.27, 85.95, 85.91]
2026-02-18 00:33:16,711 [trainer.py] => (curve) top1 Acc task: [1.0, 0.8938082257436419, 0.8368863680813612, 0.7990759406129986, 0.7648107482704068]
2026-02-18 00:33:16,711 [trainer.py] => ================================================================================
