2026-02-12 11:53:34,411 [toolkit.py] => config: configs/inflora/imagenet-a.json
2026-02-12 11:53:34,411 [toolkit.py] => device: [device(type='cuda', index=1)]
2026-02-12 11:53:34,411 [toolkit.py] => debug: False
2026-02-12 11:53:34,411 [toolkit.py] => save_ckp: False
2026-02-12 11:53:34,411 [toolkit.py] => seed: 0
2026-02-12 11:53:34,411 [toolkit.py] => dataset: imagenet-a
2026-02-12 11:53:34,411 [toolkit.py] => data_path: data/imagenet-a
2026-02-12 11:53:34,411 [toolkit.py] => load: vit_base_patch16_224_in21k
2026-02-12 11:53:34,411 [toolkit.py] => init_cls: 20
2026-02-12 11:53:34,411 [toolkit.py] => increment: 20
2026-02-12 11:53:34,411 [toolkit.py] => sessions: 10
2026-02-12 11:53:34,411 [toolkit.py] => shuffle: False
2026-02-12 11:53:34,411 [toolkit.py] => method: inflora
2026-02-12 11:53:34,411 [toolkit.py] => optimizer: adam
2026-02-12 11:53:34,411 [toolkit.py] => scheduler: cosine
2026-02-12 11:53:34,412 [toolkit.py] => epochs: 20
2026-02-12 11:53:34,412 [toolkit.py] => lrate: 0.0005
2026-02-12 11:53:34,412 [toolkit.py] => weight_decay: 0.0
2026-02-12 11:53:34,412 [toolkit.py] => batch_size: 128
2026-02-12 11:53:34,412 [toolkit.py] => rank: 10
2026-02-12 11:53:34,412 [toolkit.py] => num_workers: 16
2026-02-12 11:53:34,412 [toolkit.py] => lamb: 0.98
2026-02-12 11:53:34,412 [toolkit.py] => lame: 1.0
2026-02-12 11:53:34,412 [toolkit.py] => logdir: logs/inflora/imagenet-a/t10
2026-02-12 11:53:34,412 [toolkit.py] => logfilename: logs/inflora/imagenet-a/t10/seed0
2026-02-12 11:53:34,446 [data_manager.py] => Class index order: 0, 1, 2, 3, 4, ..., 195, 196, 197, 198, 199
2026-02-12 11:53:36,846 [trainer.py] => ================================================================================
2026-02-12 11:53:36,847 [base.py] => Task 0 learning on class 0-20
2026-02-12 11:53:40,670 [toolkit.py] => Total params:     106,436,123
2026-02-12 11:53:40,671 [toolkit.py] => Trainable params: 199,700
2026-02-12 11:53:40,671 [toolkit.py] => Trainable ratio:  0.1876%
2026-02-12 11:56:12,972 [inflora.py] => Task 0, Epoch 20/20 => Loss 0.324, Train_accy 90.72
2026-02-12 11:56:19,610 [trainer.py] => Training time: 0h 2m 42s
2026-02-12 11:56:22,016 [trainer.py] => Evaluation time: 0h 0m 2s
2026-02-12 11:56:22,017 [trainer.py] => Accuracy: {'total': 75.0, '00-19': 75.0, 'old': 0, 'new': 75.0}
2026-02-12 11:56:22,017 [trainer.py] => (curve) top1 Acc: [75.0]
2026-02-12 11:56:22,017 [trainer.py] => (curve) top1 Acc with task: [75.0]
2026-02-12 11:56:22,017 [trainer.py] => (curve) top1 Acc task: [1.0]
2026-02-12 11:56:22,017 [trainer.py] => ================================================================================
2026-02-12 11:56:22,017 [trainer.py] => ================================================================================
2026-02-12 11:56:22,019 [base.py] => Task 1 learning on class 20-40
2026-02-12 11:56:22,033 [toolkit.py] => Total params:     106,436,123
2026-02-12 11:56:22,033 [toolkit.py] => Trainable params: 199,700
2026-02-12 11:56:22,033 [toolkit.py] => Trainable ratio:  0.1876%
2026-02-12 11:59:00,921 [inflora.py] => Task 1, Epoch 20/20 => Loss 0.424, Train_accy 86.09
2026-02-12 11:59:09,671 [trainer.py] => Training time: 0h 2m 47s
2026-02-12 11:59:13,032 [trainer.py] => Evaluation time: 0h 0m 3s
2026-02-12 11:59:13,032 [trainer.py] => Accuracy: {'total': 66.77, '00-19': 69.23, '20-39': 64.38, 'old': 69.23, 'new': 64.38}
2026-02-12 11:59:13,032 [trainer.py] => (curve) top1 Acc: [75.0, 66.77]
2026-02-12 11:59:13,032 [trainer.py] => (curve) top1 Acc with task: [75.0, 76.9]
2026-02-12 11:59:13,032 [trainer.py] => (curve) top1 Acc task: [1.0, 0.7784810126582279]
2026-02-12 11:59:13,032 [trainer.py] => ================================================================================
2026-02-12 11:59:13,032 [trainer.py] => ================================================================================
2026-02-12 11:59:13,034 [base.py] => Task 2 learning on class 40-60
2026-02-12 11:59:13,047 [toolkit.py] => Total params:     106,436,123
2026-02-12 11:59:13,047 [toolkit.py] => Trainable params: 199,700
2026-02-12 11:59:13,047 [toolkit.py] => Trainable ratio:  0.1876%
2026-02-12 12:01:47,596 [inflora.py] => Task 2, Epoch 20/20 => Loss 0.386, Train_accy 88.82
2026-02-12 12:01:56,400 [trainer.py] => Training time: 0h 2m 43s
2026-02-12 12:02:00,314 [trainer.py] => Evaluation time: 0h 0m 3s
2026-02-12 12:02:00,315 [trainer.py] => Accuracy: {'total': 66.16, '00-19': 68.59, '20-39': 60.62, '40-59': 69.59, 'old': 64.56, 'new': 69.59}
2026-02-12 12:02:00,315 [trainer.py] => (curve) top1 Acc: [75.0, 66.77, 66.16]
2026-02-12 12:02:00,315 [trainer.py] => (curve) top1 Acc with task: [75.0, 76.9, 78.45]
2026-02-12 12:02:00,315 [trainer.py] => (curve) top1 Acc task: [1.0, 0.7784810126582279, 0.7543103448275862]
2026-02-12 12:02:00,315 [trainer.py] => ================================================================================
2026-02-12 12:02:00,315 [trainer.py] => ================================================================================
2026-02-12 12:02:00,316 [base.py] => Task 3 learning on class 60-80
2026-02-12 12:02:00,330 [toolkit.py] => Total params:     106,436,123
2026-02-12 12:02:00,330 [toolkit.py] => Trainable params: 199,700
2026-02-12 12:02:00,330 [toolkit.py] => Trainable ratio:  0.1876%
2026-02-12 12:04:31,377 [inflora.py] => Task 3, Epoch 20/20 => Loss 0.313, Train_accy 92.11
2026-02-12 12:04:40,397 [trainer.py] => Training time: 0h 2m 40s
2026-02-12 12:04:45,091 [trainer.py] => Evaluation time: 0h 0m 4s
2026-02-12 12:04:45,092 [trainer.py] => Accuracy: {'total': 62.48, '00-19': 64.1, '20-39': 63.12, '40-59': 62.84, '60-79': 59.73, 'old': 63.36, 'new': 59.73}
2026-02-12 12:04:45,092 [trainer.py] => (curve) top1 Acc: [75.0, 66.77, 66.16, 62.48]
2026-02-12 12:04:45,092 [trainer.py] => (curve) top1 Acc with task: [75.0, 76.9, 78.45, 78.96]
2026-02-12 12:04:45,092 [trainer.py] => (curve) top1 Acc task: [1.0, 0.7784810126582279, 0.7543103448275862, 0.6949429037520392]
2026-02-12 12:04:45,092 [trainer.py] => ================================================================================
2026-02-12 12:04:45,092 [trainer.py] => ================================================================================
2026-02-12 12:04:45,094 [base.py] => Task 4 learning on class 80-100
2026-02-12 12:04:45,109 [toolkit.py] => Total params:     106,436,123
2026-02-12 12:04:45,109 [toolkit.py] => Trainable params: 199,700
2026-02-12 12:04:45,109 [toolkit.py] => Trainable ratio:  0.1876%
2026-02-12 12:07:19,673 [inflora.py] => Task 4, Epoch 20/20 => Loss 0.400, Train_accy 88.11
2026-02-12 12:07:29,048 [trainer.py] => Training time: 0h 2m 43s
2026-02-12 12:07:34,444 [trainer.py] => Evaluation time: 0h 0m 5s
2026-02-12 12:07:34,444 [trainer.py] => Accuracy: {'total': 59.11, '00-19': 64.74, '20-39': 60.62, '40-59': 56.76, '60-79': 55.03, '80-99': 58.0, 'old': 59.38, 'new': 58.0}
2026-02-12 12:07:34,444 [trainer.py] => (curve) top1 Acc: [75.0, 66.77, 66.16, 62.48, 59.11]
2026-02-12 12:07:34,444 [trainer.py] => (curve) top1 Acc with task: [75.0, 76.9, 78.45, 78.96, 79.55]
2026-02-12 12:07:34,444 [trainer.py] => (curve) top1 Acc task: [1.0, 0.7784810126582279, 0.7543103448275862, 0.6949429037520392, 0.6500655307994757]
2026-02-12 12:07:34,444 [trainer.py] => ================================================================================
2026-02-12 12:07:34,444 [trainer.py] => ================================================================================
2026-02-12 12:07:34,446 [base.py] => Task 5 learning on class 100-120
2026-02-12 12:07:34,461 [toolkit.py] => Total params:     106,436,123
2026-02-12 12:07:34,461 [toolkit.py] => Trainable params: 199,700
2026-02-12 12:07:34,461 [toolkit.py] => Trainable ratio:  0.1876%
2026-02-12 12:10:47,900 [inflora.py] => Task 5, Epoch 20/20 => Loss 0.433, Train_accy 86.92
2026-02-12 12:10:57,935 [trainer.py] => Training time: 0h 3m 23s
2026-02-12 12:11:04,254 [trainer.py] => Evaluation time: 0h 0m 6s
2026-02-12 12:11:04,255 [trainer.py] => Accuracy: {'total': 58.46, '00-19': 60.26, '20-39': 58.75, '40-59': 60.14, '60-79': 55.7, '80-99': 60.67, '100-119': 56.0, 'old': 59.11, 'new': 56.0}
2026-02-12 12:11:04,255 [trainer.py] => (curve) top1 Acc: [75.0, 66.77, 66.16, 62.48, 59.11, 58.46]
2026-02-12 12:11:04,255 [trainer.py] => (curve) top1 Acc with task: [75.0, 76.9, 78.45, 78.96, 79.55, 79.54]
2026-02-12 12:11:04,255 [trainer.py] => (curve) top1 Acc task: [1.0, 0.7784810126582279, 0.7543103448275862, 0.6949429037520392, 0.6500655307994757, 0.6355140186915887]
2026-02-12 12:11:04,255 [trainer.py] => ================================================================================
2026-02-12 12:11:04,255 [trainer.py] => ================================================================================
2026-02-12 12:11:04,256 [base.py] => Task 6 learning on class 120-140
2026-02-12 12:11:04,270 [toolkit.py] => Total params:     106,436,123
2026-02-12 12:11:04,270 [toolkit.py] => Trainable params: 199,700
2026-02-12 12:11:04,270 [toolkit.py] => Trainable ratio:  0.1876%
2026-02-12 12:13:31,228 [inflora.py] => Task 6, Epoch 20/20 => Loss 0.401, Train_accy 87.83
2026-02-12 12:13:39,990 [trainer.py] => Training time: 0h 2m 35s
2026-02-12 12:13:46,885 [trainer.py] => Evaluation time: 0h 0m 6s
2026-02-12 12:13:46,886 [trainer.py] => Accuracy: {'total': 54.85, '00-19': 53.85, '20-39': 54.38, '40-59': 58.78, '60-79': 54.36, '80-99': 58.67, '100-119': 54.0, '120-139': 50.0, 'old': 55.56, 'new': 50.0}
2026-02-12 12:13:46,886 [trainer.py] => (curve) top1 Acc: [75.0, 66.77, 66.16, 62.48, 59.11, 58.46, 54.85]
2026-02-12 12:13:46,886 [trainer.py] => (curve) top1 Acc with task: [75.0, 76.9, 78.45, 78.96, 79.55, 79.54, 79.96]
2026-02-12 12:13:46,886 [trainer.py] => (curve) top1 Acc task: [1.0, 0.7784810126582279, 0.7543103448275862, 0.6949429037520392, 0.6500655307994757, 0.6355140186915887, 0.5956482320942883]
2026-02-12 12:13:46,886 [trainer.py] => ================================================================================
2026-02-12 12:13:46,886 [trainer.py] => ================================================================================
2026-02-12 12:13:46,887 [base.py] => Task 7 learning on class 140-160
2026-02-12 12:13:46,901 [toolkit.py] => Total params:     106,436,123
2026-02-12 12:13:46,901 [toolkit.py] => Trainable params: 199,700
2026-02-12 12:13:46,901 [toolkit.py] => Trainable ratio:  0.1876%
2026-02-12 12:16:27,645 [inflora.py] => Task 7, Epoch 20/20 => Loss 0.405, Train_accy 88.56
2026-02-12 12:16:36,480 [trainer.py] => Training time: 0h 2m 49s
2026-02-12 12:16:44,112 [trainer.py] => Evaluation time: 0h 0m 7s
2026-02-12 12:16:44,112 [trainer.py] => Accuracy: {'total': 52.06, '00-19': 53.21, '20-39': 52.5, '40-59': 57.43, '60-79': 54.36, '80-99': 56.67, '100-119': 55.0, '120-139': 45.71, '140-159': 40.99, 'old': 53.67, 'new': 40.99}
2026-02-12 12:16:44,113 [trainer.py] => (curve) top1 Acc: [75.0, 66.77, 66.16, 62.48, 59.11, 58.46, 54.85, 52.06]
2026-02-12 12:16:44,113 [trainer.py] => (curve) top1 Acc with task: [75.0, 76.9, 78.45, 78.96, 79.55, 79.54, 79.96, 81.17]
2026-02-12 12:16:44,113 [trainer.py] => (curve) top1 Acc task: [1.0, 0.7784810126582279, 0.7543103448275862, 0.6949429037520392, 0.6500655307994757, 0.6355140186915887, 0.5956482320942883, 0.5593354430379747]
2026-02-12 12:16:44,113 [trainer.py] => ================================================================================
2026-02-12 12:16:44,113 [trainer.py] => ================================================================================
2026-02-12 12:16:44,114 [base.py] => Task 8 learning on class 160-180
2026-02-12 12:16:44,128 [toolkit.py] => Total params:     106,436,123
2026-02-12 12:16:44,128 [toolkit.py] => Trainable params: 199,700
2026-02-12 12:16:44,128 [toolkit.py] => Trainable ratio:  0.1876%
2026-02-12 12:18:44,397 [inflora.py] => Task 8, Epoch 20/20 => Loss 0.576, Train_accy 83.92
2026-02-12 12:18:52,372 [trainer.py] => Training time: 0h 2m 8s
2026-02-12 12:19:00,466 [trainer.py] => Evaluation time: 0h 0m 8s
2026-02-12 12:19:00,467 [trainer.py] => Accuracy: {'total': 50.29, '00-19': 52.56, '20-39': 50.62, '40-59': 58.78, '60-79': 55.7, '80-99': 55.33, '100-119': 56.0, '120-139': 42.86, '140-159': 37.89, '160-179': 37.74, 'old': 51.34, 'new': 37.74}
2026-02-12 12:19:00,467 [trainer.py] => (curve) top1 Acc: [75.0, 66.77, 66.16, 62.48, 59.11, 58.46, 54.85, 52.06, 50.29]
2026-02-12 12:19:00,467 [trainer.py] => (curve) top1 Acc with task: [75.0, 76.9, 78.45, 78.96, 79.55, 79.54, 79.96, 81.17, 80.95]
2026-02-12 12:19:00,467 [trainer.py] => (curve) top1 Acc task: [1.0, 0.7784810126582279, 0.7543103448275862, 0.6949429037520392, 0.6500655307994757, 0.6355140186915887, 0.5956482320942883, 0.5593354430379747, 0.5386861313868613]
2026-02-12 12:19:00,467 [trainer.py] => ================================================================================
2026-02-12 12:19:00,467 [trainer.py] => ================================================================================
2026-02-12 12:19:00,468 [base.py] => Task 9 learning on class 180-200
2026-02-12 12:19:00,482 [toolkit.py] => Total params:     106,436,123
2026-02-12 12:19:00,482 [toolkit.py] => Trainable params: 199,700
2026-02-12 12:19:00,483 [toolkit.py] => Trainable ratio:  0.1876%
2026-02-12 12:21:18,499 [inflora.py] => Task 9, Epoch 20/20 => Loss 0.565, Train_accy 82.43
2026-02-12 12:21:27,428 [trainer.py] => Training time: 0h 2m 26s
2026-02-12 12:21:36,161 [trainer.py] => Evaluation time: 0h 0m 8s
2026-02-12 12:21:36,161 [trainer.py] => Accuracy: {'total': 48.33, '00-19': 51.92, '20-39': 49.38, '40-59': 59.46, '60-79': 54.36, '80-99': 54.67, '100-119': 55.5, '120-139': 39.29, '140-159': 37.89, '160-179': 33.96, '180-199': 39.23, 'old': 49.2, 'new': 39.23}
2026-02-12 12:21:36,161 [trainer.py] => (curve) top1 Acc: [75.0, 66.77, 66.16, 62.48, 59.11, 58.46, 54.85, 52.06, 50.29, 48.33]
2026-02-12 12:21:36,161 [trainer.py] => (curve) top1 Acc with task: [75.0, 76.9, 78.45, 78.96, 79.55, 79.54, 79.96, 81.17, 80.95, 80.27]
2026-02-12 12:21:36,161 [trainer.py] => (curve) top1 Acc task: [1.0, 0.7784810126582279, 0.7543103448275862, 0.6949429037520392, 0.6500655307994757, 0.6355140186915887, 0.5956482320942883, 0.5593354430379747, 0.5386861313868613, 0.5126666666666667]
2026-02-12 12:21:36,161 [trainer.py] => ================================================================================
