2026-02-17 13:06:51,077 [toolkit.py] => config: configs/baseline/domain.json
2026-02-17 13:06:51,077 [toolkit.py] => device: [device(type='cuda', index=1)]
2026-02-17 13:06:51,077 [toolkit.py] => debug: False
2026-02-17 13:06:51,077 [toolkit.py] => save_ckp: False
2026-02-17 13:06:51,077 [toolkit.py] => seed: 0
2026-02-17 13:06:51,077 [toolkit.py] => dataset: domainnet
2026-02-17 13:06:51,077 [toolkit.py] => data_path: data/DomainNet
2026-02-17 13:06:51,077 [toolkit.py] => load: vit_base_patch16_224_in21k
2026-02-17 13:06:51,078 [toolkit.py] => init_cls: 69
2026-02-17 13:06:51,078 [toolkit.py] => increment: 69
2026-02-17 13:06:51,078 [toolkit.py] => sessions: 5
2026-02-17 13:06:51,078 [toolkit.py] => shuffle: False
2026-02-17 13:06:51,078 [toolkit.py] => method: baseline
2026-02-17 13:06:51,078 [toolkit.py] => optimizer: adam
2026-02-17 13:06:51,078 [toolkit.py] => scheduler: cosine
2026-02-17 13:06:51,078 [toolkit.py] => epochs: 5
2026-02-17 13:06:51,078 [toolkit.py] => lrate: 0.0005
2026-02-17 13:06:51,078 [toolkit.py] => fc_lrate: 0.005
2026-02-17 13:06:51,078 [toolkit.py] => weight_decay: 0.0
2026-02-17 13:06:51,078 [toolkit.py] => batch_size: 128
2026-02-17 13:06:51,078 [toolkit.py] => rank: 30
2026-02-17 13:06:51,078 [toolkit.py] => num_workers: 16
2026-02-17 13:06:51,078 [toolkit.py] => logdir: logs/baseline/domainnet/t5
2026-02-17 13:06:51,078 [toolkit.py] => logfilename: logs/baseline/domainnet/t5/seed0
2026-02-17 13:06:51,395 [data_manager.py] => Class index order: 0, 1, 2, 3, 4, ..., 340, 341, 342, 343, 344
2026-02-17 13:06:57,722 [trainer.py] => ================================================================================
2026-02-17 13:06:57,768 [base.py] => Task 0 learning on class 0-69
2026-02-17 13:07:01,785 [toolkit.py] => Total params:     105,073,068
2026-02-17 13:07:01,786 [toolkit.py] => Trainable params: 1,158,981
2026-02-17 13:07:01,786 [toolkit.py] => Trainable ratio:  1.1030%
2026-02-17 14:03:48,703 [baseline.py] => Task 0, Epoch 5/5 => Loss 0.480, Train_accy 87.44
2026-02-17 14:03:48,704 [trainer.py] => Training time: 0h 56m 50s
2026-02-17 14:05:05,194 [trainer.py] => Evaluation time: 0h 1m 16s
2026-02-17 14:05:05,197 [trainer.py] => Accuracy: {'total': 88.04, '00-68': 88.04, 'old': 0, 'new': 88.04}
2026-02-17 14:05:05,197 [trainer.py] => (curve) top1 Acc: [88.04]
2026-02-17 14:05:05,197 [trainer.py] => (curve) top1 Acc with task: [88.04]
2026-02-17 14:05:05,197 [trainer.py] => (curve) top1 Acc task: [1.0]
2026-02-17 14:05:05,197 [trainer.py] => ================================================================================
2026-02-17 14:05:05,197 [trainer.py] => ================================================================================
2026-02-17 14:05:05,262 [base.py] => Task 1 learning on class 69-138
2026-02-17 14:05:05,267 [toolkit.py] => Total params:     105,073,068
2026-02-17 14:05:05,267 [toolkit.py] => Trainable params: 1,158,981
2026-02-17 14:05:05,267 [toolkit.py] => Trainable ratio:  1.1030%
2026-02-17 15:00:04,563 [baseline.py] => Task 1, Epoch 5/5 => Loss 0.501, Train_accy 87.02
2026-02-17 15:00:04,565 [trainer.py] => Training time: 0h 54m 59s
2026-02-17 15:02:33,144 [trainer.py] => Evaluation time: 0h 2m 28s
2026-02-17 15:02:33,147 [trainer.py] => Accuracy: {'total': 81.88, '00-68': 78.3, '69-137': 85.59, 'old': 78.3, 'new': 85.59}
2026-02-17 15:02:33,147 [trainer.py] => (curve) top1 Acc: [88.04, 81.88]
2026-02-17 15:02:33,147 [trainer.py] => (curve) top1 Acc with task: [88.04, 87.68]
2026-02-17 15:02:33,147 [trainer.py] => (curve) top1 Acc task: [1.0, 0.88919509930204]
2026-02-17 15:02:33,147 [trainer.py] => ================================================================================
2026-02-17 15:02:33,147 [trainer.py] => ================================================================================
2026-02-17 15:02:33,213 [base.py] => Task 2 learning on class 138-207
2026-02-17 15:02:33,218 [toolkit.py] => Total params:     105,073,068
2026-02-17 15:02:33,218 [toolkit.py] => Trainable params: 1,158,981
2026-02-17 15:02:33,218 [toolkit.py] => Trainable ratio:  1.1030%
2026-02-17 16:01:53,490 [baseline.py] => Task 2, Epoch 5/5 => Loss 0.557, Train_accy 85.36
2026-02-17 16:01:53,491 [trainer.py] => Training time: 0h 59m 20s
2026-02-17 16:05:40,028 [trainer.py] => Evaluation time: 0h 3m 46s
2026-02-17 16:05:40,032 [trainer.py] => Accuracy: {'total': 76.43, '00-68': 68.68, '69-137': 78.64, '138-206': 81.82, 'old': 73.56, 'new': 81.82}
2026-02-17 16:05:40,033 [trainer.py] => (curve) top1 Acc: [88.04, 81.88, 76.43]
2026-02-17 16:05:40,033 [trainer.py] => (curve) top1 Acc with task: [88.04, 87.68, 86.16]
2026-02-17 16:05:40,033 [trainer.py] => (curve) top1 Acc task: [1.0, 0.88919509930204, 0.8225699198122433]
2026-02-17 16:05:40,033 [trainer.py] => ================================================================================
2026-02-17 16:05:40,033 [trainer.py] => ================================================================================
2026-02-17 16:05:40,100 [base.py] => Task 3 learning on class 207-276
2026-02-17 16:05:40,105 [toolkit.py] => Total params:     105,073,068
2026-02-17 16:05:40,105 [toolkit.py] => Trainable params: 1,158,981
2026-02-17 16:05:40,105 [toolkit.py] => Trainable ratio:  1.1030%
2026-02-17 17:03:22,914 [baseline.py] => Task 3, Epoch 5/5 => Loss 0.536, Train_accy 85.83
2026-02-17 17:03:22,915 [trainer.py] => Training time: 0h 57m 42s
2026-02-17 17:08:25,566 [trainer.py] => Evaluation time: 0h 5m 2s
2026-02-17 17:08:25,569 [trainer.py] => Accuracy: {'total': 72.2, '00-68': 61.23, '69-137': 72.05, '138-206': 75.19, '207-275': 80.27, 'old': 69.54, 'new': 80.27}
2026-02-17 17:08:25,570 [trainer.py] => (curve) top1 Acc: [88.04, 81.88, 76.43, 72.2]
2026-02-17 17:08:25,570 [trainer.py] => (curve) top1 Acc with task: [88.04, 87.68, 86.16, 84.9]
2026-02-17 17:08:25,570 [trainer.py] => (curve) top1 Acc task: [1.0, 0.88919509930204, 0.8225699198122433, 0.7742528803284237]
2026-02-17 17:08:25,570 [trainer.py] => ================================================================================
2026-02-17 17:08:25,570 [trainer.py] => ================================================================================
2026-02-17 17:08:25,636 [base.py] => Task 4 learning on class 276-345
2026-02-17 17:08:25,642 [toolkit.py] => Total params:     105,073,068
2026-02-17 17:08:25,642 [toolkit.py] => Trainable params: 1,158,981
2026-02-17 17:08:25,642 [toolkit.py] => Trainable ratio:  1.1030%
2026-02-17 18:05:00,131 [baseline.py] => Task 4, Epoch 5/5 => Loss 0.551, Train_accy 85.58
2026-02-17 18:05:00,132 [trainer.py] => Training time: 0h 56m 34s
2026-02-17 18:11:12,967 [trainer.py] => Evaluation time: 0h 6m 12s
2026-02-17 18:11:12,970 [trainer.py] => Accuracy: {'total': 67.6, '00-68': 54.71, '69-137': 64.0, '138-206': 68.87, '207-275': 72.38, '276-344': 78.05, 'old': 65.02, 'new': 78.05}
2026-02-17 18:11:12,970 [trainer.py] => (curve) top1 Acc: [88.04, 81.88, 76.43, 72.2, 67.6]
2026-02-17 18:11:12,970 [trainer.py] => (curve) top1 Acc with task: [88.04, 87.68, 86.16, 84.9, 83.56]
2026-02-17 18:11:12,970 [trainer.py] => (curve) top1 Acc task: [1.0, 0.88919509930204, 0.8225699198122433, 0.7742528803284237, 0.7215886283676891]
2026-02-17 18:11:12,971 [trainer.py] => ================================================================================
